{"D:\\GusTest\\guscha_django_frontend\\src\\App.js": {"path":"D:\\GusTest\\guscha_django_frontend\\src\\App.js","statementMap":{"0":{"start":{"line":14,"column":16},"end":{"line":14,"column":58}},"1":{"start":{"line":14,"column":27},"end":{"line":14,"column":57}},"2":{"start":{"line":15,"column":26},"end":{"line":15,"column":73}},"3":{"start":{"line":15,"column":37},"end":{"line":15,"column":72}},"4":{"start":{"line":16,"column":27},"end":{"line":16,"column":75}},"5":{"start":{"line":16,"column":38},"end":{"line":16,"column":74}},"6":{"start":{"line":17,"column":21},"end":{"line":17,"column":63}},"7":{"start":{"line":17,"column":32},"end":{"line":17,"column":62}},"8":{"start":{"line":18,"column":30},"end":{"line":18,"column":81}},"9":{"start":{"line":18,"column":41},"end":{"line":18,"column":80}},"10":{"start":{"line":19,"column":22},"end":{"line":19,"column":65}},"11":{"start":{"line":19,"column":33},"end":{"line":19,"column":64}},"12":{"start":{"line":20,"column":24},"end":{"line":20,"column":69}},"13":{"start":{"line":20,"column":35},"end":{"line":20,"column":68}},"14":{"start":{"line":21,"column":29},"end":{"line":21,"column":79}},"15":{"start":{"line":21,"column":40},"end":{"line":21,"column":78}},"16":{"start":{"line":22,"column":29},"end":{"line":22,"column":84}},"17":{"start":{"line":22,"column":40},"end":{"line":22,"column":83}},"18":{"start":{"line":23,"column":28},"end":{"line":23,"column":82}},"19":{"start":{"line":23,"column":39},"end":{"line":23,"column":81}},"20":{"start":{"line":26,"column":2},"end":{"line":26,"column":42}},"21":{"start":{"line":27,"column":19},"end":{"line":27,"column":32}},"22":{"start":{"line":28,"column":17},"end":{"line":28,"column":42}},"23":{"start":{"line":29,"column":2},"end":{"line":29,"column":68}},"24":{"start":{"line":30,"column":20},"end":{"line":30,"column":60}},"25":{"start":{"line":30,"column":44},"end":{"line":30,"column":59}},"26":{"start":{"line":31,"column":18},"end":{"line":31,"column":30}},"27":{"start":{"line":32,"column":50},"end":{"line":32,"column":65}},"28":{"start":{"line":35,"column":22},"end":{"line":35,"column":31}},"29":{"start":{"line":38,"column":2},"end":{"line":41,"column":18}},"30":{"start":{"line":39,"column":4},"end":{"line":39,"column":53}},"31":{"start":{"line":40,"column":4},"end":{"line":40,"column":16}},"32":{"start":{"line":44,"column":2},"end":{"line":57,"column":9}},"33":{"start":{"line":47,"column":4},"end":{"line":49,"column":5}},"34":{"start":{"line":48,"column":6},"end":{"line":48,"column":39}},"35":{"start":{"line":52,"column":4},"end":{"line":56,"column":6}},"36":{"start":{"line":53,"column":6},"end":{"line":55,"column":7}},"37":{"start":{"line":54,"column":8},"end":{"line":54,"column":41}},"38":{"start":{"line":76,"column":2},"end":{"line":107,"column":4}},"39":{"start":{"line":111,"column":2},"end":{"line":115,"column":4}}},"fnMap":{"0":{"name":"(anonymous_0)","decl":{"start":{"line":14,"column":21},"end":{"line":14,"column":22}},"loc":{"start":{"line":14,"column":27},"end":{"line":14,"column":57}},"line":14},"1":{"name":"(anonymous_1)","decl":{"start":{"line":15,"column":31},"end":{"line":15,"column":32}},"loc":{"start":{"line":15,"column":37},"end":{"line":15,"column":72}},"line":15},"2":{"name":"(anonymous_2)","decl":{"start":{"line":16,"column":32},"end":{"line":16,"column":33}},"loc":{"start":{"line":16,"column":38},"end":{"line":16,"column":74}},"line":16},"3":{"name":"(anonymous_3)","decl":{"start":{"line":17,"column":26},"end":{"line":17,"column":27}},"loc":{"start":{"line":17,"column":32},"end":{"line":17,"column":62}},"line":17},"4":{"name":"(anonymous_4)","decl":{"start":{"line":18,"column":35},"end":{"line":18,"column":36}},"loc":{"start":{"line":18,"column":41},"end":{"line":18,"column":80}},"line":18},"5":{"name":"(anonymous_5)","decl":{"start":{"line":19,"column":27},"end":{"line":19,"column":28}},"loc":{"start":{"line":19,"column":33},"end":{"line":19,"column":64}},"line":19},"6":{"name":"(anonymous_6)","decl":{"start":{"line":20,"column":29},"end":{"line":20,"column":30}},"loc":{"start":{"line":20,"column":35},"end":{"line":20,"column":68}},"line":20},"7":{"name":"(anonymous_7)","decl":{"start":{"line":21,"column":34},"end":{"line":21,"column":35}},"loc":{"start":{"line":21,"column":40},"end":{"line":21,"column":78}},"line":21},"8":{"name":"(anonymous_8)","decl":{"start":{"line":22,"column":34},"end":{"line":22,"column":35}},"loc":{"start":{"line":22,"column":40},"end":{"line":22,"column":83}},"line":22},"9":{"name":"(anonymous_9)","decl":{"start":{"line":23,"column":33},"end":{"line":23,"column":34}},"loc":{"start":{"line":23,"column":39},"end":{"line":23,"column":81}},"line":23},"10":{"name":"AppContent","decl":{"start":{"line":25,"column":9},"end":{"line":25,"column":19}},"loc":{"start":{"line":25,"column":22},"end":{"line":108,"column":1}},"line":25},"11":{"name":"(anonymous_11)","decl":{"start":{"line":30,"column":33},"end":{"line":30,"column":34}},"loc":{"start":{"line":30,"column":44},"end":{"line":30,"column":59}},"line":30},"12":{"name":"(anonymous_12)","decl":{"start":{"line":38,"column":12},"end":{"line":38,"column":13}},"loc":{"start":{"line":38,"column":18},"end":{"line":41,"column":3}},"line":38},"13":{"name":"(anonymous_13)","decl":{"start":{"line":44,"column":12},"end":{"line":44,"column":13}},"loc":{"start":{"line":44,"column":18},"end":{"line":57,"column":3}},"line":44},"14":{"name":"(anonymous_14)","decl":{"start":{"line":52,"column":11},"end":{"line":52,"column":12}},"loc":{"start":{"line":52,"column":17},"end":{"line":56,"column":5}},"line":52},"15":{"name":"App","decl":{"start":{"line":110,"column":24},"end":{"line":110,"column":27}},"loc":{"start":{"line":110,"column":30},"end":{"line":116,"column":1}},"line":110}},"branchMap":{"0":{"loc":{"start":{"line":47,"column":4},"end":{"line":49,"column":5}},"type":"if","locations":[{"start":{"line":47,"column":4},"end":{"line":49,"column":5}},{"start":{},"end":{}}],"line":47},"1":{"loc":{"start":{"line":47,"column":8},"end":{"line":47,"column":64}},"type":"binary-expr","locations":[{"start":{"line":47,"column":8},"end":{"line":47,"column":30}},{"start":{"line":47,"column":34},"end":{"line":47,"column":64}}],"line":47},"2":{"loc":{"start":{"line":53,"column":6},"end":{"line":55,"column":7}},"type":"if","locations":[{"start":{"line":53,"column":6},"end":{"line":55,"column":7}},{"start":{},"end":{}}],"line":53},"3":{"loc":{"start":{"line":53,"column":10},"end":{"line":53,"column":66}},"type":"binary-expr","locations":[{"start":{"line":53,"column":10},"end":{"line":53,"column":32}},{"start":{"line":53,"column":36},"end":{"line":53,"column":66}}],"line":53},"4":{"loc":{"start":{"line":81,"column":20},"end":{"line":81,"column":54}},"type":"cond-expr","locations":[{"start":{"line":81,"column":29},"end":{"line":81,"column":42}},{"start":{"line":81,"column":45},"end":{"line":81,"column":54}}],"line":81},"5":{"loc":{"start":{"line":102,"column":9},"end":{"line":102,"column":29}},"type":"binary-expr","locations":[{"start":{"line":102,"column":9},"end":{"line":102,"column":15}},{"start":{"line":102,"column":19},"end":{"line":102,"column":29}}],"line":102}},"s":{"0":0,"1":0,"2":0,"3":0,"4":0,"5":0,"6":0,"7":0,"8":0,"9":0,"10":0,"11":0,"12":0,"13":0,"14":0,"15":0,"16":0,"17":0,"18":0,"19":0,"20":0,"21":0,"22":0,"23":0,"24":0,"25":0,"26":0,"27":0,"28":0,"29":0,"30":0,"31":0,"32":0,"33":0,"34":0,"35":0,"36":0,"37":0,"38":0,"39":0},"f":{"0":0,"1":0,"2":0,"3":0,"4":0,"5":0,"6":0,"7":0,"8":0,"9":0,"10":0,"11":0,"12":0,"13":0,"14":0,"15":0},"b":{"0":[0,0],"1":[0,0],"2":[0,0],"3":[0,0],"4":[0,0],"5":[0,0]}}
,"D:\\GusTest\\guscha_django_frontend\\src\\BurgerMenu.jsx": {"path":"D:\\GusTest\\guscha_django_frontend\\src\\BurgerMenu.jsx","statementMap":{"0":{"start":{"line":6,"column":19},"end":{"line":206,"column":1}},"1":{"start":{"line":12,"column":42},"end":{"line":12,"column":57}},"2":{"start":{"line":13,"column":30},"end":{"line":13,"column":46}},"3":{"start":{"line":14,"column":32},"end":{"line":14,"column":48}},"4":{"start":{"line":16,"column":23},"end":{"line":16,"column":93}},"5":{"start":{"line":17,"column":17},"end":{"line":17,"column":76}},"6":{"start":{"line":19,"column":21},"end":{"line":25,"column":35}},"7":{"start":{"line":20,"column":4},"end":{"line":24,"column":5}},"8":{"start":{"line":21,"column":6},"end":{"line":21,"column":37}},"9":{"start":{"line":21,"column":30},"end":{"line":21,"column":35}},"10":{"start":{"line":23,"column":6},"end":{"line":23,"column":39}},"11":{"start":{"line":23,"column":32},"end":{"line":23,"column":37}},"12":{"start":{"line":27,"column":20},"end":{"line":33,"column":35}},"13":{"start":{"line":28,"column":4},"end":{"line":32,"column":5}},"14":{"start":{"line":29,"column":6},"end":{"line":29,"column":27}},"15":{"start":{"line":31,"column":6},"end":{"line":31,"column":29}},"16":{"start":{"line":36,"column":2},"end":{"line":44,"column":15}},"17":{"start":{"line":37,"column":4},"end":{"line":40,"column":5}},"18":{"start":{"line":38,"column":6},"end":{"line":39,"column":57}},"19":{"start":{"line":38,"column":18},"end":{"line":38,"column":61}},"20":{"start":{"line":39,"column":11},"end":{"line":39,"column":57}},"21":{"start":{"line":41,"column":4},"end":{"line":43,"column":6}},"22":{"start":{"line":42,"column":6},"end":{"line":42,"column":89}},"23":{"start":{"line":42,"column":43},"end":{"line":42,"column":89}},"24":{"start":{"line":47,"column":2},"end":{"line":53,"column":26}},"25":{"start":{"line":48,"column":25},"end":{"line":50,"column":5}},"26":{"start":{"line":49,"column":6},"end":{"line":49,"column":52}},"27":{"start":{"line":49,"column":40},"end":{"line":49,"column":52}},"28":{"start":{"line":51,"column":4},"end":{"line":51,"column":67}},"29":{"start":{"line":51,"column":16},"end":{"line":51,"column":67}},"30":{"start":{"line":52,"column":4},"end":{"line":52,"column":71}},"31":{"start":{"line":52,"column":17},"end":{"line":52,"column":70}},"32":{"start":{"line":56,"column":2},"end":{"line":109,"column":9}},"33":{"start":{"line":57,"column":25},"end":{"line":77,"column":5}},"34":{"start":{"line":58,"column":21},"end":{"line":58,"column":64}},"35":{"start":{"line":60,"column":6},"end":{"line":63,"column":7}},"36":{"start":{"line":62,"column":8},"end":{"line":62,"column":15}},"37":{"start":{"line":65,"column":25},"end":{"line":65,"column":63}},"38":{"start":{"line":66,"column":6},"end":{"line":76,"column":7}},"39":{"start":{"line":67,"column":21},"end":{"line":67,"column":55}},"40":{"start":{"line":68,"column":26},"end":{"line":68,"column":28}},"41":{"start":{"line":69,"column":20},"end":{"line":69,"column":62}},"42":{"start":{"line":70,"column":21},"end":{"line":70,"column":34}},"43":{"start":{"line":71,"column":8},"end":{"line":71,"column":43}},"44":{"start":{"line":72,"column":8},"end":{"line":72,"column":45}},"45":{"start":{"line":74,"column":8},"end":{"line":74,"column":26}},"46":{"start":{"line":75,"column":8},"end":{"line":75,"column":27}},"47":{"start":{"line":79,"column":4},"end":{"line":79,"column":19}},"48":{"start":{"line":80,"column":4},"end":{"line":80,"column":52}},"49":{"start":{"line":82,"column":19},"end":{"line":82,"column":62}},"50":{"start":{"line":83,"column":19},"end":{"line":83,"column":23}},"51":{"start":{"line":84,"column":24},"end":{"line":84,"column":28}},"52":{"start":{"line":86,"column":4},"end":{"line":102,"column":5}},"53":{"start":{"line":87,"column":6},"end":{"line":100,"column":9}},"54":{"start":{"line":89,"column":36},"end":{"line":93,"column":10}},"55":{"start":{"line":90,"column":25},"end":{"line":90,"column":40}},"56":{"start":{"line":91,"column":10},"end":{"line":92,"column":61}},"57":{"start":{"line":95,"column":8},"end":{"line":99,"column":9}},"58":{"start":{"line":97,"column":10},"end":{"line":97,"column":38}},"59":{"start":{"line":98,"column":10},"end":{"line":98,"column":56}},"60":{"start":{"line":101,"column":6},"end":{"line":101,"column":81}},"61":{"start":{"line":104,"column":4},"end":{"line":108,"column":6}},"62":{"start":{"line":105,"column":6},"end":{"line":105,"column":57}},"63":{"start":{"line":106,"column":6},"end":{"line":106,"column":42}},"64":{"start":{"line":106,"column":20},"end":{"line":106,"column":42}},"65":{"start":{"line":107,"column":6},"end":{"line":107,"column":53}},"66":{"start":{"line":107,"column":25},"end":{"line":107,"column":53}},"67":{"start":{"line":112,"column":26},"end":{"line":116,"column":3}},"68":{"start":{"line":113,"column":20},"end":{"line":113,"column":54}},"69":{"start":{"line":114,"column":4},"end":{"line":114,"column":80}},"70":{"start":{"line":114,"column":17},"end":{"line":114,"column":80}},"71":{"start":{"line":115,"column":4},"end":{"line":115,"column":16}},"72":{"start":{"line":118,"column":19},"end":{"line":118,"column":69}},"73":{"start":{"line":119,"column":21},"end":{"line":119,"column":71}},"74":{"start":{"line":123,"column":4},"end":{"line":190,"column":10}},"75":{"start":{"line":159,"column":10},"end":{"line":159,"column":62}},"76":{"start":{"line":159,"column":50},"end":{"line":159,"column":62}},"77":{"start":{"line":169,"column":24},"end":{"line":169,"column":43}},"78":{"start":{"line":182,"column":63},"end":{"line":182,"column":92}},"79":{"start":{"line":185,"column":63},"end":{"line":185,"column":90}},"80":{"start":{"line":194,"column":2},"end":{"line":205,"column":4}}},"fnMap":{"0":{"name":"(anonymous_0)","decl":{"start":{"line":6,"column":19},"end":{"line":6,"column":20}},"loc":{"start":{"line":11,"column":6},"end":{"line":206,"column":1}},"line":11},"1":{"name":"(anonymous_1)","decl":{"start":{"line":19,"column":33},"end":{"line":19,"column":34}},"loc":{"start":{"line":19,"column":39},"end":{"line":25,"column":3}},"line":19},"2":{"name":"(anonymous_2)","decl":{"start":{"line":21,"column":20},"end":{"line":21,"column":21}},"loc":{"start":{"line":21,"column":30},"end":{"line":21,"column":35}},"line":21},"3":{"name":"(anonymous_3)","decl":{"start":{"line":23,"column":22},"end":{"line":23,"column":23}},"loc":{"start":{"line":23,"column":32},"end":{"line":23,"column":37}},"line":23},"4":{"name":"(anonymous_4)","decl":{"start":{"line":27,"column":32},"end":{"line":27,"column":33}},"loc":{"start":{"line":27,"column":38},"end":{"line":33,"column":3}},"line":27},"5":{"name":"(anonymous_5)","decl":{"start":{"line":36,"column":12},"end":{"line":36,"column":13}},"loc":{"start":{"line":36,"column":18},"end":{"line":44,"column":3}},"line":36},"6":{"name":"(anonymous_6)","decl":{"start":{"line":41,"column":11},"end":{"line":41,"column":12}},"loc":{"start":{"line":41,"column":17},"end":{"line":43,"column":5}},"line":41},"7":{"name":"(anonymous_7)","decl":{"start":{"line":47,"column":12},"end":{"line":47,"column":13}},"loc":{"start":{"line":47,"column":18},"end":{"line":53,"column":3}},"line":47},"8":{"name":"(anonymous_8)","decl":{"start":{"line":48,"column":25},"end":{"line":48,"column":26}},"loc":{"start":{"line":48,"column":32},"end":{"line":50,"column":5}},"line":48},"9":{"name":"(anonymous_9)","decl":{"start":{"line":52,"column":11},"end":{"line":52,"column":12}},"loc":{"start":{"line":52,"column":17},"end":{"line":52,"column":70}},"line":52},"10":{"name":"(anonymous_10)","decl":{"start":{"line":56,"column":12},"end":{"line":56,"column":13}},"loc":{"start":{"line":56,"column":18},"end":{"line":109,"column":3}},"line":56},"11":{"name":"(anonymous_11)","decl":{"start":{"line":57,"column":25},"end":{"line":57,"column":26}},"loc":{"start":{"line":57,"column":31},"end":{"line":77,"column":5}},"line":57},"12":{"name":"(anonymous_12)","decl":{"start":{"line":87,"column":38},"end":{"line":87,"column":39}},"loc":{"start":{"line":87,"column":53},"end":{"line":100,"column":7}},"line":87},"13":{"name":"(anonymous_13)","decl":{"start":{"line":89,"column":51},"end":{"line":89,"column":52}},"loc":{"start":{"line":89,"column":63},"end":{"line":93,"column":9}},"line":89},"14":{"name":"(anonymous_14)","decl":{"start":{"line":104,"column":11},"end":{"line":104,"column":12}},"loc":{"start":{"line":104,"column":17},"end":{"line":108,"column":5}},"line":104},"15":{"name":"(anonymous_15)","decl":{"start":{"line":112,"column":26},"end":{"line":112,"column":27}},"loc":{"start":{"line":112,"column":41},"end":{"line":116,"column":3}},"line":112},"16":{"name":"(anonymous_16)","decl":{"start":{"line":158,"column":19},"end":{"line":158,"column":20}},"loc":{"start":{"line":158,"column":26},"end":{"line":160,"column":9}},"line":158},"17":{"name":"(anonymous_17)","decl":{"start":{"line":169,"column":17},"end":{"line":169,"column":18}},"loc":{"start":{"line":169,"column":24},"end":{"line":169,"column":43}},"line":169},"18":{"name":"(anonymous_18)","decl":{"start":{"line":182,"column":57},"end":{"line":182,"column":58}},"loc":{"start":{"line":182,"column":63},"end":{"line":182,"column":92}},"line":182},"19":{"name":"(anonymous_19)","decl":{"start":{"line":185,"column":57},"end":{"line":185,"column":58}},"loc":{"start":{"line":185,"column":63},"end":{"line":185,"column":90}},"line":185}},"branchMap":{"0":{"loc":{"start":{"line":7,"column":2},"end":{"line":7,"column":15}},"type":"default-arg","locations":[{"start":{"line":7,"column":10},"end":{"line":7,"column":15}}],"line":7},"1":{"loc":{"start":{"line":8,"column":2},"end":{"line":8,"column":25}},"type":"default-arg","locations":[{"start":{"line":8,"column":21},"end":{"line":8,"column":25}}],"line":8},"2":{"loc":{"start":{"line":16,"column":23},"end":{"line":16,"column":93}},"type":"binary-expr","locations":[{"start":{"line":16,"column":23},"end":{"line":16,"column":54}},{"start":{"line":16,"column":58},"end":{"line":16,"column":93}}],"line":16},"3":{"loc":{"start":{"line":17,"column":17},"end":{"line":17,"column":76}},"type":"cond-expr","locations":[{"start":{"line":17,"column":51},"end":{"line":17,"column":61}},{"start":{"line":17,"column":64},"end":{"line":17,"column":76}}],"line":17},"4":{"loc":{"start":{"line":20,"column":4},"end":{"line":24,"column":5}},"type":"if","locations":[{"start":{"line":20,"column":4},"end":{"line":24,"column":5}},{"start":{"line":22,"column":11},"end":{"line":24,"column":5}}],"line":20},"5":{"loc":{"start":{"line":28,"column":4},"end":{"line":32,"column":5}},"type":"if","locations":[{"start":{"line":28,"column":4},"end":{"line":32,"column":5}},{"start":{"line":30,"column":11},"end":{"line":32,"column":5}}],"line":28},"6":{"loc":{"start":{"line":37,"column":4},"end":{"line":40,"column":5}},"type":"if","locations":[{"start":{"line":37,"column":4},"end":{"line":40,"column":5}},{"start":{},"end":{}}],"line":37},"7":{"loc":{"start":{"line":38,"column":6},"end":{"line":39,"column":57}},"type":"if","locations":[{"start":{"line":38,"column":6},"end":{"line":39,"column":57}},{"start":{"line":39,"column":11},"end":{"line":39,"column":57}}],"line":38},"8":{"loc":{"start":{"line":42,"column":6},"end":{"line":42,"column":89}},"type":"if","locations":[{"start":{"line":42,"column":6},"end":{"line":42,"column":89}},{"start":{},"end":{}}],"line":42},"9":{"loc":{"start":{"line":49,"column":6},"end":{"line":49,"column":52}},"type":"if","locations":[{"start":{"line":49,"column":6},"end":{"line":49,"column":52}},{"start":{},"end":{}}],"line":49},"10":{"loc":{"start":{"line":49,"column":10},"end":{"line":49,"column":38}},"type":"binary-expr","locations":[{"start":{"line":49,"column":10},"end":{"line":49,"column":28}},{"start":{"line":49,"column":32},"end":{"line":49,"column":38}}],"line":49},"11":{"loc":{"start":{"line":51,"column":4},"end":{"line":51,"column":67}},"type":"if","locations":[{"start":{"line":51,"column":4},"end":{"line":51,"column":67}},{"start":{},"end":{}}],"line":51},"12":{"loc":{"start":{"line":60,"column":6},"end":{"line":63,"column":7}},"type":"if","locations":[{"start":{"line":60,"column":6},"end":{"line":63,"column":7}},{"start":{},"end":{}}],"line":60},"13":{"loc":{"start":{"line":60,"column":10},"end":{"line":61,"column":56}},"type":"binary-expr","locations":[{"start":{"line":60,"column":10},"end":{"line":60,"column":16}},{"start":{"line":60,"column":21},"end":{"line":60,"column":63}},{"start":{"line":61,"column":10},"end":{"line":61,"column":55}}],"line":60},"14":{"loc":{"start":{"line":66,"column":6},"end":{"line":76,"column":7}},"type":"if","locations":[{"start":{"line":66,"column":6},"end":{"line":76,"column":7}},{"start":{"line":73,"column":13},"end":{"line":76,"column":7}}],"line":66},"15":{"loc":{"start":{"line":86,"column":4},"end":{"line":102,"column":5}},"type":"if","locations":[{"start":{"line":86,"column":4},"end":{"line":102,"column":5}},{"start":{},"end":{}}],"line":86},"16":{"loc":{"start":{"line":86,"column":8},"end":{"line":86,"column":57}},"type":"binary-expr","locations":[{"start":{"line":86,"column":8},"end":{"line":86,"column":14}},{"start":{"line":86,"column":18},"end":{"line":86,"column":57}}],"line":86},"17":{"loc":{"start":{"line":91,"column":17},"end":{"line":92,"column":60}},"type":"binary-expr","locations":[{"start":{"line":91,"column":17},"end":{"line":91,"column":60}},{"start":{"line":92,"column":17},"end":{"line":92,"column":60}}],"line":91},"18":{"loc":{"start":{"line":95,"column":8},"end":{"line":99,"column":9}},"type":"if","locations":[{"start":{"line":95,"column":8},"end":{"line":99,"column":9}},{"start":{},"end":{}}],"line":95},"19":{"loc":{"start":{"line":106,"column":6},"end":{"line":106,"column":42}},"type":"if","locations":[{"start":{"line":106,"column":6},"end":{"line":106,"column":42}},{"start":{},"end":{}}],"line":106},"20":{"loc":{"start":{"line":107,"column":6},"end":{"line":107,"column":53}},"type":"if","locations":[{"start":{"line":107,"column":6},"end":{"line":107,"column":53}},{"start":{},"end":{}}],"line":107},"21":{"loc":{"start":{"line":114,"column":4},"end":{"line":114,"column":80}},"type":"if","locations":[{"start":{"line":114,"column":4},"end":{"line":114,"column":80}},{"start":{},"end":{}}],"line":114},"22":{"loc":{"start":{"line":118,"column":19},"end":{"line":118,"column":69}},"type":"cond-expr","locations":[{"start":{"line":118,"column":37},"end":{"line":118,"column":43}},{"start":{"line":118,"column":46},"end":{"line":118,"column":69}}],"line":118},"23":{"loc":{"start":{"line":118,"column":19},"end":{"line":118,"column":34}},"type":"binary-expr","locations":[{"start":{"line":118,"column":19},"end":{"line":118,"column":24}},{"start":{"line":118,"column":28},"end":{"line":118,"column":34}}],"line":118},"24":{"loc":{"start":{"line":118,"column":46},"end":{"line":118,"column":69}},"type":"cond-expr","locations":[{"start":{"line":118,"column":54},"end":{"line":118,"column":60}},{"start":{"line":118,"column":63},"end":{"line":118,"column":69}}],"line":118},"25":{"loc":{"start":{"line":119,"column":21},"end":{"line":119,"column":71}},"type":"cond-expr","locations":[{"start":{"line":119,"column":39},"end":{"line":119,"column":45}},{"start":{"line":119,"column":48},"end":{"line":119,"column":71}}],"line":119},"26":{"loc":{"start":{"line":119,"column":21},"end":{"line":119,"column":36}},"type":"binary-expr","locations":[{"start":{"line":119,"column":21},"end":{"line":119,"column":26}},{"start":{"line":119,"column":30},"end":{"line":119,"column":36}}],"line":119},"27":{"loc":{"start":{"line":119,"column":48},"end":{"line":119,"column":71}},"type":"cond-expr","locations":[{"start":{"line":119,"column":56},"end":{"line":119,"column":62}},{"start":{"line":119,"column":65},"end":{"line":119,"column":71}}],"line":119},"28":{"loc":{"start":{"line":126,"column":45},"end":{"line":126,"column":65}},"type":"cond-expr","locations":[{"start":{"line":126,"column":54},"end":{"line":126,"column":60}},{"start":{"line":126,"column":63},"end":{"line":126,"column":65}}],"line":126},"29":{"loc":{"start":{"line":129,"column":20},"end":{"line":129,"column":60}},"type":"cond-expr","locations":[{"start":{"line":129,"column":29},"end":{"line":129,"column":43}},{"start":{"line":129,"column":46},"end":{"line":129,"column":60}}],"line":129},"30":{"loc":{"start":{"line":141,"column":12},"end":{"line":141,"column":88}},"type":"cond-expr","locations":[{"start":{"line":141,"column":31},"end":{"line":141,"column":59}},{"start":{"line":141,"column":62},"end":{"line":141,"column":88}}],"line":141},"31":{"loc":{"start":{"line":156,"column":37},"end":{"line":156,"column":57}},"type":"cond-expr","locations":[{"start":{"line":156,"column":46},"end":{"line":156,"column":52}},{"start":{"line":156,"column":55},"end":{"line":156,"column":57}}],"line":156},"32":{"loc":{"start":{"line":159,"column":10},"end":{"line":159,"column":62}},"type":"if","locations":[{"start":{"line":159,"column":10},"end":{"line":159,"column":62}},{"start":{},"end":{}}],"line":159},"33":{"loc":{"start":{"line":159,"column":14},"end":{"line":159,"column":48}},"type":"binary-expr","locations":[{"start":{"line":159,"column":14},"end":{"line":159,"column":27}},{"start":{"line":159,"column":31},"end":{"line":159,"column":48}}],"line":159},"34":{"loc":{"start":{"line":162,"column":18},"end":{"line":162,"column":33}},"type":"cond-expr","locations":[{"start":{"line":162,"column":27},"end":{"line":162,"column":28}},{"start":{"line":162,"column":31},"end":{"line":162,"column":33}}],"line":162},"35":{"loc":{"start":{"line":168,"column":35},"end":{"line":168,"column":55}},"type":"cond-expr","locations":[{"start":{"line":168,"column":44},"end":{"line":168,"column":50}},{"start":{"line":168,"column":53},"end":{"line":168,"column":55}}],"line":168},"36":{"loc":{"start":{"line":201,"column":7},"end":{"line":203,"column":23}},"type":"cond-expr","locations":[{"start":{"line":202,"column":10},"end":{"line":202,"column":52}},{"start":{"line":203,"column":10},"end":{"line":203,"column":23}}],"line":201},"37":{"loc":{"start":{"line":201,"column":7},"end":{"line":201,"column":55}},"type":"binary-expr","locations":[{"start":{"line":201,"column":7},"end":{"line":201,"column":38}},{"start":{"line":201,"column":42},"end":{"line":201,"column":55}}],"line":201}},"s":{"0":0,"1":0,"2":0,"3":0,"4":0,"5":0,"6":0,"7":0,"8":0,"9":0,"10":0,"11":0,"12":0,"13":0,"14":0,"15":0,"16":0,"17":0,"18":0,"19":0,"20":0,"21":0,"22":0,"23":0,"24":0,"25":0,"26":0,"27":0,"28":0,"29":0,"30":0,"31":0,"32":0,"33":0,"34":0,"35":0,"36":0,"37":0,"38":0,"39":0,"40":0,"41":0,"42":0,"43":0,"44":0,"45":0,"46":0,"47":0,"48":0,"49":0,"50":0,"51":0,"52":0,"53":0,"54":0,"55":0,"56":0,"57":0,"58":0,"59":0,"60":0,"61":0,"62":0,"63":0,"64":0,"65":0,"66":0,"67":0,"68":0,"69":0,"70":0,"71":0,"72":0,"73":0,"74":0,"75":0,"76":0,"77":0,"78":0,"79":0,"80":0},"f":{"0":0,"1":0,"2":0,"3":0,"4":0,"5":0,"6":0,"7":0,"8":0,"9":0,"10":0,"11":0,"12":0,"13":0,"14":0,"15":0,"16":0,"17":0,"18":0,"19":0},"b":{"0":[0],"1":[0],"2":[0,0],"3":[0,0],"4":[0,0],"5":[0,0],"6":[0,0],"7":[0,0],"8":[0,0],"9":[0,0],"10":[0,0],"11":[0,0],"12":[0,0],"13":[0,0,0],"14":[0,0],"15":[0,0],"16":[0,0],"17":[0,0],"18":[0,0],"19":[0,0],"20":[0,0],"21":[0,0],"22":[0,0],"23":[0,0],"24":[0,0],"25":[0,0],"26":[0,0],"27":[0,0],"28":[0,0],"29":[0,0],"30":[0,0],"31":[0,0],"32":[0,0],"33":[0,0],"34":[0,0],"35":[0,0],"36":[0,0],"37":[0,0]}}
,"D:\\GusTest\\guscha_django_frontend\\src\\HeroSection.jsx": {"path":"D:\\GusTest\\guscha_django_frontend\\src\\HeroSection.jsx","statementMap":{"0":{"start":{"line":8,"column":22},"end":{"line":13,"column":3}},"1":{"start":{"line":9,"column":15},"end":{"line":9,"column":50}},"2":{"start":{"line":10,"column":4},"end":{"line":12,"column":5}},"3":{"start":{"line":11,"column":6},"end":{"line":11,"column":48}},"4":{"start":{"line":16,"column":2},"end":{"line":33,"column":4}},"5":{"start":{"line":36,"column":20},"end":{"line":55,"column":1}},"6":{"start":{"line":37,"column":21},"end":{"line":37,"column":41}},"7":{"start":{"line":38,"column":25},"end":{"line":38,"column":50}},"8":{"start":{"line":41,"column":20},"end":{"line":41,"column":40}},"9":{"start":{"line":43,"column":2},"end":{"line":54,"column":4}}},"fnMap":{"0":{"name":"ScrollDownArrow","decl":{"start":{"line":7,"column":9},"end":{"line":7,"column":24}},"loc":{"start":{"line":7,"column":38},"end":{"line":34,"column":1}},"line":7},"1":{"name":"(anonymous_1)","decl":{"start":{"line":8,"column":22},"end":{"line":8,"column":23}},"loc":{"start":{"line":8,"column":28},"end":{"line":13,"column":3}},"line":8},"2":{"name":"(anonymous_2)","decl":{"start":{"line":36,"column":20},"end":{"line":36,"column":21}},"loc":{"start":{"line":36,"column":26},"end":{"line":55,"column":1}},"line":36}},"branchMap":{"0":{"loc":{"start":{"line":10,"column":4},"end":{"line":12,"column":5}},"type":"if","locations":[{"start":{"line":10,"column":4},"end":{"line":12,"column":5}},{"start":{},"end":{}}],"line":10},"1":{"loc":{"start":{"line":19,"column":38},"end":{"line":19,"column":68}},"type":"cond-expr","locations":[{"start":{"line":19,"column":48},"end":{"line":19,"column":57}},{"start":{"line":19,"column":60},"end":{"line":19,"column":68}}],"line":19}},"s":{"0":0,"1":0,"2":0,"3":0,"4":0,"5":0,"6":0,"7":0,"8":0,"9":0},"f":{"0":0,"1":0,"2":0},"b":{"0":[0,0],"1":[0,0]}}
,"D:\\GusTest\\guscha_django_frontend\\src\\index.js": {"path":"D:\\GusTest\\guscha_django_frontend\\src\\index.js","statementMap":{"0":{"start":{"line":7,"column":13},"end":{"line":7,"column":65}},"1":{"start":{"line":8,"column":0},"end":{"line":12,"column":2}},"2":{"start":{"line":17,"column":0},"end":{"line":17,"column":18}}},"fnMap":{},"branchMap":{},"s":{"0":0,"1":0,"2":0},"f":{},"b":{}}
,"D:\\GusTest\\guscha_django_frontend\\src\\reportWebVitals.js": {"path":"D:\\GusTest\\guscha_django_frontend\\src\\reportWebVitals.js","statementMap":{"0":{"start":{"line":1,"column":24},"end":{"line":11,"column":1}},"1":{"start":{"line":2,"column":2},"end":{"line":10,"column":3}},"2":{"start":{"line":3,"column":4},"end":{"line":9,"column":7}},"3":{"start":{"line":4,"column":6},"end":{"line":4,"column":26}},"4":{"start":{"line":5,"column":6},"end":{"line":5,"column":26}},"5":{"start":{"line":6,"column":6},"end":{"line":6,"column":26}},"6":{"start":{"line":7,"column":6},"end":{"line":7,"column":26}},"7":{"start":{"line":8,"column":6},"end":{"line":8,"column":27}}},"fnMap":{"0":{"name":"(anonymous_0)","decl":{"start":{"line":1,"column":24},"end":{"line":1,"column":25}},"loc":{"start":{"line":1,"column":39},"end":{"line":11,"column":1}},"line":1},"1":{"name":"(anonymous_1)","decl":{"start":{"line":3,"column":30},"end":{"line":3,"column":31}},"loc":{"start":{"line":3,"column":79},"end":{"line":9,"column":5}},"line":3}},"branchMap":{"0":{"loc":{"start":{"line":2,"column":2},"end":{"line":10,"column":3}},"type":"if","locations":[{"start":{"line":2,"column":2},"end":{"line":10,"column":3}},{"start":{},"end":{}}],"line":2},"1":{"loc":{"start":{"line":2,"column":6},"end":{"line":2,"column":52}},"type":"binary-expr","locations":[{"start":{"line":2,"column":6},"end":{"line":2,"column":17}},{"start":{"line":2,"column":21},"end":{"line":2,"column":52}}],"line":2}},"s":{"0":0,"1":0,"2":0,"3":0,"4":0,"5":0,"6":0,"7":0},"f":{"0":0,"1":0},"b":{"0":[0,0],"1":[0,0]}}
,"D:\\GusTest\\guscha_django_frontend\\src\\api\\addressApi.js": {"path":"D:\\GusTest\\guscha_django_frontend\\src\\api\\addressApi.js","statementMap":{"0":{"start":{"line":11,"column":34},"end":{"line":19,"column":1}},"1":{"start":{"line":12,"column":2},"end":{"line":18,"column":3}},"2":{"start":{"line":13,"column":21},"end":{"line":13,"column":55}},"3":{"start":{"line":14,"column":4},"end":{"line":14,"column":16}},"4":{"start":{"line":16,"column":4},"end":{"line":16,"column":58}},"5":{"start":{"line":17,"column":4},"end":{"line":17,"column":16}},"6":{"start":{"line":26,"column":30},"end":{"line":34,"column":1}},"7":{"start":{"line":27,"column":2},"end":{"line":33,"column":3}},"8":{"start":{"line":28,"column":21},"end":{"line":28,"column":69}},"9":{"start":{"line":29,"column":4},"end":{"line":29,"column":16}},"10":{"start":{"line":31,"column":4},"end":{"line":31,"column":58}},"11":{"start":{"line":32,"column":4},"end":{"line":32,"column":16}},"12":{"start":{"line":42,"column":33},"end":{"line":50,"column":1}},"13":{"start":{"line":43,"column":2},"end":{"line":49,"column":3}},"14":{"start":{"line":44,"column":21},"end":{"line":44,"column":81}},"15":{"start":{"line":45,"column":4},"end":{"line":45,"column":16}},"16":{"start":{"line":47,"column":4},"end":{"line":47,"column":58}},"17":{"start":{"line":48,"column":4},"end":{"line":48,"column":16}},"18":{"start":{"line":57,"column":33},"end":{"line":65,"column":1}},"19":{"start":{"line":58,"column":2},"end":{"line":64,"column":3}},"20":{"start":{"line":59,"column":4},"end":{"line":59,"column":55}},"21":{"start":{"line":60,"column":4},"end":{"line":60,"column":16}},"22":{"start":{"line":62,"column":4},"end":{"line":62,"column":56}},"23":{"start":{"line":63,"column":4},"end":{"line":63,"column":16}},"24":{"start":{"line":72,"column":33},"end":{"line":80,"column":1}},"25":{"start":{"line":73,"column":2},"end":{"line":79,"column":3}},"26":{"start":{"line":74,"column":21},"end":{"line":74,"column":81}},"27":{"start":{"line":75,"column":4},"end":{"line":75,"column":16}},"28":{"start":{"line":77,"column":4},"end":{"line":77,"column":70}},"29":{"start":{"line":78,"column":4},"end":{"line":78,"column":16}}},"fnMap":{"0":{"name":"(anonymous_0)","decl":{"start":{"line":11,"column":34},"end":{"line":11,"column":35}},"loc":{"start":{"line":11,"column":46},"end":{"line":19,"column":1}},"line":11},"1":{"name":"(anonymous_1)","decl":{"start":{"line":26,"column":30},"end":{"line":26,"column":31}},"loc":{"start":{"line":26,"column":53},"end":{"line":34,"column":1}},"line":26},"2":{"name":"(anonymous_2)","decl":{"start":{"line":42,"column":33},"end":{"line":42,"column":34}},"loc":{"start":{"line":42,"column":67},"end":{"line":50,"column":1}},"line":42},"3":{"name":"(anonymous_3)","decl":{"start":{"line":57,"column":33},"end":{"line":57,"column":34}},"loc":{"start":{"line":57,"column":54},"end":{"line":65,"column":1}},"line":57},"4":{"name":"(anonymous_4)","decl":{"start":{"line":72,"column":33},"end":{"line":72,"column":34}},"loc":{"start":{"line":72,"column":54},"end":{"line":80,"column":1}},"line":72}},"branchMap":{},"s":{"0":0,"1":0,"2":0,"3":0,"4":0,"5":0,"6":0,"7":0,"8":0,"9":0,"10":0,"11":0,"12":0,"13":0,"14":0,"15":0,"16":0,"17":0,"18":0,"19":0,"20":0,"21":0,"22":0,"23":0,"24":0,"25":0,"26":0,"27":0,"28":0,"29":0},"f":{"0":0,"1":0,"2":0,"3":0,"4":0},"b":{}}
,"D:\\GusTest\\guscha_django_frontend\\src\\api\\addresses.js": {"path":"D:\\GusTest\\guscha_django_frontend\\src\\api\\addresses.js","statementMap":{"0":{"start":{"line":3,"column":21},"end":{"line":34,"column":1}},"1":{"start":{"line":5,"column":24},"end":{"line":5,"column":60}},"2":{"start":{"line":8,"column":32},"end":{"line":8,"column":77}},"3":{"start":{"line":9,"column":31},"end":{"line":9,"column":75}},"4":{"start":{"line":12,"column":31},"end":{"line":12,"column":75}},"5":{"start":{"line":15,"column":24},"end":{"line":15,"column":66}},"6":{"start":{"line":18,"column":36},"end":{"line":18,"column":86}},"7":{"start":{"line":21,"column":40},"end":{"line":21,"column":95}},"8":{"start":{"line":24,"column":39},"end":{"line":24,"column":96}},"9":{"start":{"line":27,"column":27},"end":{"line":27,"column":72}},"10":{"start":{"line":30,"column":31},"end":{"line":30,"column":86}},"11":{"start":{"line":33,"column":32},"end":{"line":33,"column":84}}},"fnMap":{"0":{"name":"(anonymous_0)","decl":{"start":{"line":5,"column":18},"end":{"line":5,"column":19}},"loc":{"start":{"line":5,"column":24},"end":{"line":5,"column":60}},"line":5},"1":{"name":"(anonymous_1)","decl":{"start":{"line":8,"column":26},"end":{"line":8,"column":27}},"loc":{"start":{"line":8,"column":32},"end":{"line":8,"column":77}},"line":8},"2":{"name":"(anonymous_2)","decl":{"start":{"line":9,"column":25},"end":{"line":9,"column":26}},"loc":{"start":{"line":9,"column":31},"end":{"line":9,"column":75}},"line":9},"3":{"name":"(anonymous_3)","decl":{"start":{"line":12,"column":25},"end":{"line":12,"column":26}},"loc":{"start":{"line":12,"column":31},"end":{"line":12,"column":75}},"line":12},"4":{"name":"(anonymous_4)","decl":{"start":{"line":15,"column":16},"end":{"line":15,"column":17}},"loc":{"start":{"line":15,"column":24},"end":{"line":15,"column":66}},"line":15},"5":{"name":"(anonymous_5)","decl":{"start":{"line":18,"column":19},"end":{"line":18,"column":20}},"loc":{"start":{"line":18,"column":36},"end":{"line":18,"column":86}},"line":18},"6":{"name":"(anonymous_6)","decl":{"start":{"line":21,"column":19},"end":{"line":21,"column":20}},"loc":{"start":{"line":21,"column":40},"end":{"line":21,"column":95}},"line":21},"7":{"name":"(anonymous_7)","decl":{"start":{"line":24,"column":18},"end":{"line":24,"column":19}},"loc":{"start":{"line":24,"column":39},"end":{"line":24,"column":96}},"line":24},"8":{"name":"(anonymous_8)","decl":{"start":{"line":27,"column":19},"end":{"line":27,"column":20}},"loc":{"start":{"line":27,"column":27},"end":{"line":27,"column":72}},"line":27},"9":{"name":"(anonymous_9)","decl":{"start":{"line":30,"column":23},"end":{"line":30,"column":24}},"loc":{"start":{"line":30,"column":31},"end":{"line":30,"column":86}},"line":30},"10":{"name":"(anonymous_10)","decl":{"start":{"line":33,"column":21},"end":{"line":33,"column":22}},"loc":{"start":{"line":33,"column":32},"end":{"line":33,"column":84}},"line":33}},"branchMap":{},"s":{"0":1,"1":0,"2":0,"3":0,"4":0,"5":0,"6":0,"7":0,"8":0,"9":0,"10":0,"11":0},"f":{"0":0,"1":0,"2":0,"3":0,"4":0,"5":0,"6":0,"7":0,"8":0,"9":0,"10":0},"b":{},"_coverageSchema":"1a1c01bbd47fc00a2c39e90264f33305004495a9","hash":"16ab5eaa3aaafdf6038e0bdecf2672916c998ae8"}
,"D:\\GusTest\\guscha_django_frontend\\src\\api\\authApi.js": {"path":"D:\\GusTest\\guscha_django_frontend\\src\\api\\authApi.js","statementMap":{"0":{"start":{"line":4,"column":19},"end":{"line":4,"column":113}},"1":{"start":{"line":6,"column":2},"end":{"line":6,"column":44}},"2":{"start":{"line":7,"column":2},"end":{"line":7,"column":14}},"3":{"start":{"line":11,"column":2},"end":{"line":79,"column":3}},"4":{"start":{"line":12,"column":4},"end":{"line":12,"column":62}},"5":{"start":{"line":13,"column":21},"end":{"line":13,"column":98}},"6":{"start":{"line":14,"column":4},"end":{"line":14,"column":60}},"7":{"start":{"line":16,"column":4},"end":{"line":18,"column":5}},"8":{"start":{"line":17,"column":6},"end":{"line":17,"column":57}},"9":{"start":{"line":20,"column":4},"end":{"line":20,"column":25}},"10":{"start":{"line":23,"column":4},"end":{"line":23,"column":75}},"11":{"start":{"line":24,"column":4},"end":{"line":24,"column":45}},"12":{"start":{"line":25,"column":4},"end":{"line":25,"column":60}},"13":{"start":{"line":26,"column":4},"end":{"line":26,"column":65}},"14":{"start":{"line":27,"column":4},"end":{"line":27,"column":71}},"15":{"start":{"line":28,"column":4},"end":{"line":28,"column":66}},"16":{"start":{"line":29,"column":4},"end":{"line":29,"column":55}},"17":{"start":{"line":30,"column":4},"end":{"line":30,"column":60}},"18":{"start":{"line":31,"column":4},"end":{"line":31,"column":59}},"19":{"start":{"line":32,"column":4},"end":{"line":32,"column":59}},"20":{"start":{"line":35,"column":4},"end":{"line":73,"column":5}},"21":{"start":{"line":36,"column":26},"end":{"line":36,"column":45}},"22":{"start":{"line":39,"column":25},"end":{"line":39,"column":45}},"23":{"start":{"line":41,"column":6},"end":{"line":66,"column":7}},"24":{"start":{"line":42,"column":8},"end":{"line":42,"column":35}},"25":{"start":{"line":43,"column":13},"end":{"line":66,"column":7}},"26":{"start":{"line":44,"column":8},"end":{"line":44,"column":42}},"27":{"start":{"line":45,"column":13},"end":{"line":66,"column":7}},"28":{"start":{"line":46,"column":8},"end":{"line":46,"column":43}},"29":{"start":{"line":47,"column":13},"end":{"line":66,"column":7}},"30":{"start":{"line":48,"column":8},"end":{"line":48,"column":41}},"31":{"start":{"line":49,"column":13},"end":{"line":66,"column":7}},"32":{"start":{"line":50,"column":8},"end":{"line":52,"column":41}},"33":{"start":{"line":55,"column":28},"end":{"line":55,"column":30}},"34":{"start":{"line":56,"column":8},"end":{"line":62,"column":11}},"35":{"start":{"line":57,"column":10},"end":{"line":61,"column":11}},"36":{"start":{"line":58,"column":12},"end":{"line":58,"column":75}},"37":{"start":{"line":60,"column":12},"end":{"line":60,"column":64}},"38":{"start":{"line":63,"column":8},"end":{"line":65,"column":9}},"39":{"start":{"line":64,"column":10},"end":{"line":64,"column":48}},"40":{"start":{"line":68,"column":6},"end":{"line":68,"column":74}},"41":{"start":{"line":69,"column":28},"end":{"line":69,"column":51}},"42":{"start":{"line":70,"column":6},"end":{"line":70,"column":46}},"43":{"start":{"line":71,"column":6},"end":{"line":71,"column":45}},"44":{"start":{"line":72,"column":6},"end":{"line":72,"column":26}},"45":{"start":{"line":76,"column":26},"end":{"line":76,"column":57}},"46":{"start":{"line":77,"column":4},"end":{"line":77,"column":44}},"47":{"start":{"line":78,"column":4},"end":{"line":78,"column":24}},"48":{"start":{"line":83,"column":19},"end":{"line":83,"column":88}},"49":{"start":{"line":84,"column":2},"end":{"line":84,"column":14}},"50":{"start":{"line":88,"column":2},"end":{"line":93,"column":3}},"51":{"start":{"line":89,"column":4},"end":{"line":89,"column":83}},"52":{"start":{"line":92,"column":4},"end":{"line":92,"column":37}},"53":{"start":{"line":97,"column":19},"end":{"line":101,"column":31}},"54":{"start":{"line":104,"column":2},"end":{"line":106,"column":3}},"55":{"start":{"line":105,"column":4},"end":{"line":105,"column":46}},"56":{"start":{"line":108,"column":2},"end":{"line":108,"column":14}},"57":{"start":{"line":113,"column":19},"end":{"line":113,"column":79}},"58":{"start":{"line":114,"column":2},"end":{"line":114,"column":14}},"59":{"start":{"line":119,"column":19},"end":{"line":123,"column":4}},"60":{"start":{"line":124,"column":2},"end":{"line":124,"column":14}},"61":{"start":{"line":129,"column":18},"end":{"line":129,"column":44}},"62":{"start":{"line":130,"column":2},"end":{"line":135,"column":3}},"63":{"start":{"line":131,"column":26},"end":{"line":131,"column":50}},"64":{"start":{"line":132,"column":4},"end":{"line":134,"column":5}},"65":{"start":{"line":133,"column":6},"end":{"line":133,"column":19}},"66":{"start":{"line":136,"column":2},"end":{"line":136,"column":14}},"67":{"start":{"line":141,"column":19},"end":{"line":143,"column":4}},"68":{"start":{"line":144,"column":2},"end":{"line":144,"column":14}},"69":{"start":{"line":148,"column":19},"end":{"line":152,"column":4}},"70":{"start":{"line":153,"column":2},"end":{"line":153,"column":14}},"71":{"start":{"line":157,"column":19},"end":{"line":160,"column":4}},"72":{"start":{"line":161,"column":2},"end":{"line":161,"column":14}},"73":{"start":{"line":165,"column":19},"end":{"line":167,"column":4}},"74":{"start":{"line":168,"column":2},"end":{"line":168,"column":14}},"75":{"start":{"line":172,"column":19},"end":{"line":176,"column":4}},"76":{"start":{"line":177,"column":2},"end":{"line":177,"column":14}}},"fnMap":{"0":{"name":"login","decl":{"start":{"line":3,"column":22},"end":{"line":3,"column":27}},"loc":{"start":{"line":3,"column":45},"end":{"line":8,"column":1}},"line":3},"1":{"name":"register","decl":{"start":{"line":10,"column":22},"end":{"line":10,"column":30}},"loc":{"start":{"line":10,"column":41},"end":{"line":80,"column":1}},"line":10},"2":{"name":"(anonymous_2)","decl":{"start":{"line":56,"column":41},"end":{"line":56,"column":42}},"loc":{"start":{"line":56,"column":50},"end":{"line":62,"column":9}},"line":56},"3":{"name":"fetchProfile","decl":{"start":{"line":82,"column":22},"end":{"line":82,"column":34}},"loc":{"start":{"line":82,"column":37},"end":{"line":85,"column":1}},"line":82},"4":{"name":"logout","decl":{"start":{"line":87,"column":22},"end":{"line":87,"column":28}},"loc":{"start":{"line":87,"column":31},"end":{"line":94,"column":1}},"line":87},"5":{"name":"changePassword","decl":{"start":{"line":96,"column":22},"end":{"line":96,"column":36}},"loc":{"start":{"line":96,"column":63},"end":{"line":109,"column":1}},"line":96},"6":{"name":"requestPasswordReset","decl":{"start":{"line":112,"column":22},"end":{"line":112,"column":42}},"loc":{"start":{"line":112,"column":50},"end":{"line":115,"column":1}},"line":112},"7":{"name":"confirmPasswordReset","decl":{"start":{"line":118,"column":22},"end":{"line":118,"column":42}},"loc":{"start":{"line":118,"column":68},"end":{"line":125,"column":1}},"line":118},"8":{"name":"getCsrfToken","decl":{"start":{"line":127,"column":22},"end":{"line":127,"column":34}},"loc":{"start":{"line":127,"column":37},"end":{"line":137,"column":1}},"line":127},"9":{"name":"checkTelegramBotStatus","decl":{"start":{"line":140,"column":22},"end":{"line":140,"column":44}},"loc":{"start":{"line":140,"column":61},"end":{"line":145,"column":1}},"line":140},"10":{"name":"activateTelegramBot","decl":{"start":{"line":147,"column":22},"end":{"line":147,"column":41}},"loc":{"start":{"line":147,"column":92},"end":{"line":154,"column":1}},"line":147},"11":{"name":"verifyTelegramCode","decl":{"start":{"line":156,"column":22},"end":{"line":156,"column":40}},"loc":{"start":{"line":156,"column":60},"end":{"line":162,"column":1}},"line":156},"12":{"name":"requestTelegramPasswordReset","decl":{"start":{"line":164,"column":22},"end":{"line":164,"column":50}},"loc":{"start":{"line":164,"column":58},"end":{"line":169,"column":1}},"line":164},"13":{"name":"confirmTelegramPasswordReset","decl":{"start":{"line":171,"column":22},"end":{"line":171,"column":50}},"loc":{"start":{"line":171,"column":86},"end":{"line":178,"column":1}},"line":171}},"branchMap":{"0":{"loc":{"start":{"line":16,"column":4},"end":{"line":18,"column":5}},"type":"if","locations":[{"start":{"line":16,"column":4},"end":{"line":18,"column":5}},{"start":{},"end":{}}],"line":16},"1":{"loc":{"start":{"line":35,"column":4},"end":{"line":73,"column":5}},"type":"if","locations":[{"start":{"line":35,"column":4},"end":{"line":73,"column":5}},{"start":{},"end":{}}],"line":35},"2":{"loc":{"start":{"line":41,"column":6},"end":{"line":66,"column":7}},"type":"if","locations":[{"start":{"line":41,"column":6},"end":{"line":66,"column":7}},{"start":{"line":43,"column":13},"end":{"line":66,"column":7}}],"line":41},"3":{"loc":{"start":{"line":43,"column":13},"end":{"line":66,"column":7}},"type":"if","locations":[{"start":{"line":43,"column":13},"end":{"line":66,"column":7}},{"start":{"line":45,"column":13},"end":{"line":66,"column":7}}],"line":43},"4":{"loc":{"start":{"line":45,"column":13},"end":{"line":66,"column":7}},"type":"if","locations":[{"start":{"line":45,"column":13},"end":{"line":66,"column":7}},{"start":{"line":47,"column":13},"end":{"line":66,"column":7}}],"line":45},"5":{"loc":{"start":{"line":47,"column":13},"end":{"line":66,"column":7}},"type":"if","locations":[{"start":{"line":47,"column":13},"end":{"line":66,"column":7}},{"start":{"line":49,"column":13},"end":{"line":66,"column":7}}],"line":47},"6":{"loc":{"start":{"line":49,"column":13},"end":{"line":66,"column":7}},"type":"if","locations":[{"start":{"line":49,"column":13},"end":{"line":66,"column":7}},{"start":{"line":53,"column":13},"end":{"line":66,"column":7}}],"line":49},"7":{"loc":{"start":{"line":50,"column":23},"end":{"line":52,"column":40}},"type":"cond-expr","locations":[{"start":{"line":51,"column":12},"end":{"line":51,"column":51}},{"start":{"line":52,"column":12},"end":{"line":52,"column":40}}],"line":50},"8":{"loc":{"start":{"line":57,"column":10},"end":{"line":61,"column":11}},"type":"if","locations":[{"start":{"line":57,"column":10},"end":{"line":61,"column":11}},{"start":{"line":59,"column":17},"end":{"line":61,"column":11}}],"line":57},"9":{"loc":{"start":{"line":63,"column":8},"end":{"line":65,"column":9}},"type":"if","locations":[{"start":{"line":63,"column":8},"end":{"line":65,"column":9}},{"start":{},"end":{}}],"line":63},"10":{"loc":{"start":{"line":104,"column":2},"end":{"line":106,"column":3}},"type":"if","locations":[{"start":{"line":104,"column":2},"end":{"line":106,"column":3}},{"start":{},"end":{}}],"line":104},"11":{"loc":{"start":{"line":132,"column":4},"end":{"line":134,"column":5}},"type":"if","locations":[{"start":{"line":132,"column":4},"end":{"line":134,"column":5}},{"start":{},"end":{}}],"line":132}},"s":{"0":2,"1":1,"2":1,"3":7,"4":7,"5":7,"6":2,"7":2,"8":1,"9":2,"10":5,"11":5,"12":5,"13":5,"14":5,"15":5,"16":5,"17":5,"18":5,"19":5,"20":5,"21":4,"22":4,"23":4,"24":1,"25":3,"26":1,"27":2,"28":0,"29":2,"30":0,"31":2,"32":1,"33":1,"34":1,"35":2,"36":2,"37":0,"38":1,"39":1,"40":4,"41":4,"42":4,"43":4,"44":4,"45":1,"46":1,"47":1,"48":2,"49":1,"50":2,"51":2,"52":2,"53":3,"54":2,"55":1,"56":2,"57":2,"58":1,"59":2,"60":1,"61":3,"62":3,"63":4,"64":4,"65":1,"66":2,"67":2,"68":1,"69":2,"70":1,"71":2,"72":1,"73":2,"74":1,"75":2,"76":1},"f":{"0":2,"1":7,"2":2,"3":2,"4":2,"5":3,"6":2,"7":2,"8":3,"9":2,"10":2,"11":2,"12":2,"13":2},"b":{"0":[1,1],"1":[4,1],"2":[1,3],"3":[1,2],"4":[0,2],"5":[0,2],"6":[1,1],"7":[1,0],"8":[2,0],"9":[1,0],"10":[1,1],"11":[1,3]},"_coverageSchema":"1a1c01bbd47fc00a2c39e90264f33305004495a9","hash":"e41c8ae4dc0ca7e263aae9c4053e19ebc28b5af6"}
,"D:\\GusTest\\guscha_django_frontend\\src\\api\\axiosInstance.js": {"path":"D:\\GusTest\\guscha_django_frontend\\src\\api\\axiosInstance.js","statementMap":{"0":{"start":{"line":6,"column":19},"end":{"line":15,"column":1}},"1":{"start":{"line":8,"column":2},"end":{"line":10,"column":3}},"2":{"start":{"line":9,"column":4},"end":{"line":9,"column":41}},"3":{"start":{"line":14,"column":2},"end":{"line":14,"column":32}},"4":{"start":{"line":17,"column":17},"end":{"line":23,"column":2}},"5":{"start":{"line":27,"column":18},"end":{"line":27,"column":44}},"6":{"start":{"line":28,"column":2},"end":{"line":33,"column":3}},"7":{"start":{"line":29,"column":26},"end":{"line":29,"column":50}},"8":{"start":{"line":30,"column":4},"end":{"line":32,"column":5}},"9":{"start":{"line":31,"column":6},"end":{"line":31,"column":19}},"10":{"start":{"line":34,"column":2},"end":{"line":34,"column":14}},"11":{"start":{"line":38,"column":0},"end":{"line":72,"column":3}},"12":{"start":{"line":40,"column":16},"end":{"line":40,"column":45}},"13":{"start":{"line":41,"column":2},"end":{"line":50,"column":3}},"14":{"start":{"line":43,"column":4},"end":{"line":49,"column":5}},"15":{"start":{"line":45,"column":6},"end":{"line":45,"column":58}},"16":{"start":{"line":48,"column":6},"end":{"line":48,"column":57}},"17":{"start":{"line":53,"column":2},"end":{"line":64,"column":3}},"18":{"start":{"line":54,"column":22},"end":{"line":54,"column":36}},"19":{"start":{"line":56,"column":4},"end":{"line":63,"column":5}},"20":{"start":{"line":57,"column":6},"end":{"line":57,"column":48}},"21":{"start":{"line":58,"column":6},"end":{"line":60,"column":7}},"22":{"start":{"line":59,"column":8},"end":{"line":59,"column":56}},"23":{"start":{"line":62,"column":6},"end":{"line":62,"column":46}},"24":{"start":{"line":67,"column":2},"end":{"line":69,"column":3}},"25":{"start":{"line":68,"column":4},"end":{"line":68,"column":56}},"26":{"start":{"line":71,"column":2},"end":{"line":71,"column":16}},"27":{"start":{"line":75,"column":0},"end":{"line":93,"column":2}},"28":{"start":{"line":76,"column":16},"end":{"line":76,"column":24}},"29":{"start":{"line":78,"column":4},"end":{"line":78,"column":44}},"30":{"start":{"line":81,"column":4},"end":{"line":89,"column":5}},"31":{"start":{"line":83,"column":22},"end":{"line":86,"column":38}},"32":{"start":{"line":88,"column":6},"end":{"line":88,"column":27}},"33":{"start":{"line":91,"column":4},"end":{"line":91,"column":33}}},"fnMap":{"0":{"name":"(anonymous_0)","decl":{"start":{"line":6,"column":19},"end":{"line":6,"column":20}},"loc":{"start":{"line":6,"column":25},"end":{"line":15,"column":1}},"line":6},"1":{"name":"getCSRFToken","decl":{"start":{"line":26,"column":9},"end":{"line":26,"column":21}},"loc":{"start":{"line":26,"column":24},"end":{"line":35,"column":1}},"line":26},"2":{"name":"(anonymous_2)","decl":{"start":{"line":38,"column":34},"end":{"line":38,"column":35}},"loc":{"start":{"line":38,"column":46},"end":{"line":72,"column":1}},"line":38},"3":{"name":"(anonymous_3)","decl":{"start":{"line":76,"column":2},"end":{"line":76,"column":3}},"loc":{"start":{"line":76,"column":16},"end":{"line":76,"column":24}},"line":76},"4":{"name":"(anonymous_4)","decl":{"start":{"line":77,"column":2},"end":{"line":77,"column":3}},"loc":{"start":{"line":77,"column":13},"end":{"line":92,"column":3}},"line":77}},"branchMap":{"0":{"loc":{"start":{"line":8,"column":2},"end":{"line":10,"column":3}},"type":"if","locations":[{"start":{"line":8,"column":2},"end":{"line":10,"column":3}},{"start":{},"end":{}}],"line":8},"1":{"loc":{"start":{"line":30,"column":4},"end":{"line":32,"column":5}},"type":"if","locations":[{"start":{"line":30,"column":4},"end":{"line":32,"column":5}},{"start":{},"end":{}}],"line":30},"2":{"loc":{"start":{"line":41,"column":2},"end":{"line":50,"column":3}},"type":"if","locations":[{"start":{"line":41,"column":2},"end":{"line":50,"column":3}},{"start":{},"end":{}}],"line":41},"3":{"loc":{"start":{"line":43,"column":4},"end":{"line":49,"column":5}},"type":"if","locations":[{"start":{"line":43,"column":4},"end":{"line":49,"column":5}},{"start":{"line":46,"column":11},"end":{"line":49,"column":5}}],"line":43},"4":{"loc":{"start":{"line":53,"column":2},"end":{"line":64,"column":3}},"type":"if","locations":[{"start":{"line":53,"column":2},"end":{"line":64,"column":3}},{"start":{},"end":{}}],"line":53},"5":{"loc":{"start":{"line":56,"column":4},"end":{"line":63,"column":5}},"type":"if","locations":[{"start":{"line":56,"column":4},"end":{"line":63,"column":5}},{"start":{"line":61,"column":11},"end":{"line":63,"column":5}}],"line":56},"6":{"loc":{"start":{"line":58,"column":6},"end":{"line":60,"column":7}},"type":"if","locations":[{"start":{"line":58,"column":6},"end":{"line":60,"column":7}},{"start":{},"end":{}}],"line":58},"7":{"loc":{"start":{"line":67,"column":2},"end":{"line":69,"column":3}},"type":"if","locations":[{"start":{"line":67,"column":2},"end":{"line":69,"column":3}},{"start":{},"end":{}}],"line":67},"8":{"loc":{"start":{"line":67,"column":6},"end":{"line":67,"column":53}},"type":"binary-expr","locations":[{"start":{"line":67,"column":6},"end":{"line":67,"column":16}},{"start":{"line":67,"column":20},"end":{"line":67,"column":53}}],"line":67},"9":{"loc":{"start":{"line":81,"column":4},"end":{"line":89,"column":5}},"type":"if","locations":[{"start":{"line":81,"column":4},"end":{"line":89,"column":5}},{"start":{},"end":{}}],"line":81},"10":{"loc":{"start":{"line":81,"column":8},"end":{"line":82,"column":60}},"type":"binary-expr","locations":[{"start":{"line":81,"column":8},"end":{"line":81,"column":50}},{"start":{"line":82,"column":8},"end":{"line":82,"column":60}}],"line":81},"11":{"loc":{"start":{"line":83,"column":22},"end":{"line":86,"column":38}},"type":"binary-expr","locations":[{"start":{"line":83,"column":22},"end":{"line":83,"column":50}},{"start":{"line":84,"column":22},"end":{"line":84,"column":51}},{"start":{"line":85,"column":22},"end":{"line":85,"column":35}},{"start":{"line":86,"column":22},"end":{"line":86,"column":38}}],"line":83}},"s":{"0":11,"1":11,"2":11,"3":0,"4":11,"5":0,"6":0,"7":0,"8":0,"9":0,"10":0,"11":11,"12":0,"13":0,"14":0,"15":0,"16":0,"17":0,"18":0,"19":0,"20":0,"21":0,"22":0,"23":0,"24":0,"25":0,"26":0,"27":11,"28":0,"29":0,"30":0,"31":0,"32":0,"33":0},"f":{"0":11,"1":0,"2":0,"3":0,"4":0},"b":{"0":[11,0],"1":[0,0],"2":[0,0],"3":[0,0],"4":[0,0],"5":[0,0],"6":[0,0],"7":[0,0],"8":[0,0],"9":[0,0],"10":[0,0],"11":[0,0,0,0]},"_coverageSchema":"1a1c01bbd47fc00a2c39e90264f33305004495a9","hash":"f96184314c366c9cdddafc51d5dfd18a5112df7a"}
,"D:\\GusTest\\guscha_django_frontend\\src\\api\\backgroundApi.js": {"path":"D:\\GusTest\\guscha_django_frontend\\src\\api\\backgroundApi.js","statementMap":{"0":{"start":{"line":11,"column":4},"end":{"line":17,"column":5}},"1":{"start":{"line":12,"column":23},"end":{"line":12,"column":73}},"2":{"start":{"line":13,"column":6},"end":{"line":13,"column":27}},"3":{"start":{"line":15,"column":6},"end":{"line":15,"column":80}},"4":{"start":{"line":16,"column":6},"end":{"line":16,"column":18}},"5":{"start":{"line":24,"column":4},"end":{"line":30,"column":5}},"6":{"start":{"line":25,"column":23},"end":{"line":25,"column":71}},"7":{"start":{"line":26,"column":6},"end":{"line":26,"column":27}},"8":{"start":{"line":28,"column":6},"end":{"line":28,"column":77}},"9":{"start":{"line":29,"column":6},"end":{"line":29,"column":18}},"10":{"start":{"line":38,"column":4},"end":{"line":44,"column":5}},"11":{"start":{"line":39,"column":23},"end":{"line":39,"column":79}},"12":{"start":{"line":40,"column":6},"end":{"line":40,"column":27}},"13":{"start":{"line":42,"column":6},"end":{"line":42,"column":84}},"14":{"start":{"line":43,"column":6},"end":{"line":43,"column":18}},"15":{"start":{"line":52,"column":4},"end":{"line":58,"column":5}},"16":{"start":{"line":53,"column":23},"end":{"line":53,"column":82}},"17":{"start":{"line":54,"column":6},"end":{"line":54,"column":27}},"18":{"start":{"line":56,"column":6},"end":{"line":56,"column":76}},"19":{"start":{"line":57,"column":6},"end":{"line":57,"column":18}},"20":{"start":{"line":65,"column":4},"end":{"line":71,"column":5}},"21":{"start":{"line":66,"column":23},"end":{"line":66,"column":73}},"22":{"start":{"line":67,"column":6},"end":{"line":67,"column":27}},"23":{"start":{"line":69,"column":6},"end":{"line":69,"column":79}},"24":{"start":{"line":70,"column":6},"end":{"line":70,"column":18}},"25":{"start":{"line":78,"column":4},"end":{"line":84,"column":5}},"26":{"start":{"line":79,"column":23},"end":{"line":79,"column":77}},"27":{"start":{"line":80,"column":6},"end":{"line":80,"column":27}},"28":{"start":{"line":82,"column":6},"end":{"line":82,"column":68}},"29":{"start":{"line":83,"column":6},"end":{"line":83,"column":18}},"30":{"start":{"line":92,"column":4},"end":{"line":98,"column":5}},"31":{"start":{"line":93,"column":23},"end":{"line":93,"column":83}},"32":{"start":{"line":94,"column":6},"end":{"line":94,"column":27}},"33":{"start":{"line":96,"column":6},"end":{"line":96,"column":75}},"34":{"start":{"line":97,"column":6},"end":{"line":97,"column":18}},"35":{"start":{"line":105,"column":4},"end":{"line":111,"column":5}},"36":{"start":{"line":106,"column":23},"end":{"line":106,"column":73}},"37":{"start":{"line":107,"column":6},"end":{"line":107,"column":27}},"38":{"start":{"line":109,"column":6},"end":{"line":109,"column":73}},"39":{"start":{"line":110,"column":6},"end":{"line":110,"column":18}},"40":{"start":{"line":115,"column":22},"end":{"line":115,"column":41}}},"fnMap":{"0":{"name":"(anonymous_0)","decl":{"start":{"line":10,"column":2},"end":{"line":10,"column":3}},"loc":{"start":{"line":10,"column":30},"end":{"line":18,"column":3}},"line":10},"1":{"name":"(anonymous_1)","decl":{"start":{"line":23,"column":2},"end":{"line":23,"column":3}},"loc":{"start":{"line":23,"column":28},"end":{"line":31,"column":3}},"line":23},"2":{"name":"(anonymous_2)","decl":{"start":{"line":37,"column":2},"end":{"line":37,"column":3}},"loc":{"start":{"line":37,"column":32},"end":{"line":45,"column":3}},"line":37},"3":{"name":"(anonymous_3)","decl":{"start":{"line":51,"column":2},"end":{"line":51,"column":3}},"loc":{"start":{"line":51,"column":31},"end":{"line":59,"column":3}},"line":51},"4":{"name":"(anonymous_4)","decl":{"start":{"line":64,"column":2},"end":{"line":64,"column":3}},"loc":{"start":{"line":64,"column":30},"end":{"line":72,"column":3}},"line":64},"5":{"name":"(anonymous_5)","decl":{"start":{"line":77,"column":2},"end":{"line":77,"column":3}},"loc":{"start":{"line":77,"column":24},"end":{"line":85,"column":3}},"line":77},"6":{"name":"(anonymous_6)","decl":{"start":{"line":91,"column":2},"end":{"line":91,"column":3}},"loc":{"start":{"line":91,"column":31},"end":{"line":99,"column":3}},"line":91},"7":{"name":"(anonymous_7)","decl":{"start":{"line":104,"column":2},"end":{"line":104,"column":3}},"loc":{"start":{"line":104,"column":30},"end":{"line":112,"column":3}},"line":104}},"branchMap":{},"s":{"0":0,"1":0,"2":0,"3":0,"4":0,"5":0,"6":0,"7":0,"8":0,"9":0,"10":0,"11":0,"12":0,"13":0,"14":0,"15":0,"16":0,"17":0,"18":0,"19":0,"20":0,"21":0,"22":0,"23":0,"24":0,"25":0,"26":0,"27":0,"28":0,"29":0,"30":0,"31":0,"32":0,"33":0,"34":0,"35":0,"36":0,"37":0,"38":0,"39":0,"40":0},"f":{"0":0,"1":0,"2":0,"3":0,"4":0,"5":0,"6":0,"7":0},"b":{}}
,"D:\\GusTest\\guscha_django_frontend\\src\\api\\cartApi.js": {"path":"D:\\GusTest\\guscha_django_frontend\\src\\api\\cartApi.js","statementMap":{"0":{"start":{"line":4,"column":2},"end":{"line":4,"column":48}},"1":{"start":{"line":5,"column":20},"end":{"line":5,"column":59}},"2":{"start":{"line":6,"column":2},"end":{"line":6,"column":52}},"3":{"start":{"line":8,"column":2},"end":{"line":16,"column":3}},"4":{"start":{"line":10,"column":31},"end":{"line":10,"column":66}},"5":{"start":{"line":11,"column":4},"end":{"line":11,"column":63}},"6":{"start":{"line":12,"column":4},"end":{"line":12,"column":20}},"7":{"start":{"line":14,"column":4},"end":{"line":14,"column":54}},"8":{"start":{"line":15,"column":4},"end":{"line":15,"column":16}},"9":{"start":{"line":20,"column":22},"end":{"line":20,"column":54}},"10":{"start":{"line":21,"column":2},"end":{"line":23,"column":3}},"11":{"start":{"line":22,"column":4},"end":{"line":22,"column":30}},"12":{"start":{"line":24,"column":20},"end":{"line":24,"column":59}},"13":{"start":{"line":25,"column":2},"end":{"line":25,"column":62}},"14":{"start":{"line":26,"column":2},"end":{"line":26,"column":61}},"15":{"start":{"line":28,"column":2},"end":{"line":35,"column":3}},"16":{"start":{"line":29,"column":21},"end":{"line":29,"column":68}},"17":{"start":{"line":30,"column":4},"end":{"line":30,"column":58}},"18":{"start":{"line":31,"column":4},"end":{"line":31,"column":16}},"19":{"start":{"line":33,"column":4},"end":{"line":33,"column":53}},"20":{"start":{"line":34,"column":4},"end":{"line":34,"column":16}},"21":{"start":{"line":39,"column":22},"end":{"line":39,"column":56}},"22":{"start":{"line":40,"column":2},"end":{"line":42,"column":3}},"23":{"start":{"line":41,"column":4},"end":{"line":41,"column":30}},"24":{"start":{"line":43,"column":20},"end":{"line":43,"column":59}},"25":{"start":{"line":44,"column":2},"end":{"line":44,"column":66}},"26":{"start":{"line":45,"column":2},"end":{"line":45,"column":61}},"27":{"start":{"line":47,"column":2},"end":{"line":54,"column":3}},"28":{"start":{"line":48,"column":21},"end":{"line":48,"column":77}},"29":{"start":{"line":49,"column":4},"end":{"line":49,"column":62}},"30":{"start":{"line":50,"column":4},"end":{"line":50,"column":16}},"31":{"start":{"line":52,"column":4},"end":{"line":52,"column":57}},"32":{"start":{"line":53,"column":4},"end":{"line":53,"column":16}},"33":{"start":{"line":58,"column":2},"end":{"line":58,"column":95}},"34":{"start":{"line":60,"column":2},"end":{"line":71,"column":3}},"35":{"start":{"line":61,"column":21},"end":{"line":61,"column":81}},"36":{"start":{"line":62,"column":4},"end":{"line":62,"column":61}},"37":{"start":{"line":63,"column":4},"end":{"line":63,"column":16}},"38":{"start":{"line":65,"column":4},"end":{"line":65,"column":56}},"39":{"start":{"line":66,"column":4},"end":{"line":69,"column":5}},"40":{"start":{"line":67,"column":6},"end":{"line":67,"column":64}},"41":{"start":{"line":68,"column":6},"end":{"line":68,"column":66}},"42":{"start":{"line":70,"column":4},"end":{"line":70,"column":16}},"43":{"start":{"line":75,"column":2},"end":{"line":75,"column":69}},"44":{"start":{"line":77,"column":2},"end":{"line":89,"column":3}},"45":{"start":{"line":78,"column":21},"end":{"line":78,"column":70}},"46":{"start":{"line":79,"column":4},"end":{"line":79,"column":61}},"47":{"start":{"line":80,"column":4},"end":{"line":80,"column":16}},"48":{"start":{"line":82,"column":4},"end":{"line":82,"column":56}},"49":{"start":{"line":83,"column":4},"end":{"line":87,"column":5}},"50":{"start":{"line":84,"column":6},"end":{"line":84,"column":89}},"51":{"start":{"line":86,"column":6},"end":{"line":86,"column":49}},"52":{"start":{"line":88,"column":4},"end":{"line":88,"column":16}},"53":{"start":{"line":93,"column":2},"end":{"line":93,"column":45}},"54":{"start":{"line":95,"column":2},"end":{"line":102,"column":3}},"55":{"start":{"line":96,"column":21},"end":{"line":96,"column":59}},"56":{"start":{"line":97,"column":4},"end":{"line":97,"column":56}},"57":{"start":{"line":98,"column":4},"end":{"line":98,"column":16}},"58":{"start":{"line":100,"column":4},"end":{"line":100,"column":51}},"59":{"start":{"line":101,"column":4},"end":{"line":101,"column":16}},"60":{"start":{"line":106,"column":2},"end":{"line":106,"column":58}},"61":{"start":{"line":107,"column":20},"end":{"line":107,"column":59}},"62":{"start":{"line":108,"column":2},"end":{"line":108,"column":69}},"63":{"start":{"line":110,"column":2},"end":{"line":117,"column":3}},"64":{"start":{"line":111,"column":21},"end":{"line":111,"column":71}},"65":{"start":{"line":112,"column":4},"end":{"line":112,"column":69}},"66":{"start":{"line":113,"column":4},"end":{"line":113,"column":16}},"67":{"start":{"line":115,"column":4},"end":{"line":115,"column":64}},"68":{"start":{"line":116,"column":4},"end":{"line":116,"column":16}},"69":{"start":{"line":122,"column":2},"end":{"line":122,"column":67}},"70":{"start":{"line":123,"column":2},"end":{"line":123,"column":51}},"71":{"start":{"line":127,"column":2},"end":{"line":127,"column":51}},"72":{"start":{"line":128,"column":2},"end":{"line":128,"column":51}},"73":{"start":{"line":132,"column":2},"end":{"line":132,"column":58}},"74":{"start":{"line":133,"column":2},"end":{"line":133,"column":12}},"75":{"start":{"line":137,"column":2},"end":{"line":137,"column":70}},"76":{"start":{"line":138,"column":2},"end":{"line":138,"column":51}}},"fnMap":{"0":{"name":"getCartItems","decl":{"start":{"line":3,"column":22},"end":{"line":3,"column":34}},"loc":{"start":{"line":3,"column":37},"end":{"line":17,"column":1}},"line":3},"1":{"name":"addCartItem","decl":{"start":{"line":19,"column":22},"end":{"line":19,"column":33}},"loc":{"start":{"line":19,"column":74},"end":{"line":36,"column":1}},"line":19},"2":{"name":"addPreorderItem","decl":{"start":{"line":38,"column":22},"end":{"line":38,"column":37}},"loc":{"start":{"line":38,"column":79},"end":{"line":55,"column":1}},"line":38},"3":{"name":"updateCartItem","decl":{"start":{"line":57,"column":22},"end":{"line":57,"column":36}},"loc":{"start":{"line":57,"column":55},"end":{"line":72,"column":1}},"line":57},"4":{"name":"removeCartItem","decl":{"start":{"line":74,"column":22},"end":{"line":74,"column":36}},"loc":{"start":{"line":74,"column":45},"end":{"line":90,"column":1}},"line":74},"5":{"name":"clearCart","decl":{"start":{"line":92,"column":22},"end":{"line":92,"column":31}},"loc":{"start":{"line":92,"column":34},"end":{"line":103,"column":1}},"line":92},"6":{"name":"createCartReservations","decl":{"start":{"line":105,"column":22},"end":{"line":105,"column":44}},"loc":{"start":{"line":105,"column":47},"end":{"line":118,"column":1}},"line":105},"7":{"name":"applyPromoCode","decl":{"start":{"line":121,"column":22},"end":{"line":121,"column":36}},"loc":{"start":{"line":121,"column":43},"end":{"line":124,"column":1}},"line":121},"8":{"name":"removePromoCode","decl":{"start":{"line":126,"column":22},"end":{"line":126,"column":37}},"loc":{"start":{"line":126,"column":40},"end":{"line":129,"column":1}},"line":126},"9":{"name":"getAvailablePromoCodes","decl":{"start":{"line":131,"column":22},"end":{"line":131,"column":44}},"loc":{"start":{"line":131,"column":47},"end":{"line":134,"column":1}},"line":131},"10":{"name":"validatePromoCode","decl":{"start":{"line":136,"column":22},"end":{"line":136,"column":39}},"loc":{"start":{"line":136,"column":46},"end":{"line":139,"column":1}},"line":136}},"branchMap":{"0":{"loc":{"start":{"line":19,"column":45},"end":{"line":19,"column":57}},"type":"default-arg","locations":[{"start":{"line":19,"column":56},"end":{"line":19,"column":57}}],"line":19},"1":{"loc":{"start":{"line":19,"column":59},"end":{"line":19,"column":72}},"type":"default-arg","locations":[{"start":{"line":19,"column":68},"end":{"line":19,"column":72}}],"line":19},"2":{"loc":{"start":{"line":21,"column":2},"end":{"line":23,"column":3}},"type":"if","locations":[{"start":{"line":21,"column":2},"end":{"line":23,"column":3}},{"start":{},"end":{}}],"line":21},"3":{"loc":{"start":{"line":38,"column":50},"end":{"line":38,"column":62}},"type":"default-arg","locations":[{"start":{"line":38,"column":61},"end":{"line":38,"column":62}}],"line":38},"4":{"loc":{"start":{"line":38,"column":64},"end":{"line":38,"column":77}},"type":"default-arg","locations":[{"start":{"line":38,"column":73},"end":{"line":38,"column":77}}],"line":38},"5":{"loc":{"start":{"line":40,"column":2},"end":{"line":42,"column":3}},"type":"if","locations":[{"start":{"line":40,"column":2},"end":{"line":42,"column":3}},{"start":{},"end":{}}],"line":40},"6":{"loc":{"start":{"line":66,"column":4},"end":{"line":69,"column":5}},"type":"if","locations":[{"start":{"line":66,"column":4},"end":{"line":69,"column":5}},{"start":{},"end":{}}],"line":66},"7":{"loc":{"start":{"line":83,"column":4},"end":{"line":87,"column":5}},"type":"if","locations":[{"start":{"line":83,"column":4},"end":{"line":87,"column":5}},{"start":{},"end":{}}],"line":83}},"s":{"0":3,"1":3,"2":3,"3":3,"4":3,"5":2,"6":2,"7":1,"8":1,"9":3,"10":3,"11":1,"12":3,"13":3,"14":3,"15":3,"16":3,"17":2,"18":2,"19":1,"20":1,"21":3,"22":3,"23":1,"24":3,"25":3,"26":3,"27":3,"28":3,"29":2,"30":2,"31":1,"32":1,"33":3,"34":3,"35":3,"36":1,"37":1,"38":2,"39":2,"40":1,"41":1,"42":1,"43":3,"44":3,"45":3,"46":1,"47":1,"48":2,"49":2,"50":1,"51":1,"52":1,"53":2,"54":2,"55":2,"56":1,"57":1,"58":1,"59":1,"60":2,"61":2,"62":2,"63":2,"64":2,"65":1,"66":1,"67":1,"68":1,"69":1,"70":1,"71":1,"72":1,"73":1,"74":1,"75":1,"76":1},"f":{"0":3,"1":3,"2":3,"3":3,"4":3,"5":2,"6":2,"7":1,"8":1,"9":1,"10":1},"b":{"0":[2],"1":[2],"2":[1,2],"3":[2],"4":[2],"5":[1,2],"6":[1,1],"7":[1,1]},"_coverageSchema":"1a1c01bbd47fc00a2c39e90264f33305004495a9","hash":"f653914eee7fb3c714da91de484ef330fc666bf6"}
,"D:\\GusTest\\guscha_django_frontend\\src\\api\\contactApi.js": {"path":"D:\\GusTest\\guscha_django_frontend\\src\\api\\contactApi.js","statementMap":{"0":{"start":{"line":5,"column":19},"end":{"line":5,"column":73}},"1":{"start":{"line":6,"column":2},"end":{"line":6,"column":14}},"2":{"start":{"line":11,"column":19},"end":{"line":11,"column":75}},"3":{"start":{"line":12,"column":2},"end":{"line":12,"column":14}},"4":{"start":{"line":17,"column":19},"end":{"line":17,"column":84}},"5":{"start":{"line":18,"column":2},"end":{"line":18,"column":14}},"6":{"start":{"line":23,"column":19},"end":{"line":23,"column":86}},"7":{"start":{"line":24,"column":2},"end":{"line":24,"column":14}},"8":{"start":{"line":29,"column":19},"end":{"line":29,"column":75}},"9":{"start":{"line":30,"column":2},"end":{"line":30,"column":14}},"10":{"start":{"line":35,"column":19},"end":{"line":35,"column":55}},"11":{"start":{"line":36,"column":2},"end":{"line":36,"column":14}}},"fnMap":{"0":{"name":"sendContactMessage","decl":{"start":{"line":4,"column":22},"end":{"line":4,"column":40}},"loc":{"start":{"line":4,"column":54},"end":{"line":7,"column":1}},"line":4},"1":{"name":"requestCallback","decl":{"start":{"line":10,"column":22},"end":{"line":10,"column":37}},"loc":{"start":{"line":10,"column":52},"end":{"line":13,"column":1}},"line":10},"2":{"name":"subscribeToNewsletter","decl":{"start":{"line":16,"column":22},"end":{"line":16,"column":43}},"loc":{"start":{"line":16,"column":51},"end":{"line":19,"column":1}},"line":16},"3":{"name":"unsubscribeFromNewsletter","decl":{"start":{"line":22,"column":22},"end":{"line":22,"column":47}},"loc":{"start":{"line":22,"column":55},"end":{"line":25,"column":1}},"line":22},"4":{"name":"sendFeedback","decl":{"start":{"line":28,"column":22},"end":{"line":28,"column":34}},"loc":{"start":{"line":28,"column":49},"end":{"line":31,"column":1}},"line":28},"5":{"name":"fetchFAQ","decl":{"start":{"line":34,"column":22},"end":{"line":34,"column":30}},"loc":{"start":{"line":34,"column":33},"end":{"line":37,"column":1}},"line":34}},"branchMap":{},"s":{"0":0,"1":0,"2":0,"3":0,"4":0,"5":0,"6":0,"7":0,"8":0,"9":0,"10":0,"11":0},"f":{"0":0,"1":0,"2":0,"3":0,"4":0,"5":0},"b":{}}
,"D:\\GusTest\\guscha_django_frontend\\src\\api\\index.js": {"path":"D:\\GusTest\\guscha_django_frontend\\src\\api\\index.js","statementMap":{},"fnMap":{},"branchMap":{},"s":{},"f":{},"b":{}}
,"D:\\GusTest\\guscha_django_frontend\\src\\api\\notificationsApi.js": {"path":"D:\\GusTest\\guscha_django_frontend\\src\\api\\notificationsApi.js","statementMap":{"0":{"start":{"line":5,"column":19},"end":{"line":5,"column":69}},"1":{"start":{"line":6,"column":2},"end":{"line":6,"column":14}},"2":{"start":{"line":11,"column":19},"end":{"line":11,"column":70}},"3":{"start":{"line":12,"column":2},"end":{"line":12,"column":14}},"4":{"start":{"line":17,"column":19},"end":{"line":17,"column":81}},"5":{"start":{"line":18,"column":2},"end":{"line":18,"column":14}},"6":{"start":{"line":23,"column":19},"end":{"line":23,"column":67}},"7":{"start":{"line":24,"column":2},"end":{"line":24,"column":14}},"8":{"start":{"line":29,"column":2},"end":{"line":29,"column":62}},"9":{"start":{"line":30,"column":2},"end":{"line":30,"column":14}},"10":{"start":{"line":35,"column":2},"end":{"line":35,"column":55}},"11":{"start":{"line":36,"column":2},"end":{"line":36,"column":14}},"12":{"start":{"line":41,"column":19},"end":{"line":41,"column":82}},"13":{"start":{"line":42,"column":2},"end":{"line":42,"column":14}},"14":{"start":{"line":47,"column":19},"end":{"line":47,"column":69}},"15":{"start":{"line":48,"column":2},"end":{"line":48,"column":14}}},"fnMap":{"0":{"name":"fetchNotifications","decl":{"start":{"line":4,"column":22},"end":{"line":4,"column":40}},"loc":{"start":{"line":4,"column":54},"end":{"line":7,"column":1}},"line":4},"1":{"name":"fetchUnreadCount","decl":{"start":{"line":10,"column":22},"end":{"line":10,"column":38}},"loc":{"start":{"line":10,"column":41},"end":{"line":13,"column":1}},"line":10},"2":{"name":"markAsRead","decl":{"start":{"line":16,"column":22},"end":{"line":16,"column":32}},"loc":{"start":{"line":16,"column":49},"end":{"line":19,"column":1}},"line":16},"3":{"name":"markAllAsRead","decl":{"start":{"line":22,"column":22},"end":{"line":22,"column":35}},"loc":{"start":{"line":22,"column":38},"end":{"line":25,"column":1}},"line":22},"4":{"name":"deleteNotification","decl":{"start":{"line":28,"column":22},"end":{"line":28,"column":40}},"loc":{"start":{"line":28,"column":57},"end":{"line":31,"column":1}},"line":28},"5":{"name":"deleteAllNotifications","decl":{"start":{"line":34,"column":22},"end":{"line":34,"column":44}},"loc":{"start":{"line":34,"column":47},"end":{"line":37,"column":1}},"line":34},"6":{"name":"updateNotificationPreferences","decl":{"start":{"line":40,"column":22},"end":{"line":40,"column":51}},"loc":{"start":{"line":40,"column":65},"end":{"line":43,"column":1}},"line":40},"7":{"name":"fetchNotificationPreferences","decl":{"start":{"line":46,"column":22},"end":{"line":46,"column":50}},"loc":{"start":{"line":46,"column":53},"end":{"line":49,"column":1}},"line":46}},"branchMap":{"0":{"loc":{"start":{"line":4,"column":41},"end":{"line":4,"column":52}},"type":"default-arg","locations":[{"start":{"line":4,"column":50},"end":{"line":4,"column":52}}],"line":4}},"s":{"0":0,"1":0,"2":0,"3":0,"4":0,"5":0,"6":0,"7":0,"8":0,"9":0,"10":0,"11":0,"12":0,"13":0,"14":0,"15":0},"f":{"0":0,"1":0,"2":0,"3":0,"4":0,"5":0,"6":0,"7":0},"b":{"0":[0]}}
,"D:\\GusTest\\guscha_django_frontend\\src\\api\\orderApi.js": {"path":"D:\\GusTest\\guscha_django_frontend\\src\\api\\orderApi.js","statementMap":{"0":{"start":{"line":11,"column":31},"end":{"line":19,"column":1}},"1":{"start":{"line":12,"column":2},"end":{"line":18,"column":3}},"2":{"start":{"line":13,"column":21},"end":{"line":13,"column":52}},"3":{"start":{"line":14,"column":4},"end":{"line":14,"column":16}},"4":{"start":{"line":16,"column":4},"end":{"line":16,"column":58}},"5":{"start":{"line":17,"column":4},"end":{"line":17,"column":16}},"6":{"start":{"line":26,"column":33},"end":{"line":34,"column":1}},"7":{"start":{"line":27,"column":2},"end":{"line":33,"column":3}},"8":{"start":{"line":28,"column":21},"end":{"line":28,"column":63}},"9":{"start":{"line":29,"column":4},"end":{"line":29,"column":16}},"10":{"start":{"line":31,"column":4},"end":{"line":31,"column":65}},"11":{"start":{"line":32,"column":4},"end":{"line":32,"column":16}},"12":{"start":{"line":41,"column":27},"end":{"line":49,"column":1}},"13":{"start":{"line":42,"column":2},"end":{"line":48,"column":3}},"14":{"start":{"line":43,"column":21},"end":{"line":43,"column":64}},"15":{"start":{"line":44,"column":4},"end":{"line":44,"column":16}},"16":{"start":{"line":46,"column":4},"end":{"line":46,"column":56}},"17":{"start":{"line":47,"column":4},"end":{"line":47,"column":16}},"18":{"start":{"line":56,"column":27},"end":{"line":64,"column":1}},"19":{"start":{"line":57,"column":2},"end":{"line":63,"column":3}},"20":{"start":{"line":58,"column":21},"end":{"line":58,"column":71}},"21":{"start":{"line":59,"column":4},"end":{"line":59,"column":16}},"22":{"start":{"line":61,"column":4},"end":{"line":61,"column":54}},"23":{"start":{"line":62,"column":4},"end":{"line":62,"column":16}},"24":{"start":{"line":71,"column":39},"end":{"line":79,"column":1}},"25":{"start":{"line":72,"column":2},"end":{"line":78,"column":3}},"26":{"start":{"line":73,"column":21},"end":{"line":73,"column":78}},"27":{"start":{"line":74,"column":4},"end":{"line":74,"column":16}},"28":{"start":{"line":76,"column":4},"end":{"line":76,"column":67}},"29":{"start":{"line":77,"column":4},"end":{"line":77,"column":16}},"30":{"start":{"line":86,"column":28},"end":{"line":94,"column":1}},"31":{"start":{"line":87,"column":2},"end":{"line":93,"column":3}},"32":{"start":{"line":88,"column":21},"end":{"line":88,"column":72}},"33":{"start":{"line":89,"column":4},"end":{"line":89,"column":16}},"34":{"start":{"line":91,"column":4},"end":{"line":91,"column":57}},"35":{"start":{"line":92,"column":4},"end":{"line":92,"column":16}}},"fnMap":{"0":{"name":"(anonymous_0)","decl":{"start":{"line":11,"column":31},"end":{"line":11,"column":32}},"loc":{"start":{"line":11,"column":43},"end":{"line":19,"column":1}},"line":11},"1":{"name":"(anonymous_1)","decl":{"start":{"line":26,"column":33},"end":{"line":26,"column":34}},"loc":{"start":{"line":26,"column":52},"end":{"line":34,"column":1}},"line":26},"2":{"name":"(anonymous_2)","decl":{"start":{"line":41,"column":27},"end":{"line":41,"column":28}},"loc":{"start":{"line":41,"column":48},"end":{"line":49,"column":1}},"line":41},"3":{"name":"(anonymous_3)","decl":{"start":{"line":56,"column":27},"end":{"line":56,"column":28}},"loc":{"start":{"line":56,"column":46},"end":{"line":64,"column":1}},"line":56},"4":{"name":"(anonymous_4)","decl":{"start":{"line":71,"column":39},"end":{"line":71,"column":40}},"loc":{"start":{"line":71,"column":58},"end":{"line":79,"column":1}},"line":71},"5":{"name":"(anonymous_5)","decl":{"start":{"line":86,"column":28},"end":{"line":86,"column":29}},"loc":{"start":{"line":86,"column":47},"end":{"line":94,"column":1}},"line":86}},"branchMap":{},"s":{"0":0,"1":0,"2":0,"3":0,"4":0,"5":0,"6":0,"7":0,"8":0,"9":0,"10":0,"11":0,"12":0,"13":0,"14":0,"15":0,"16":0,"17":0,"18":0,"19":0,"20":0,"21":0,"22":0,"23":0,"24":0,"25":0,"26":0,"27":0,"28":0,"29":0,"30":0,"31":0,"32":0,"33":0,"34":0,"35":0},"f":{"0":0,"1":0,"2":0,"3":0,"4":0,"5":0},"b":{}}
[...]
33}},{"start":{"line":39,"column":15},"end":{"line":39,"column":34}},{"start":{"line":40,"column":15},"end":{"line":40,"column":29}},{"start":{"line":41,"column":15},"end":{"line":41,"column":26}}],"line":38},"8":{"loc":{"start":{"line":42,"column":9},"end":{"line":47,"column":3}},"type":"if","locations":[{"start":{"line":42,"column":9},"end":{"line":47,"column":3}},{"start":{},"end":{}}],"line":42},"9":{"loc":{"start":{"line":43,"column":15},"end":{"line":46,"column":22}},"type":"binary-expr","locations":[{"start":{"line":43,"column":15},"end":{"line":43,"column":32}},{"start":{"line":44,"column":15},"end":{"line":44,"column":33}},{"start":{"line":45,"column":15},"end":{"line":45,"column":29}},{"start":{"line":46,"column":15},"end":{"line":46,"column":22}}],"line":43},"10":{"loc":{"start":{"line":50,"column":2},"end":{"line":52,"column":3}},"type":"if","locations":[{"start":{"line":50,"column":2},"end":{"line":52,"column":3}},{"start":{},"end":{}}],"line":50},"11":{"loc":{"start":{"line":63,"column":2},"end":{"line":63,"column":28}},"type":"if","locations":[{"start":{"line":63,"column":2},"end":{"line":63,"column":28}},{"start":{},"end":{}}],"line":63},"12":{"loc":{"start":{"line":65,"column":2},"end":{"line":75,"column":3}},"type":"if","locations":[{"start":{"line":65,"column":2},"end":{"line":75,"column":3}},{"start":{"line":70,"column":9},"end":{"line":75,"column":3}}],"line":65},"13":{"loc":{"start":{"line":66,"column":11},"end":{"line":69,"column":22}},"type":"binary-expr","locations":[{"start":{"line":66,"column":11},"end":{"line":66,"column":29}},{"start":{"line":67,"column":11},"end":{"line":67,"column":30}},{"start":{"line":68,"column":11},"end":{"line":68,"column":25}},{"start":{"line":69,"column":11},"end":{"line":69,"column":22}}],"line":66},"14":{"loc":{"start":{"line":70,"column":9},"end":{"line":75,"column":3}},"type":"if","locations":[{"start":{"line":70,"column":9},"end":{"line":75,"column":3}},{"start":{},"end":{}}],"line":70},"15":{"loc":{"start":{"line":71,"column":11},"end":{"line":74,"column":18}},"type":"binary-expr","locations":[{"start":{"line":71,"column":11},"end":{"line":71,"column":28}},{"start":{"line":72,"column":11},"end":{"line":72,"column":29}},{"start":{"line":73,"column":11},"end":{"line":73,"column":25}},{"start":{"line":74,"column":11},"end":{"line":74,"column":18}}],"line":71},"16":{"loc":{"start":{"line":86,"column":2},"end":{"line":86,"column":25}},"type":"if","locations":[{"start":{"line":86,"column":2},"end":{"line":86,"column":25}},{"start":{},"end":{}}],"line":86},"17":{"loc":{"start":{"line":88,"column":9},"end":{"line":88,"column":31}},"type":"binary-expr","locations":[{"start":{"line":88,"column":9},"end":{"line":88,"column":23}},{"start":{"line":88,"column":27},"end":{"line":88,"column":31}}],"line":88}},"s":{"0":2,"1":12,"2":2,"3":10,"4":4,"5":6,"6":5,"7":1,"8":2,"9":12,"10":2,"11":10,"12":10,"13":5,"14":5,"15":5,"16":10,"17":1,"18":9,"19":2,"20":7,"21":2,"22":5,"23":2,"24":3,"25":2,"26":1,"27":2,"28":14,"29":2,"30":12},"f":{"0":12,"1":12,"2":7,"3":14},"b":{"0":[2,10],"1":[4,6],"2":[4,2,1],"3":[5,1],"4":[5,3,2,1],"5":[2,10],"6":[5,5],"7":[5,3,2,1],"8":[5,0],"9":[5,2,1,1],"10":[1,9],"11":[2,5],"12":[2,3],"13":[2,0,0,0],"14":[2,1],"15":[2,0,0,0],"16":[2,12],"17":[12,2]},"_coverageSchema":"1a1c01bbd47fc00a2c39e90264f33305004495a9","hash":"e930825803fe5f8927b352896ec5ff524dd51fa6"}
,"D:\\GusTest\\guscha_django_frontend\\src\\utils\\logger.js": {"path":"D:\\GusTest\\guscha_django_frontend\\src\\utils\\logger.js","statementMap":{"0":{"start":{"line":11,"column":4},"end":{"line":16,"column":6}},"1":{"start":{"line":18,"column":4},"end":{"line":22,"column":6}},"2":{"start":{"line":31,"column":4},"end":{"line":31,"column":93}},"3":{"start":{"line":42,"column":22},"end":{"line":42,"column":46}},"4":{"start":{"line":43,"column":4},"end":{"line":43,"column":76}},"5":{"start":{"line":52,"column":4},"end":{"line":54,"column":5}},"6":{"start":{"line":53,"column":6},"end":{"line":53,"column":76}},"7":{"start":{"line":63,"column":4},"end":{"line":65,"column":5}},"8":{"start":{"line":64,"column":6},"end":{"line":64,"column":76}},"9":{"start":{"line":74,"column":4},"end":{"line":76,"column":5}},"10":{"start":{"line":75,"column":6},"end":{"line":75,"column":76}},"11":{"start":{"line":85,"column":4},"end":{"line":87,"column":5}},"12":{"start":{"line":86,"column":6},"end":{"line":86,"column":79}},"13":{"start":{"line":91,"column":22},"end":{"line":91,"column":34}}},"fnMap":{"0":{"name":"(anonymous_0)","decl":{"start":{"line":10,"column":2},"end":{"line":10,"column":3}},"loc":{"start":{"line":10,"column":22},"end":{"line":23,"column":3}},"line":10},"1":{"name":"(anonymous_1)","decl":{"start":{"line":30,"column":2},"end":{"line":30,"column":3}},"loc":{"start":{"line":30,"column":19},"end":{"line":32,"column":3}},"line":30},"2":{"name":"(anonymous_2)","decl":{"start":{"line":41,"column":2},"end":{"line":41,"column":3}},"loc":{"start":{"line":41,"column":40},"end":{"line":44,"column":3}},"line":41},"3":{"name":"(anonymous_3)","decl":{"start":{"line":51,"column":2},"end":{"line":51,"column":3}},"loc":{"start":{"line":51,"column":31},"end":{"line":55,"column":3}},"line":51},"4":{"name":"(anonymous_4)","decl":{"start":{"line":62,"column":2},"end":{"line":62,"column":3}},"loc":{"start":{"line":62,"column":30},"end":{"line":66,"column":3}},"line":62},"5":{"name":"(anonymous_5)","decl":{"start":{"line":73,"column":2},"end":{"line":73,"column":3}},"loc":{"start":{"line":73,"column":30},"end":{"line":77,"column":3}},"line":73},"6":{"name":"(anonymous_6)","decl":{"start":{"line":84,"column":2},"end":{"line":84,"column":3}},"loc":{"start":{"line":84,"column":32},"end":{"line":88,"column":3}},"line":84}},"branchMap":{"0":{"loc":{"start":{"line":19,"column":13},"end":{"line":19,"column":54}},"type":"binary-expr","locations":[{"start":{"line":19,"column":13},"end":{"line":19,"column":44}},{"start":{"line":19,"column":48},"end":{"line":19,"column":54}}],"line":19},"1":{"loc":{"start":{"line":31,"column":11},"end":{"line":31,"column":92}},"type":"binary-expr","locations":[{"start":{"line":31,"column":11},"end":{"line":31,"column":36}},{"start":{"line":31,"column":40},"end":{"line":31,"column":92}}],"line":31},"2":{"loc":{"start":{"line":52,"column":4},"end":{"line":54,"column":5}},"type":"if","locations":[{"start":{"line":52,"column":4},"end":{"line":54,"column":5}},{"start":{},"end":{}}],"line":52},"3":{"loc":{"start":{"line":53,"column":64},"end":{"line":53,"column":74}},"type":"binary-expr","locations":[{"start":{"line":53,"column":64},"end":{"line":53,"column":68}},{"start":{"line":53,"column":72},"end":{"line":53,"column":74}}],"line":53},"4":{"loc":{"start":{"line":63,"column":4},"end":{"line":65,"column":5}},"type":"if","locations":[{"start":{"line":63,"column":4},"end":{"line":65,"column":5}},{"start":{},"end":{}}],"line":63},"5":{"loc":{"start":{"line":64,"column":64},"end":{"line":64,"column":74}},"type":"binary-expr","locations":[{"start":{"line":64,"column":64},"end":{"line":64,"column":68}},{"start":{"line":64,"column":72},"end":{"line":64,"column":74}}],"line":64},"6":{"loc":{"start":{"line":74,"column":4},"end":{"line":76,"column":5}},"type":"if","locations":[{"start":{"line":74,"column":4},"end":{"line":76,"column":5}},{"start":{},"end":{}}],"line":74},"7":{"loc":{"start":{"line":75,"column":64},"end":{"line":75,"column":74}},"type":"binary-expr","locations":[{"start":{"line":75,"column":64},"end":{"line":75,"column":68}},{"start":{"line":75,"column":72},"end":{"line":75,"column":74}}],"line":75},"8":{"loc":{"start":{"line":85,"column":4},"end":{"line":87,"column":5}},"type":"if","locations":[{"start":{"line":85,"column":4},"end":{"line":87,"column":5}},{"start":{},"end":{}}],"line":85},"9":{"loc":{"start":{"line":86,"column":66},"end":{"line":86,"column":77}},"type":"binary-expr","locations":[{"start":{"line":86,"column":66},"end":{"line":86,"column":71}},{"start":{"line":86,"column":75},"end":{"line":86,"column":77}}],"line":86}},"s":{"0":3,"1":3,"2":1,"3":0,"4":0,"5":0,"6":0,"7":1,"8":0,"9":0,"10":0,"11":0,"12":0,"13":3},"f":{"0":3,"1":1,"2":0,"3":0,"4":1,"5":0,"6":0},"b":{"0":[3,3],"1":[1,0],"2":[0,0],"3":[0,0],"4":[0,1],"5":[0,0],"6":[0,0],"7":[0,0],"8":[0,0],"9":[0,0]},"_coverageSchema":"1a1c01bbd47fc00a2c39e90264f33305004495a9","hash":"89044e137e19d35eb6f14971163dd1090b550f87"}
,"D:\\GusTest\\guscha_django_frontend\\src\\utils\\scrollBackgroundToggle.js": {"path":"D:\\GusTest\\guscha_django_frontend\\src\\utils\\scrollBackgroundToggle.js","statementMap":{"0":{"start":{"line":9,"column":4},"end":{"line":9,"column":29}},"1":{"start":{"line":10,"column":4},"end":{"line":10,"column":30}},"2":{"start":{"line":11,"column":4},"end":{"line":11,"column":35}},"3":{"start":{"line":12,"column":4},"end":{"line":12,"column":30}},"4":{"start":{"line":14,"column":4},"end":{"line":14,"column":16}},"5":{"start":{"line":19,"column":4},"end":{"line":23,"column":5}},"6":{"start":{"line":20,"column":6},"end":{"line":20,"column":72}},"7":{"start":{"line":20,"column":58},"end":{"line":20,"column":70}},"8":{"start":{"line":22,"column":6},"end":{"line":22,"column":19}},"9":{"start":{"line":28,"column":4},"end":{"line":28,"column":39}},"10":{"start":{"line":30,"column":4},"end":{"line":33,"column":5}},"11":{"start":{"line":31,"column":6},"end":{"line":31,"column":71}},"12":{"start":{"line":32,"column":6},"end":{"line":32,"column":13}},"13":{"start":{"line":36,"column":26},"end":{"line":36,"column":69}},"14":{"start":{"line":37,"column":4},"end":{"line":41,"column":6}},"15":{"start":{"line":44,"column":4},"end":{"line":44,"column":29}},"16":{"start":{"line":49,"column":18},"end":{"line":49,"column":23}},"17":{"start":{"line":51,"column":25},"end":{"line":59,"column":5}},"18":{"start":{"line":52,"column":6},"end":{"line":58,"column":7}},"19":{"start":{"line":53,"column":8},"end":{"line":56,"column":11}},"20":{"start":{"line":54,"column":10},"end":{"line":54,"column":26}},"21":{"start":{"line":55,"column":10},"end":{"line":55,"column":26}},"22":{"start":{"line":57,"column":8},"end":{"line":57,"column":23}},"23":{"start":{"line":62,"column":4},"end":{"line":62,"column":71}},"24":{"start":{"line":63,"column":4},"end":{"line":63,"column":73}},"25":{"start":{"line":66,"column":31},"end":{"line":66,"column":151}},"26":{"start":{"line":67,"column":4},"end":{"line":69,"column":7}},"27":{"start":{"line":68,"column":6},"end":{"line":68,"column":74}},"28":{"start":{"line":73,"column":22},"end":{"line":73,"column":78}},"29":{"start":{"line":76,"column":4},"end":{"line":78,"column":5}},"30":{"start":{"line":77,"column":6},"end":{"line":77,"column":28}},"31":{"start":{"line":81,"column":4},"end":{"line":83,"column":5}},"32":{"start":{"line":82,"column":6},"end":{"line":82,"column":39}},"33":{"start":{"line":86,"column":4},"end":{"line":90,"column":12}},"34":{"start":{"line":87,"column":6},"end":{"line":89,"column":7}},"35":{"start":{"line":88,"column":8},"end":{"line":88,"column":30}},"36":{"start":{"line":94,"column":4},"end":{"line":94,"column":56}},"37":{"start":{"line":94,"column":49},"end":{"line":94,"column":56}},"38":{"start":{"line":96,"column":4},"end":{"line":96,"column":28}},"39":{"start":{"line":99,"column":4},"end":{"line":99,"column":75}},"40":{"start":{"line":100,"column":4},"end":{"line":100,"column":54}},"41":{"start":{"line":103,"column":4},"end":{"line":103,"column":56}},"42":{"start":{"line":107,"column":4},"end":{"line":107,"column":57}},"43":{"start":{"line":107,"column":50},"end":{"line":107,"column":57}},"44":{"start":{"line":109,"column":4},"end":{"line":109,"column":29}},"45":{"start":{"line":112,"column":4},"end":{"line":112,"column":74}},"46":{"start":{"line":113,"column":4},"end":{"line":113,"column":87}},"47":{"start":{"line":116,"column":4},"end":{"line":116,"column":59}},"48":{"start":{"line":119,"column":4},"end":{"line":123,"column":12}},"49":{"start":{"line":120,"column":6},"end":{"line":122,"column":7}},"50":{"start":{"line":121,"column":8},"end":{"line":121,"column":49}},"51":{"start":{"line":128,"column":4},"end":{"line":128,"column":17}},"52":{"start":{"line":133,"column":4},"end":{"line":135,"column":5}},"53":{"start":{"line":134,"column":6},"end":{"line":134,"column":39}},"54":{"start":{"line":138,"column":4},"end":{"line":142,"column":5}},"55":{"start":{"line":139,"column":6},"end":{"line":139,"column":89}},"56":{"start":{"line":140,"column":6},"end":{"line":140,"column":61}},"57":{"start":{"line":141,"column":6},"end":{"line":141,"column":47}},"58":{"start":{"line":147,"column":31},"end":{"line":147,"column":59}},"59":{"start":{"line":153,"column":0},"end":{"line":156,"column":1}},"60":{"start":{"line":154,"column":2},"end":{"line":154,"column":57}},"61":{"start":{"line":155,"column":2},"end":{"line":155,"column":57}}},"fnMap":{"0":{"name":"(anonymous_0)","decl":{"start":{"line":8,"column":2},"end":{"line":8,"column":3}},"loc":{"start":{"line":8,"column":16},"end":{"line":15,"column":3}},"line":8},"1":{"name":"(anonymous_1)","decl":{"start":{"line":17,"column":2},"end":{"line":17,"column":3}},"loc":{"start":{"line":17,"column":9},"end":{"line":24,"column":3}},"line":17},"2":{"name":"(anonymous_2)","decl":{"start":{"line":20,"column":52},"end":{"line":20,"column":53}},"loc":{"start":{"line":20,"column":58},"end":{"line":20,"column":70}},"line":20},"3":{"name":"(anonymous_3)","decl":{"start":{"line":26,"column":2},"end":{"line":26,"column":3}},"loc":{"start":{"line":26,"column":10},"end":{"line":45,"column":3}},"line":26},"4":{"name":"(anonymous_4)","decl":{"start":{"line":47,"column":2},"end":{"line":47,"column":3}},"loc":{"start":{"line":47,"column":22},"end":{"line":70,"column":3}},"line":47},"5":{"name":"(anonymous_5)","decl":{"start":{"line":51,"column":25},"end":{"line":51,"column":26}},"loc":{"start":{"line":51,"column":31},"end":{"line":59,"column":5}},"line":51},"6":{"name":"(anonymous_6)","decl":{"start":{"line":53,"column":30},"end":{"line":53,"column":31}},"loc":{"start":{"line":53,"column":36},"end":{"line":56,"column":9}},"line":53},"7":{"name":"(anonymous_7)","decl":{"start":{"line":67,"column":31},"end":{"line":67,"column":32}},"loc":{"start":{"line":67,"column":42},"end":{"line":69,"column":5}},"line":67},"8":{"name":"(anonymous_8)","decl":{"start":{"line":72,"column":2},"end":{"line":72,"column":3}},"loc":{"start":{"line":72,"column":13},"end":{"line":91,"column":3}},"line":72},"9":{"name":"(anonymous_9)","decl":{"start":{"line":86,"column":36},"end":{"line":86,"column":37}},"loc":{"start":{"line":86,"column":42},"end":{"line":90,"column":5}},"line":86},"10":{"name":"(anonymous_10)","decl":{"start":{"line":93,"column":2},"end":{"line":93,"column":3}},"loc":{"start":{"line":93,"column":19},"end":{"line":104,"column":3}},"line":93},"11":{"name":"(anonymous_11)","decl":{"start":{"line":106,"column":2},"end":{"line":106,"column":3}},"loc":{"start":{"line":106,"column":19},"end":{"line":124,"column":3}},"line":106},"12":{"name":"(anonymous_12)","decl":{"start":{"line":119,"column":15},"end":{"line":119,"column":16}},"loc":{"start":{"line":119,"column":21},"end":{"line":123,"column":5}},"line":119},"13":{"name":"(anonymous_13)","decl":{"start":{"line":127,"column":2},"end":{"line":127,"column":3}},"loc":{"start":{"line":127,"column":12},"end":{"line":129,"column":3}},"line":127},"14":{"name":"(anonymous_14)","decl":{"start":{"line":132,"column":2},"end":{"line":132,"column":3}},"loc":{"start":{"line":132,"column":12},"end":{"line":143,"column":3}},"line":132}},"branchMap":{"0":{"loc":{"start":{"line":19,"column":4},"end":{"line":23,"column":5}},"type":"if","locations":[{"start":{"line":19,"column":4},"end":{"line":23,"column":5}},{"start":{"line":21,"column":11},"end":{"line":23,"column":5}}],"line":19},"1":{"loc":{"start":{"line":30,"column":4},"end":{"line":33,"column":5}},"type":"if","locations":[{"start":{"line":30,"column":4},"end":{"line":33,"column":5}},{"start":{},"end":{}}],"line":30},"2":{"loc":{"start":{"line":52,"column":6},"end":{"line":58,"column":7}},"type":"if","locations":[{"start":{"line":52,"column":6},"end":{"line":58,"column":7}},{"start":{},"end":{}}],"line":52},"3":{"loc":{"start":{"line":73,"column":22},"end":{"line":73,"column":78}},"type":"binary-expr","locations":[{"start":{"line":73,"column":22},"end":{"line":73,"column":40}},{"start":{"line":73,"column":44},"end":{"line":73,"column":78}}],"line":73},"4":{"loc":{"start":{"line":76,"column":4},"end":{"line":78,"column":5}},"type":"if","locations":[{"start":{"line":76,"column":4},"end":{"line":78,"column":5}},{"start":{},"end":{}}],"line":76},"5":{"loc":{"start":{"line":76,"column":8},"end":{"line":76,"column":42}},"type":"binary-expr","locations":[{"start":{"line":76,"column":8},"end":{"line":76,"column":21}},{"start":{"line":76,"column":25},"end":{"line":76,"column":42}}],"line":76},"6":{"loc":{"start":{"line":81,"column":4},"end":{"line":83,"column":5}},"type":"if","locations":[{"start":{"line":81,"column":4},"end":{"line":83,"column":5}},{"start":{},"end":{}}],"line":81},"7":{"loc":{"start":{"line":87,"column":6},"end":{"line":89,"column":7}},"type":"if","locations":[{"start":{"line":87,"column":6},"end":{"line":89,"column":7}},{"start":{},"end":{}}],"line":87},"8":{"loc":{"start":{"line":94,"column":4},"end":{"line":94,"column":56}},"type":"if","locations":[{"start":{"line":94,"column":4},"end":{"line":94,"column":56}},{"start":{},"end":{}}],"line":94},"9":{"loc":{"start":{"line":94,"column":8},"end":{"line":94,"column":47}},"type":"binary-expr","locations":[{"start":{"line":94,"column":8},"end":{"line":94,"column":27}},{"start":{"line":94,"column":31},"end":{"line":94,"column":47}}],"line":94},"10":{"loc":{"start":{"line":107,"column":4},"end":{"line":107,"column":57}},"type":"if","locations":[{"start":{"line":107,"column":4},"end":{"line":107,"column":57}},{"start":{},"end":{}}],"line":107},"11":{"loc":{"start":{"line":107,"column":8},"end":{"line":107,"column":48}},"type":"binary-expr","locations":[{"start":{"line":107,"column":8},"end":{"line":107,"column":27}},{"start":{"line":107,"column":31},"end":{"line":107,"column":48}}],"line":107},"12":{"loc":{"start":{"line":120,"column":6},"end":{"line":122,"column":7}},"type":"if","locations":[{"start":{"line":120,"column":6},"end":{"line":122,"column":7}},{"start":{},"end":{}}],"line":120},"13":{"loc":{"start":{"line":133,"column":4},"end":{"line":135,"column":5}},"type":"if","locations":[{"start":{"line":133,"column":4},"end":{"line":135,"column":5}},{"start":{},"end":{}}],"line":133},"14":{"loc":{"start":{"line":138,"column":4},"end":{"line":142,"column":5}},"type":"if","locations":[{"start":{"line":138,"column":4},"end":{"line":142,"column":5}},{"start":{},"end":{}}],"line":138},"15":{"loc":{"start":{"line":138,"column":8},"end":{"line":138,"column":53}},"type":"binary-expr","locations":[{"start":{"line":138,"column":8},"end":{"line":138,"column":26}},{"start":{"line":138,"column":30},"end":{"line":138,"column":53}}],"line":138},"16":{"loc":{"start":{"line":153,"column":0},"end":{"line":156,"column":1}},"type":"if","locations":[{"start":{"line":153,"column":0},"end":{"line":156,"column":1}},{"start":{},"end":{}}],"line":153}},"s":{"0":3,"1":3,"2":3,"3":3,"4":3,"5":3,"6":0,"7":0,"8":3,"9":3,"10":3,"11":0,"12":0,"13":3,"14":3,"15":3,"16":3,"17":3,"18":0,"19":0,"20":0,"21":0,"22":0,"23":3,"24":3,"25":3,"26":3,"27":0,"28":0,"29":0,"30":0,"31":0,"32":0,"33":0,"34":0,"35":0,"36":0,"37":0,"38":0,"39":0,"40":0,"41":0,"42":0,"43":0,"44":0,"45":0,"46":0,"47":0,"48":0,"49":0,"50":0,"51":0,"52":0,"53":0,"54":0,"55":0,"56":0,"57":0,"58":3,"59":3,"60":3,"61":3},"f":{"0":3,"1":3,"2":0,"3":3,"4":3,"5":0,"6":0,"7":0,"8":0,"9":0,"10":0,"11":0,"12":0,"13":0,"14":0},"b":{"0":[0,3],"1":[0,3],"2":[0,0],"3":[0,0],"4":[0,0],"5":[0,0],"6":[0,0],"7":[0,0],"8":[0,0],"9":[0,0],"10":[0,0],"11":[0,0],"12":[0,0],"13":[0,0],"14":[0,0],"15":[0,0],"16":[3,0]},"_coverageSchema":"1a1c01bbd47fc00a2c39e90264f33305004495a9","hash":"760dfa892802b2df08a04fef39010eadfd7c2440"}
}
