TN:
SF:src\App.js
FN:14,(anonymous_0)
FN:15,(anonymous_1)
FN:16,(anonymous_2)
FN:17,(anonymous_3)
FN:18,(anonymous_4)
FN:19,(anonymous_5)
FN:20,(anonymous_6)
FN:21,(anonymous_7)
FN:22,(anonymous_8)
FN:23,(anonymous_9)
FN:25,AppContent
FN:30,(anonymous_11)
FN:38,(anonymous_12)
FN:44,(anonymous_13)
FN:52,(anonymous_14)
FN:110,App
FNF:16
FNH:0
FNDA:0,(anonymous_0)
FNDA:0,(anonymous_1)
FNDA:0,(anonymous_2)
FNDA:0,(anonymous_3)
FNDA:0,(anonymous_4)
FNDA:0,(anonymous_5)
FNDA:0,(anonymous_6)
FNDA:0,(anonymous_7)
FNDA:0,(anonymous_8)
FNDA:0,(anonymous_9)
FNDA:0,AppContent
FNDA:0,(anonymous_11)
FNDA:0,(anonymous_12)
FNDA:0,(anonymous_13)
FNDA:0,(anonymous_14)
FNDA:0,App
DA:14,0
DA:15,0
DA:16,0
DA:17,0
DA:18,0
DA:19,0
DA:20,0
DA:21,0
DA:22,0
DA:23,0
DA:26,0
DA:27,0
DA:28,0
DA:29,0
DA:30,0
DA:31,0
DA:32,0
DA:35,0
DA:38,0
DA:39,0
DA:40,0
DA:44,0
DA:47,0
DA:48,0
DA:52,0
DA:53,0
DA:54,0
DA:76,0
DA:111,0
LF:29
LH:0
BRDA:47,0,0,0
BRDA:47,0,1,0
BRDA:47,1,0,0
BRDA:47,1,1,0
BRDA:53,2,0,0
BRDA:53,2,1,0
BRDA:53,3,0,0
BRDA:53,3,1,0
BRDA:81,4,0,0
BRDA:81,4,1,0
BRDA:102,5,0,0
BRDA:102,5,1,0
BRF:12
BRH:0
end_of_record
TN:
SF:src\BurgerMenu.jsx
FN:6,(anonymous_0)
FN:19,(anonymous_1)
FN:21,(anonymous_2)
FN:23,(anonymous_3)
FN:27,(anonymous_4)
FN:36,(anonymous_5)
FN:41,(anonymous_6)
FN:47,(anonymous_7)
FN:48,(anonymous_8)
FN:52,(anonymous_9)
FN:56,(anonymous_10)
FN:57,(anonymous_11)
FN:87,(anonymous_12)
FN:89,(anonymous_13)
FN:104,(anonymous_14)
FN:112,(anonymous_15)
FN:158,(anonymous_16)
FN:169,(anonymous_17)
FN:182,(anonymous_18)
FN:185,(anonymous_19)
FNF:20
FNH:0
FNDA:0,(anonymous_0)
FNDA:0,(anonymous_1)
FNDA:0,(anonymous_2)
FNDA:0,(anonymous_3)
FNDA:0,(anonymous_4)
FNDA:0,(anonymous_5)
FNDA:0,(anonymous_6)
FNDA:0,(anonymous_7)
FNDA:0,(anonymous_8)
FNDA:0,(anonymous_9)
FNDA:0,(anonymous_10)
FNDA:0,(anonymous_11)
FNDA:0,(anonymous_12)
FNDA:0,(anonymous_13)
FNDA:0,(anonymous_14)
FNDA:0,(anonymous_15)
FNDA:0,(anonymous_16)
FNDA:0,(anonymous_17)
FNDA:0,(anonymous_18)
FNDA:0,(anonymous_19)
DA:6,0
DA:12,0
DA:13,0
DA:14,0
DA:16,0
DA:17,0
DA:19,0
DA:20,0
DA:21,0
DA:23,0
DA:27,0
DA:28,0
DA:29,0
DA:31,0
DA:36,0
DA:37,0
DA:38,0
DA:39,0
DA:41,0
DA:42,0
DA:47,0
DA:48,0
DA:49,0
DA:51,0
DA:52,0
DA:56,0
DA:57,0
DA:58,0
DA:60,0
DA:62,0
DA:65,0
DA:66,0
DA:67,0
DA:68,0
DA:69,0
DA:70,0
DA:71,0
DA:72,0
DA:74,0
DA:75,0
DA:79,0
DA:80,0
DA:82,0
DA:83,0
DA:84,0
DA:86,0
DA:87,0
DA:89,0
DA:90,0
DA:91,0
DA:95,0
DA:97,0
DA:98,0
DA:101,0
DA:104,0
DA:105,0
DA:106,0
DA:107,0
DA:112,0
DA:113,0
DA:114,0
DA:115,0
DA:118,0
DA:119,0
DA:123,0
DA:159,0
DA:169,0
DA:182,0
DA:185,0
DA:194,0
LF:70
LH:0
BRDA:7,0,0,0
BRDA:8,1,0,0
BRDA:16,2,0,0
BRDA:16,2,1,0
BRDA:17,3,0,0
BRDA:17,3,1,0
BRDA:20,4,0,0
BRDA:20,4,1,0
BRDA:28,5,0,0
BRDA:28,5,1,0
BRDA:37,6,0,0
BRDA:37,6,1,0
BRDA:38,7,0,0
BRDA:38,7,1,0
BRDA:42,8,0,0
BRDA:42,8,1,0
BRDA:49,9,0,0
BRDA:49,9,1,0
BRDA:49,10,0,0
BRDA:49,10,1,0
BRDA:51,11,0,0
BRDA:51,11,1,0
BRDA:60,12,0,0
BRDA:60,12,1,0
BRDA:60,13,0,0
BRDA:60,13,1,0
BRDA:60,13,2,0
BRDA:66,14,0,0
BRDA:66,14,1,0
BRDA:86,15,0,0
BRDA:86,15,1,0
BRDA:86,16,0,0
BRDA:86,16,1,0
BRDA:91,17,0,0
BRDA:91,17,1,0
BRDA:95,18,0,0
BRDA:95,18,1,0
BRDA:106,19,0,0
BRDA:106,19,1,0
BRDA:107,20,0,0
BRDA:107,20,1,0
BRDA:114,21,0,0
BRDA:114,21,1,0
BRDA:118,22,0,0
BRDA:118,22,1,0
BRDA:118,23,0,0
BRDA:118,23,1,0
BRDA:118,24,0,0
BRDA:118,24,1,0
BRDA:119,25,0,0
BRDA:119,25,1,0
BRDA:119,26,0,0
BRDA:119,26,1,0
BRDA:119,27,0,0
BRDA:119,27,1,0
BRDA:126,28,0,0
BRDA:126,28,1,0
BRDA:129,29,0,0
BRDA:129,29,1,0
BRDA:141,30,0,0
BRDA:141,30,1,0
BRDA:156,31,0,0
BRDA:156,31,1,0
BRDA:159,32,0,0
BRDA:159,32,1,0
BRDA:159,33,0,0
BRDA:159,33,1,0
BRDA:162,34,0,0
BRDA:162,34,1,0
BRDA:168,35,0,0
BRDA:168,35,1,0
BRDA:201,36,0,0
BRDA:201,36,1,0
BRDA:201,37,0,0
BRDA:201,37,1,0
BRF:75
BRH:0
end_of_record
TN:
SF:src\HeroSection.jsx
FN:7,ScrollDownArrow
FN:8,(anonymous_1)
FN:36,(anonymous_2)
FNF:3
FNH:0
FNDA:0,ScrollDownArrow
FNDA:0,(anonymous_1)
FNDA:0,(anonymous_2)
DA:8,0
DA:9,0
DA:10,0
DA:11,0
DA:16,0
DA:36,0
DA:37,0
DA:38,0
DA:41,0
DA:43,0
LF:10
LH:0
BRDA:10,0,0,0
BRDA:10,0,1,0
BRDA:19,1,0,0
BRDA:19,1,1,0
BRF:4
BRH:0
end_of_record
TN:
SF:src\index.js
FNF:0
FNH:0
DA:7,0
DA:8,0
DA:17,0
LF:3
LH:0
BRF:0
BRH:0
end_of_record
TN:
SF:src\reportWebVitals.js
FN:1,(anonymous_0)
FN:3,(anonymous_1)
FNF:2
FNH:0
FNDA:0,(anonymous_0)
FNDA:0,(anonymous_1)
DA:1,0
DA:2,0
DA:3,0
DA:4,0
DA:5,0
DA:6,0
DA:7,0
DA:8,0
LF:8
LH:0
BRDA:2,0,0,0
BRDA:2,0,1,0
BRDA:2,1,0,0
BRDA:2,1,1,0
BRF:4
BRH:0
end_of_record
TN:
SF:src\api\addressApi.js
FN:11,(anonymous_0)
FN:26,(anonymous_1)
FN:42,(anonymous_2)
FN:57,(anonymous_3)
FN:72,(anonymous_4)
FNF:5
FNH:0
FNDA:0,(anonymous_0)
FNDA:0,(anonymous_1)
FNDA:0,(anonymous_2)
FNDA:0,(anonymous_3)
FNDA:0,(anonymous_4)
DA:11,0
DA:12,0
DA:13,0
DA:14,0
DA:16,0
DA:17,0
DA:26,0
DA:27,0
DA:28,0
DA:29,0
DA:31,0
DA:32,0
DA:42,0
DA:43,0
DA:44,0
DA:45,0
DA:47,0
DA:48,0
DA:57,0
DA:58,0
DA:59,0
DA:60,0
DA:62,0
DA:63,0
DA:72,0
DA:73,0
DA:74,0
DA:75,0
DA:77,0
DA:78,0
LF:30
LH:0
BRF:0
BRH:0
end_of_record
TN:
SF:src\api\addresses.js
FN:5,(anonymous_0)
FN:8,(anonymous_1)
FN:9,(anonymous_2)
FN:12,(anonymous_3)
FN:15,(anonymous_4)
FN:18,(anonymous_5)
FN:21,(anonymous_6)
FN:24,(anonymous_7)
FN:27,(anonymous_8)
FN:30,(anonymous_9)
FN:33,(anonymous_10)
FNF:11
FNH:0
FNDA:0,(anonymous_0)
FNDA:0,(anonymous_1)
FNDA:0,(anonymous_2)
FNDA:0,(anonymous_3)
FNDA:0,(anonymous_4)
FNDA:0,(anonymous_5)
FNDA:0,(anonymous_6)
FNDA:0,(anonymous_7)
FNDA:0,(anonymous_8)
FNDA:0,(anonymous_9)
FNDA:0,(anonymous_10)
DA:3,1
DA:5,0
DA:8,0
DA:9,0
DA:12,0
DA:15,0
DA:18,0
DA:21,0
DA:24,0
DA:27,0
DA:30,0
DA:33,0
LF:12
LH:1
BRF:0
BRH:0
end_of_record
TN:
SF:src\api\authApi.js
FN:3,login
FN:10,register
FN:56,(anonymous_2)
FN:82,fetchProfile
FN:87,logout
FN:96,changePassword
FN:112,requestPasswordReset
FN:118,confirmPasswordReset
FN:127,getCsrfToken
FN:140,checkTelegramBotStatus
FN:147,activateTelegramBot
FN:156,verifyTelegramCode
FN:164,requestTelegramPasswordReset
FN:171,confirmTelegramPasswordReset
FNF:14
FNH:14
FNDA:2,login
FNDA:7,register
FNDA:2,(anonymous_2)
FNDA:2,fetchProfile
FNDA:2,logout
FNDA:3,changePassword
FNDA:2,requestPasswordReset
FNDA:2,confirmPasswordReset
FNDA:3,getCsrfToken
FNDA:2,checkTelegramBotStatus
FNDA:2,activateTelegramBot
FNDA:2,verifyTelegramCode
FNDA:2,requestTelegramPasswordReset
FNDA:2,confirmTelegramPasswordReset
DA:4,2
DA:6,1
DA:7,1
DA:11,7
DA:12,7
DA:13,7
DA:14,2
DA:16,2
DA:17,1
DA:20,2
DA:23,5
DA:24,5
DA:25,5
DA:26,5
DA:27,5
DA:28,5
DA:29,5
DA:30,5
DA:31,5
DA:32,5
DA:35,5
DA:36,4
DA:39,4
DA:41,4
DA:42,1
DA:43,3
DA:44,1
DA:45,2
DA:46,0
DA:47,2
DA:48,0
DA:49,2
DA:50,1
DA:55,1
DA:56,1
DA:57,2
DA:58,2
DA:60,0
DA:63,1
DA:64,1
DA:68,4
DA:69,4
DA:70,4
DA:71,4
DA:72,4
DA:76,1
DA:77,1
DA:78,1
DA:83,2
DA:84,1
DA:88,2
DA:89,2
DA:92,2
DA:97,3
DA:104,2
DA:105,1
DA:108,2
DA:113,2
DA:114,1
DA:119,2
DA:124,1
DA:129,3
DA:130,3
DA:131,4
DA:132,4
DA:133,1
DA:136,2
DA:141,2
DA:144,1
DA:148,2
DA:153,1
DA:157,2
DA:161,1
DA:165,2
DA:168,1
DA:172,2
DA:177,1
LF:77
LH:74
BRDA:16,0,0,1
BRDA:16,0,1,1
BRDA:35,1,0,4
BRDA:35,1,1,1
BRDA:41,2,0,1
BRDA:41,2,1,3
BRDA:43,3,0,1
BRDA:43,3,1,2
BRDA:45,4,0,0
BRDA:45,4,1,2
BRDA:47,5,0,0
BRDA:47,5,1,2
BRDA:49,6,0,1
BRDA:49,6,1,1
BRDA:50,7,0,1
BRDA:50,7,1,0
BRDA:57,8,0,2
BRDA:57,8,1,0
BRDA:63,9,0,1
BRDA:63,9,1,0
BRDA:104,10,0,1
BRDA:104,10,1,1
BRDA:132,11,0,1
BRDA:132,11,1,3
BRF:24
BRH:19
end_of_record
TN:
SF:src\api\axiosInstance.js
FN:6,(anonymous_0)
FN:26,getCSRFToken
FN:38,(anonymous_2)
FN:76,(anonymous_3)
FN:77,(anonymous_4)
FNF:5
FNH:1
FNDA:11,(anonymous_0)
FNDA:0,getCSRFToken
FNDA:0,(anonymous_2)
FNDA:0,(anonymous_3)
FNDA:0,(anonymous_4)
DA:6,11
DA:8,11
DA:9,11
DA:14,0
DA:17,11
DA:27,0
DA:28,0
DA:29,0
DA:30,0
DA:31,0
DA:34,0
DA:38,11
DA:40,0
DA:41,0
DA:43,0
DA:45,0
DA:48,0
DA:53,0
DA:54,0
DA:56,0
DA:57,0
DA:58,0
DA:59,0
DA:62,0
DA:67,0
DA:68,0
DA:71,0
DA:75,11
DA:76,0
DA:78,0
DA:81,0
DA:83,0
DA:88,0
DA:91,0
LF:34
LH:6
BRDA:8,0,0,11
BRDA:8,0,1,0
BRDA:30,1,0,0
BRDA:30,1,1,0
BRDA:41,2,0,0
BRDA:41,2,1,0
BRDA:43,3,0,0
BRDA:43,3,1,0
BRDA:53,4,0,0
BRDA:53,4,1,0
BRDA:56,5,0,0
BRDA:56,5,1,0
BRDA:58,6,0,0
BRDA:58,6,1,0
BRDA:67,7,0,0
BRDA:67,7,1,0
BRDA:67,8,0,0
BRDA:67,8,1,0
BRDA:81,9,0,0
BRDA:81,9,1,0
BRDA:81,10,0,0
BRDA:81,10,1,0
BRDA:83,11,0,0
BRDA:83,11,1,0
BRDA:83,11,2,0
BRDA:83,11,3,0
BRF:26
BRH:1
end_of_record
TN:
SF:src\api\backgroundApi.js
FN:10,(anonymous_0)
FN:23,(anonymous_1)
FN:37,(anonymous_2)
FN:51,(anonymous_3)
FN:64,(anonymous_4)
FN:77,(anonymous_5)
FN:91,(anonymous_6)
FN:104,(anonymous_7)
FNF:8
FNH:0
FNDA:0,(anonymous_0)
FNDA:0,(anonymous_1)
FNDA:0,(anonymous_2)
FNDA:0,(anonymous_3)
FNDA:0,(anonymous_4)
FNDA:0,(anonymous_5)
FNDA:0,(anonymous_6)
FNDA:0,(anonymous_7)
DA:11,0
DA:12,0
DA:13,0
DA:15,0
DA:16,0
DA:24,0
DA:25,0
DA:26,0
DA:28,0
DA:29,0
DA:38,0
DA:39,0
DA:40,0
DA:42,0
DA:43,0
DA:52,0
DA:53,0
DA:54,0
DA:56,0
DA:57,0
DA:65,0
DA:66,0
DA:67,0
DA:69,0
DA:70,0
DA:78,0
DA:79,0
DA:80,0
DA:82,0
DA:83,0
DA:92,0
DA:93,0
DA:94,0
DA:96,0
DA:97,0
DA:105,0
DA:106,0
DA:107,0
DA:109,0
DA:110,0
DA:115,0
LF:41
LH:0
BRF:0
BRH:0
end_of_record
TN:
SF:src\api\cartApi.js
FN:3,getCartItems
FN:19,addCartItem
FN:38,addPreorderItem
FN:57,updateCartItem
FN:74,removeCartItem
FN:92,clearCart
FN:105,createCartReservations
FN:121,applyPromoCode
FN:126,removePromoCode
FN:131,getAvailablePromoCodes
FN:136,validatePromoCode
FNF:11
FNH:11
FNDA:3,getCartItems
FNDA:3,addCartItem
FNDA:3,addPreorderItem
FNDA:3,updateCartItem
FNDA:3,removeCartItem
FNDA:2,clearCart
FNDA:2,createCartReservations
FNDA:1,applyPromoCode
FNDA:1,removePromoCode
FNDA:1,getAvailablePromoCodes
FNDA:1,validatePromoCode
DA:4,3
DA:5,3
DA:6,3
DA:8,3
DA:10,3
DA:11,2
DA:12,2
DA:14,1
DA:15,1
DA:20,3
DA:21,3
DA:22,1
DA:24,3
DA:25,3
DA:26,3
DA:28,3
DA:29,3
DA:30,2
DA:31,2
DA:33,1
DA:34,1
DA:39,3
DA:40,3
DA:41,1
DA:43,3
DA:44,3
DA:45,3
DA:47,3
DA:48,3
DA:49,2
DA:50,2
DA:52,1
DA:53,1
DA:58,3
DA:60,3
DA:61,3
DA:62,1
DA:63,1
DA:65,2
DA:66,2
DA:67,1
DA:68,1
DA:70,1
DA:75,3
DA:77,3
DA:78,3
DA:79,1
DA:80,1
DA:82,2
DA:83,2
DA:84,1
DA:86,1
DA:88,1
DA:93,2
DA:95,2
DA:96,2
DA:97,1
DA:98,1
DA:100,1
DA:101,1
DA:106,2
DA:107,2
DA:108,2
DA:110,2
DA:111,2
DA:112,1
DA:113,1
DA:115,1
DA:116,1
DA:122,1
DA:123,1
DA:127,1
DA:128,1
DA:132,1
DA:133,1
DA:137,1
DA:138,1
LF:77
LH:77
BRDA:19,0,0,2
BRDA:19,1,0,2
BRDA:21,2,0,1
BRDA:21,2,1,2
BRDA:38,3,0,2
BRDA:38,4,0,2
BRDA:40,5,0,1
BRDA:40,5,1,2
BRDA:66,6,0,1
BRDA:66,6,1,1
BRDA:83,7,0,1
BRDA:83,7,1,1
BRF:12
BRH:12
end_of_record
TN:
SF:src\api\contactApi.js
FN:4,sendContactMessage
FN:10,requestCallback
FN:16,subscribeToNewsletter
FN:22,unsubscribeFromNewsletter
FN:28,sendFeedback
FN:34,fetchFAQ
FNF:6
FNH:0
FNDA:0,sendContactMessage
FNDA:0,requestCallback
FNDA:0,subscribeToNewsletter
FNDA:0,unsubscribeFromNewsletter
FNDA:0,sendFeedback
FNDA:0,fetchFAQ
DA:5,0
DA:6,0
DA:11,0
DA:12,0
DA:17,0
DA:18,0
DA:23,0
DA:24,0
DA:29,0
DA:30,0
DA:35,0
DA:36,0
LF:12
LH:0
BRF:0
BRH:0
end_of_record
TN:
SF:src\api\index.js
FNF:0
FNH:0
LF:0
LH:0
BRF:0
BRH:0
end_of_record
TN:
SF:src\api\notificationsApi.js
FN:4,fetchNotifications
FN:10,fetchUnreadCount
FN:16,markAsRead
FN:22,markAllAsRead
FN:28,deleteNotification
FN:34,deleteAllNotifications
FN:40,updateNotificationPreferences
FN:46,fetchNotificationPreferences
FNF:8
FNH:0
FNDA:0,fetchNotifications
FNDA:0,fetchUnreadCount
FNDA:0,markAsRead
FNDA:0,markAllAsRead
FNDA:0,deleteNotification
FNDA:0,deleteAllNotifications
FNDA:0,updateNotificationPreferences
FNDA:0,fetchNotificationPreferences
DA:5,0
DA:6,0
DA:11,0
DA:12,0
DA:17,0
DA:18,0
DA:23,0
DA:24,0
DA:29,0
DA:30,0
DA:35,0
DA:36,0
DA:41,0
DA:42,0
DA:47,0
DA:48,0
LF:16
LH:0
BRDA:4,0,0,0
BRF:1
BRH:0
end_of_record
TN:
SF:src\api\orderApi.js
FN:11,(anonymous_0)
FN:26,(anonymous_1)
FN:41,(anonymous_2)
FN:56,(anonymous_3)
FN:71,(anonymous_4)
FN:86,(anonymous_5)
FNF:6
FNH:0
FNDA:0,(anonymous_0)
FNDA:0,(anonymous_1)
FNDA:0,(anonymous_2)
FNDA:0,(anonymous_3)
FNDA:0,(anonymous_4)
FNDA:0,(anonymous_5)
DA:11,0
DA:12,0
DA:13,0
DA:14,0
DA:16,0
DA:17,0
DA:26,0
DA:27,0
DA:28,0
DA:29,0
DA:31,0
DA:32,0
DA:41,0
DA:42,0
DA:43,0
DA:44,0
DA:46,0
DA:47,0
DA:56,0
DA:57,0
DA:58,0
DA:59,0
DA:61,0
DA:62,0
DA:71,0
DA:72,0
DA:73,0
DA:74,0
DA:76,0
DA:77,0
DA:86,0
DA:87,0
DA:88,0
DA:89,0
DA:91,0
DA:92,0
LF:36
LH:0
BRF:0
BRH:0
end_of_record
TN:
SF:src\api\ordersApi.js
FN:4,fetchUserOrders
FN:10,fetchOrderDetails
FN:16,createOrder
FN:22,cancelOrder
FN:28,fetchDeliveryMethods
FN:34,fetchPaymentMethods
FN:40,checkPaymentStatus
FN:46,initiatePayment
FNF:8
FNH:8
FNDA:2,fetchUserOrders
FNDA:2,fetchOrderDetails
FNDA:3,createOrder
FNDA:2,cancelOrder
FNDA:2,fetchDeliveryMethods
FNDA:2,fetchPaymentMethods
FNDA:2,checkPaymentStatus
FNDA:2,initiatePayment
DA:5,2
DA:6,1
DA:11,2
DA:12,1
DA:17,3
DA:18,2
DA:23,2
DA:24,1
DA:29,2
DA:30,1
DA:35,2
DA:36,1
DA:41,2
DA:42,1
DA:47,2
DA:48,1
LF:16
LH:16
BRDA:22,0,0,2
BRF:1
BRH:1
end_of_record
TN:
SF:src\api\preordersApi.js
FN:4,fetchPreorders
FN:10,fetchPreorderDetails
FN:16,fetchPreorderSizes
FN:22,createPreorderRequest
FN:28,checkPreorderRequestStatus
FN:34,cancelPreorderRequest
FN:40,fetchUserPreorderRequests
FNF:7
FNH:0
FNDA:0,fetchPreorders
FNDA:0,fetchPreorderDetails
FNDA:0,fetchPreorderSizes
FNDA:0,createPreorderRequest
FNDA:0,checkPreorderRequestStatus
FNDA:0,cancelPreorderRequest
FNDA:0,fetchUserPreorderRequests
DA:5,0
DA:6,0
DA:11,0
DA:12,0
DA:17,0
DA:18,0
DA:23,0
DA:24,0
DA:29,0
DA:30,0
DA:35,0
DA:36,0
DA:41,0
DA:42,0
LF:14
LH:0
BRDA:4,0,0,0
BRF:1
BRH:0
end_of_record
TN:
SF:src\api\productsApi.js
FN:3,fetchProducts
FN:8,fetchProductDetails
FN:13,fetchCategories
FN:18,fetchSizes
FNF:4
FNH:4
FNDA:3,fetchProducts
FNDA:3,fetchProductDetails
FNDA:3,fetchCategories
FNDA:3,fetchSizes
DA:4,3
DA:5,2
DA:9,3
DA:10,1
DA:14,3
DA:15,2
DA:19,3
DA:20,2
LF:8
LH:8
BRDA:3,0,0,2
BRF:1
BRH:1
end_of_record
TN:
SF:src\api\profileApi.js
FN:4,fetchUserProfile
FN:10,updateUserProfile
FN:16,updateUserAvatar
FN:26,fetchUserAddresses
FN:32,addUserAddress
FN:38,updateUserAddress
FN:44,deleteUserAddress
FN:50,setDefaultAddress
FNF:8
FNH:8
FNDA:2,fetchUserProfile
FNDA:2,updateUserProfile
FNDA:2,updateUserAvatar
FNDA:2,fetchUserAddresses
FNDA:2,addUserAddress
FNDA:2,updateUserAddress
FNDA:3,deleteUserAddress
FNDA:3,setDefaultAddress
DA:5,2
DA:6,1
DA:11,2
DA:12,1
DA:17,2
DA:22,1
DA:27,2
DA:28,1
DA:33,2
DA:34,1
DA:39,2
DA:40,1
DA:45,3
DA:46,1
DA:51,3
DA:52,1
LF:16
LH:16
BRF:0
BRH:0
end_of_record
TN:
SF:src\api\reviewsApi.js
FN:4,fetchProductReviews
FN:10,addProductReview
FN:16,updateProductReview
FN:22,deleteProductReview
FN:28,fetchUserReviews
FN:34,voteReview
FNF:6
FNH:6
FNDA:3,fetchProductReviews
FNDA:3,addProductReview
FNDA:3,updateProductReview
FNDA:3,deleteProductReview
FNDA:3,fetchUserReviews
FNDA:4,voteReview
DA:5,3
DA:6,2
DA:11,3
DA:12,1
DA:17,3
DA:18,1
DA:23,3
DA:24,1
DA:29,3
DA:30,2
DA:35,4
DA:38,2
LF:12
LH:12
BRDA:4,0,0,2
BRDA:28,1,0,2
BRF:2
BRH:2
end_of_record
TN:
SF:src\api\searchApi.js
FN:4,searchProducts
FN:11,searchProductsByCategory
FN:18,searchProductsByFilters
FN:25,fetchPopularSearches
FN:31,fetchSearchSuggestions
FNF:5
FNH:0
FNDA:0,searchProducts
FNDA:0,searchProductsByCategory
FNDA:0,searchProductsByFilters
FNDA:0,fetchPopularSearches
FNDA:0,fetchSearchSuggestions
DA:5,0
DA:6,0
DA:7,0
DA:12,0
DA:13,0
DA:14,0
DA:19,0
DA:20,0
DA:21,0
DA:26,0
DA:27,0
DA:32,0
DA:33,0
LF:13
LH:0
BRDA:4,0,0,0
BRDA:11,1,0,0
BRDA:18,2,0,0
BRDA:18,3,0,0
BRF:4
BRH:0
end_of_record
TN:
SF:src\api\settingsApi.js
FN:4,fetchAppSettings
FN:10,fetchStoreSettings
FN:16,fetchDeliveryInfo
FN:22,fetchPaymentInfo
FN:28,fetchPageContent
FN:34,fetchAllPages
FN:40,fetchSocialLinks
FN:46,fetchContactInfo
FN:52,fetchBanners
FN:58,fetchPromotions
FNF:10
FNH:0
FNDA:0,fetchAppSettings
FNDA:0,fetchStoreSettings
FNDA:0,fetchDeliveryInfo
FNDA:0,fetchPaymentInfo
FNDA:0,fetchPageContent
FNDA:0,fetchAllPages
FNDA:0,fetchSocialLinks
FNDA:0,fetchContactInfo
FNDA:0,fetchBanners
FNDA:0,fetchPromotions
DA:5,0
DA:6,0
DA:11,0
DA:12,0
DA:17,0
DA:18,0
DA:23,0
DA:24,0
DA:29,0
DA:30,0
DA:35,0
DA:36,0
DA:41,0
DA:42,0
DA:47,0
DA:48,0
DA:53,0
DA:54,0
DA:59,0
DA:60,0
LF:20
LH:0
BRF:0
BRH:0
end_of_record
TN:
SF:src\api\wishlistApi.js
FN:4,fetchWishlist
FN:10,addToWishlist
FN:16,removeFromWishlist
FN:22,checkInWishlist
FN:33,clearWishlist
FNF:5
FNH:5
FNDA:3,fetchWishlist
FNDA:3,addToWishlist
FNDA:3,removeFromWishlist
FNDA:4,checkInWishlist
FNDA:3,clearWishlist
DA:5,3
DA:6,2
DA:11,3
DA:12,1
DA:17,3
DA:18,1
DA:23,4
DA:24,4
DA:25,2
DA:27,2
DA:28,2
DA:34,3
DA:35,1
LF:13
LH:13
BRF:0
BRH:0
end_of_record
TN:
SF:src\components\Account.jsx
FN:14,(anonymous_0)
FN:20,(anonymous_1)
FN:25,(anonymous_2)
FN:50,(anonymous_3)
FN:57,(anonymous_4)
FN:64,(anonymous_5)
FN:71,(anonymous_6)
FN:78,(anonymous_7)
FN:111,(anonymous_8)
FN:122,(anonymous_9)
FN:126,(anonymous_10)
FN:132,(anonymous_11)
FN:142,(anonymous_12)
FNF:13
FNH:0
FNDA:0,(anonymous_0)
FNDA:0,(anonymous_1)
FNDA:0,(anonymous_2)
FNDA:0,(anonymous_3)
FNDA:0,(anonymous_4)
FNDA:0,(anonymous_5)
FNDA:0,(anonymous_6)
FNDA:0,(anonymous_7)
FNDA:0,(anonymous_8)
FNDA:0,(anonymous_9)
FNDA:0,(anonymous_10)
FNDA:0,(anonymous_11)
FNDA:0,(anonymous_12)
DA:14,0
DA:15,0
DA:16,0
DA:17,0
DA:18,0
DA:20,0
DA:21,0
DA:22,0
DA:25,0
DA:26,0
DA:29,0
DA:30,0
DA:42,0
DA:43,0
DA:50,0
DA:57,0
DA:64,0
DA:71,0
DA:78,0
DA:107,0
DA:113,0
DA:114,0
DA:115,0
DA:118,0
DA:119,0
DA:123,0
DA:124,0
DA:129,0
DA:130,0
DA:134,0
DA:135,0
DA:136,0
DA:137,0
DA:139,0
DA:142,0
LF:35
LH:0
BRDA:29,0,0,0
BRDA:29,0,1,0
BRDA:42,1,0,0
BRDA:42,1,1,0
BRDA:42,2,0,0
BRDA:42,2,1,0
BRDA:49,3,0,0
BRDA:49,3,1,0
BRDA:56,4,0,0
BRDA:56,4,1,0
BRDA:63,5,0,0
BRDA:63,5,1,0
BRDA:70,6,0,0
BRDA:70,6,1,0
BRDA:77,7,0,0
BRDA:77,7,1,0
BRDA:93,8,0,0
BRDA:93,8,1,0
BRDA:94,9,0,0
BRDA:94,9,1,0
BRDA:95,10,0,0
BRDA:95,10,1,0
BRDA:96,11,0,0
BRDA:96,11,1,0
BRDA:97,12,0,0
BRDA:97,12,1,0
BRDA:113,13,0,0
BRDA:113,13,1,0
BRDA:113,14,0,0
BRDA:113,14,1,0
BRDA:135,15,0,0
BRDA:135,15,1,0
BRDA:135,16,0,0
BRDA:135,16,1,0
BRF:34
BRH:0
end_of_record
TN:
SF:src\components\AdvancedAuth.jsx
FN:13,(anonymous_0)
FN:17,(anonymous_1)
FN:20,(anonymous_2)
FN:36,(anonymous_3)
FN:47,(anonymous_4)
FN:78,(anonymous_5)
FN:108,(anonymous_6)
FN:127,(anonymous_7)
FN:136,(anonymous_8)
FN:207,(anonymous_9)
FN:219,(anonymous_10)
FN:265,(anonymous_11)
FN:276,(anonymous_12)
FN:334,(anonymous_13)
FN:343,(anonymous_14)
FN:364,(anonymous_15)
FN:365,(anonymous_16)
FN:373,(anonymous_17)
FN:395,(anonymous_18)
FN:502,(anonymous_19)
FN:503,(anonymous_20)
FN:537,(anonymous_21)
FN:564,(anonymous_22)
FN:580,(anonymous_23)
FN:589,(anonymous_24)
FN:621,(anonymous_25)
FN:630,(anonymous_26)
FN:644,(anonymous_27)
FNF:28
FNH:0
FNDA:0,(anonymous_0)
FNDA:0,(anonymous_1)
FNDA:0,(anonymous_2)
FNDA:0,(anonymous_3)
FNDA:0,(anonymous_4)
FNDA:0,(anonymous_5)
FNDA:0,(anonymous_6)
FNDA:0,(anonymous_7)
FNDA:0,(anonymous_8)
FNDA:0,(anonymous_9)
FNDA:0,(anonymous_10)
FNDA:0,(anonymous_11)
FNDA:0,(anonymous_12)
FNDA:0,(anonymous_13)
FNDA:0,(anonymous_14)
FNDA:0,(anonymous_15)
FNDA:0,(anonymous_16)
FNDA:0,(anonymous_17)
FNDA:0,(anonymous_18)
FNDA:0,(anonymous_19)
FNDA:0,(anonymous_20)
FNDA:0,(anonymous_21)
FNDA:0,(anonymous_22)
FNDA:0,(anonymous_23)
FNDA:0,(anonymous_24)
FNDA:0,(anonymous_25)
FNDA:0,(anonymous_26)
FNDA:0,(anonymous_27)
DA:13,0
DA:14,0
DA:17,0
DA:18,0
DA:20,0
DA:22,0
DA:24,0
DA:25,0
DA:26,0
DA:27,0
DA:28,0
DA:29,0
DA:30,0
DA:31,0
DA:32,0
DA:33,0
DA:36,0
DA:37,0
DA:38,0
DA:39,0
DA:41,0
DA:42,0
DA:43,0
DA:47,0
DA:48,0
DA:49,0
DA:50,0
DA:52,0
DA:53,0
DA:58,0
DA:59,0
DA:64,0
DA:65,0
DA:66,0
DA:67,0
DA:69,0
DA:72,0
DA:74,0
DA:78,0
DA:79,0
DA:80,0
DA:81,0
DA:82,0
DA:85,0
DA:88,0
DA:92,0
DA:93,0
DA:95,0
DA:97,0
DA:101,0
DA:103,0
DA:104,0
DA:108,0
DA:109,0
DA:112,0
DA:113,0
DA:115,0
DA:116,0
DA:120,0
DA:121,0
DA:127,0
DA:128,0
DA:129,0
DA:136,0
DA:137,0
DA:138,0
DA:139,0
DA:140,0
DA:141,0
DA:142,0
DA:145,0
DA:146,0
DA:147,0
DA:148,0
DA:149,0
DA:150,0
DA:154,0
DA:155,0
DA:156,0
DA:159,0
DA:169,0
DA:172,0
DA:173,0
DA:174,0
DA:175,0
DA:176,0
DA:177,0
DA:178,0
DA:180,0
DA:181,0
DA:182,0
DA:183,0
DA:184,0
DA:185,0
DA:187,0
DA:190,0
DA:191,0
DA:194,0
DA:195,0
DA:196,0
DA:197,0
DA:199,0
DA:202,0
DA:203,0
DA:207,0
DA:208,0
DA:209,0
DA:210,0
DA:211,0
DA:213,0
DA:214,0
DA:215,0
DA:219,0
DA:220,0
DA:221,0
DA:222,0
DA:225,0
DA:228,0
DA:240,0
DA:242,0
DA:243,0
DA:247,0
DA:250,0
DA:253,0
DA:254,0
DA:258,0
DA:259,0
DA:261,0
DA:265,0
DA:266,0
DA:267,0
DA:269,0
DA:270,0
DA:271,0
DA:276,0
DA:277,0
DA:279,0
DA:281,0
DA:292,0
DA:294,0
DA:296,0
DA:301,0
DA:302,0
DA:304,0
DA:305,0
DA:309,0
DA:310,0
DA:311,0
DA:315,0
DA:316,0
DA:319,0
DA:320,0
DA:323,0
DA:326,0
DA:328,0
DA:329,0
DA:334,0
DA:336,0
DA:337,0
DA:340,0
DA:341,0
DA:343,0
DA:344,0
DA:346,0
DA:348,0
DA:349,0
DA:350,0
DA:352,0
DA:353,0
DA:354,0
DA:355,0
DA:360,0
DA:364,0
DA:365,0
DA:366,0
DA:367,0
DA:373,0
DA:374,0
DA:375,0
DA:376,0
DA:377,0
DA:380,0
DA:381,0
DA:382,0
DA:384,0
DA:385,0
DA:388,0
DA:389,0
DA:392,0
DA:395,0
DA:397,0
DA:398,0
DA:402,0
DA:405,0
DA:406,0
DA:409,0
DA:410,0
DA:411,0
DA:413,0
DA:417,0
DA:422,0
DA:430,0
DA:437,0
DA:438,0
DA:439,0
DA:442,0
DA:443,0
DA:444,0
DA:446,0
DA:447,0
DA:450,0
DA:453,0
DA:454,0
DA:457,0
DA:458,0
DA:459,0
DA:461,0
DA:462,0
DA:466,0
DA:467,0
DA:468,0
DA:470,0
DA:474,0
DA:475,0
DA:476,0
DA:477,0
DA:481,0
DA:482,0
DA:483,0
DA:486,0
DA:491,0
DA:493,0
DA:502,0
DA:503,0
DA:504,0
DA:509,0
DA:510,0
DA:520,0
DA:521,0
DA:533,0
DA:534,0
DA:537,0
DA:542,0
DA:564,0
DA:580,0
DA:589,0
DA:621,0
DA:630,0
DA:644,0
LF:249
LH:0
BRDA:41,0,0,0
BRDA:41,0,1,0
BRDA:41,1,0,0
BRDA:41,1,1,0
BRDA:59,2,0,0
BRDA:59,2,1,0
BRDA:59,2,2,0
BRDA:64,3,0,0
BRDA:64,3,1,0
BRDA:64,4,0,0
BRDA:64,4,1,0
BRDA:66,5,0,0
BRDA:66,5,1,0
BRDA:66,6,0,0
BRDA:66,6,1,0
BRDA:85,7,0,0
BRDA:85,7,1,0
BRDA:85,8,0,0
BRDA:85,8,1,0
BRDA:112,9,0,0
BRDA:112,9,1,0
BRDA:112,10,0,0
BRDA:112,10,1,0
BRDA:120,11,0,0
BRDA:120,11,1,0
BRDA:120,12,0,0
BRDA:120,12,1,0
BRDA:147,13,0,0
BRDA:147,13,1,0
BRDA:147,14,0,0
BRDA:147,14,1,0
BRDA:194,15,0,0
BRDA:194,15,1,0
BRDA:196,16,0,0
BRDA:196,16,1,0
BRDA:242,17,0,0
BRDA:242,17,1,0
BRDA:243,18,0,0
BRDA:243,18,1,0
BRDA:243,18,2,0
BRDA:253,19,0,0
BRDA:253,19,1,0
BRDA:269,20,0,0
BRDA:269,20,1,0
BRDA:294,21,0,0
BRDA:294,21,1,0
BRDA:294,22,0,0
BRDA:294,22,1,0
BRDA:294,22,2,0
BRDA:301,23,0,0
BRDA:301,23,1,0
BRDA:304,24,0,0
BRDA:304,24,1,0
BRDA:309,25,0,0
BRDA:309,25,1,0
BRDA:319,26,0,0
BRDA:319,26,1,0
BRDA:319,27,0,0
BRDA:319,27,1,0
BRDA:336,28,0,0
BRDA:336,28,1,0
BRDA:348,29,0,0
BRDA:348,29,1,0
BRDA:348,30,0,0
BRDA:348,30,1,0
BRDA:352,31,0,0
BRDA:352,31,1,0
BRDA:352,32,0,0
BRDA:352,32,1,0
BRDA:366,33,0,0
BRDA:366,33,1,0
BRDA:384,34,0,0
BRDA:384,34,1,0
BRDA:388,35,0,0
BRDA:388,35,1,0
BRDA:397,36,0,0
BRDA:397,36,1,0
BRDA:437,37,0,0
BRDA:437,37,1,0
BRDA:450,38,0,0
BRDA:450,38,1,0
BRDA:466,39,0,0
BRDA:466,39,1,0
BRDA:474,40,0,0
BRDA:474,40,1,0
BRDA:481,41,0,0
BRDA:481,41,1,0
BRDA:491,42,0,0
BRDA:491,42,1,0
BRDA:504,43,0,0
BRDA:504,43,1,0
BRDA:509,44,0,0
BRDA:509,44,1,0
BRDA:509,45,0,0
BRDA:509,45,1,0
BRDA:520,46,0,0
BRDA:520,46,1,0
BRDA:520,47,0,0
BRDA:520,47,1,0
BRDA:533,48,0,0
BRDA:533,48,1,0
BRDA:551,49,0,0
BRDA:551,49,1,0
BRDA:577,50,0,0
BRDA:577,50,1,0
BRDA:591,51,0,0
BRDA:591,51,1,0
BRDA:593,52,0,0
BRDA:593,52,1,0
BRDA:601,53,0,0
BRDA:601,53,1,0
BRDA:601,53,2,0
BRDA:603,54,0,0
BRDA:603,54,1,0
BRF:114
BRH:0
end_of_record
TN:
SF:src\components\AdvancedRegistration.jsx
FN:18,(anonymous_0)
FN:56,(anonymous_1)
FN:73,(anonymous_2)
FN:87,(anonymous_3)
FN:100,(anonymous_4)
FN:184,(anonymous_5)
FN:195,(anonymous_6)
FN:203,(anonymous_7)
FN:204,(anonymous_8)
FN:208,(anonymous_9)
FN:228,(anonymous_10)
FN:244,(anonymous_11)
FN:248,(anonymous_12)
FN:249,(anonymous_13)
FN:252,(anonymous_14)
FN:253,(anonymous_15)
FN:260,(anonymous_16)
FN:312,(anonymous_17)
FN:404,(anonymous_18)
FN:407,(anonymous_19)
FN:479,(anonymous_20)
FN:496,(anonymous_21)
FN:515,(anonymous_22)
FN:533,(anonymous_23)
FN:550,(anonymous_24)
FN:558,(anonymous_25)
FN:579,(anonymous_26)
FN:587,(anonymous_27)
FN:601,(anonymous_28)
FNF:29
FNH:0
FNDA:0,(anonymous_0)
FNDA:0,(anonymous_1)
FNDA:0,(anonymous_2)
FNDA:0,(anonymous_3)
FNDA:0,(anonymous_4)
FNDA:0,(anonymous_5)
FNDA:0,(anonymous_6)
FNDA:0,(anonymous_7)
FNDA:0,(anonymous_8)
FNDA:0,(anonymous_9)
FNDA:0,(anonymous_10)
FNDA:0,(anonymous_11)
FNDA:0,(anonymous_12)
FNDA:0,(anonymous_13)
FNDA:0,(anonymous_14)
FNDA:0,(anonymous_15)
FNDA:0,(anonymous_16)
FNDA:0,(anonymous_17)
FNDA:0,(anonymous_18)
FNDA:0,(anonymous_19)
FNDA:0,(anonymous_20)
FNDA:0,(anonymous_21)
FNDA:0,(anonymous_22)
FNDA:0,(anonymous_23)
FNDA:0,(anonymous_24)
FNDA:0,(anonymous_25)
FNDA:0,(anonymous_26)
FNDA:0,(anonymous_27)
FNDA:0,(anonymous_28)
DA:18,0
DA:19,0
DA:21,0
DA:31,0
DA:42,0
DA:48,0
DA:49,0
DA:50,0
DA:51,0
DA:56,0
DA:57,0
DA:58,0
DA:60,0
DA:61,0
DA:63,0
DA:64,0
DA:66,0
DA:67,0
DA:69,0
DA:73,0
DA:74,0
DA:75,0
DA:77,0
DA:78,0
DA:80,0
DA:81,0
DA:83,0
DA:87,0
DA:88,0
DA:89,0
DA:92,0
DA:93,0
DA:94,0
DA:96,0
DA:100,0
DA:101,0
DA:102,0
DA:119,0
DA:120,0
DA:121,0
DA:124,0
DA:134,0
DA:135,0
DA:137,0
DA:141,0
DA:142,0
DA:144,0
DA:148,0
DA:149,0
DA:151,0
DA:155,0
DA:156,0
DA:158,0
DA:162,0
DA:163,0
DA:165,0
DA:169,0
DA:170,0
DA:173,0
DA:184,0
DA:185,0
DA:186,0
DA:188,0
DA:189,0
DA:191,0
DA:195,0
DA:196,0
DA:197,0
DA:199,0
DA:203,0
DA:204,0
DA:207,0
DA:208,0
DA:212,0
DA:215,0
DA:216,0
DA:218,0
DA:219,0
DA:221,0
DA:222,0
DA:224,0
DA:226,0
DA:227,0
DA:228,0
DA:233,0
DA:235,0
DA:236,0
DA:238,0
DA:239,0
DA:241,0
DA:244,0
DA:248,0
DA:249,0
DA:251,0
DA:252,0
DA:253,0
DA:254,0
DA:255,0
DA:256,0
DA:260,0
DA:261,0
DA:264,0
DA:268,0
DA:271,0
DA:273,0
DA:276,0
DA:286,0
DA:287,0
DA:288,0
DA:290,0
DA:291,0
DA:293,0
DA:296,0
DA:302,0
DA:303,0
DA:304,0
DA:305,0
DA:306,0
DA:309,0
DA:312,0
DA:315,0
DA:316,0
DA:319,0
DA:320,0
DA:322,0
DA:323,0
DA:327,0
DA:328,0
DA:329,0
DA:332,0
DA:333,0
DA:337,0
DA:338,0
DA:339,0
DA:342,0
DA:343,0
DA:346,0
DA:347,0
DA:349,0
DA:350,0
DA:353,0
DA:356,0
DA:357,0
DA:360,0
DA:363,0
DA:364,0
DA:367,0
DA:368,0
DA:369,0
DA:370,0
DA:371,0
DA:372,0
DA:373,0
DA:375,0
DA:376,0
DA:380,0
DA:381,0
DA:382,0
DA:386,0
DA:387,0
DA:389,0
DA:392,0
DA:393,0
DA:395,0
DA:399,0
DA:404,0
DA:405,0
DA:407,0
DA:408,0
DA:409,0
DA:410,0
DA:411,0
DA:412,0
DA:416,0
DA:453,0
DA:479,0
DA:496,0
DA:515,0
DA:533,0
DA:550,0
DA:558,0
DA:579,0
DA:587,0
DA:601,0
LF:184
LH:0
BRDA:57,0,0,0
BRDA:57,0,1,0
BRDA:60,1,0,0
BRDA:60,1,1,0
BRDA:63,2,0,0
BRDA:63,2,1,0
BRDA:66,3,0,0
BRDA:66,3,1,0
BRDA:74,4,0,0
BRDA:74,4,1,0
BRDA:77,5,0,0
BRDA:77,5,1,0
BRDA:80,6,0,0
BRDA:80,6,1,0
BRDA:88,7,0,0
BRDA:88,7,1,0
BRDA:93,8,0,0
BRDA:93,8,1,0
BRDA:101,9,0,0
BRDA:101,9,1,0
BRDA:134,10,0,0
BRDA:134,10,1,0
BRDA:141,11,0,0
BRDA:141,11,1,0
BRDA:148,12,0,0
BRDA:148,12,1,0
BRDA:155,13,0,0
BRDA:155,13,1,0
BRDA:162,14,0,0
BRDA:162,14,1,0
BRDA:169,15,0,0
BRDA:169,15,1,0
BRDA:174,16,0,0
BRDA:174,16,1,0
BRDA:178,17,0,0
BRDA:178,17,1,0
BRDA:178,18,0,0
BRDA:178,18,1,0
BRDA:185,19,0,0
BRDA:185,19,1,0
BRDA:188,20,0,0
BRDA:188,20,1,0
BRDA:196,21,0,0
BRDA:196,21,1,0
BRDA:207,22,0,0
BRDA:207,22,1,0
BRDA:212,23,0,0
BRDA:212,23,1,0
BRDA:212,23,2,0
BRDA:212,23,3,0
BRDA:212,23,4,0
BRDA:212,23,5,0
BRDA:212,23,6,0
BRDA:212,23,7,0
BRDA:226,24,0,0
BRDA:226,24,1,0
BRDA:255,25,0,0
BRDA:255,25,1,0
BRDA:255,25,2,0
BRDA:256,26,0,0
BRDA:256,26,1,0
BRDA:256,26,2,0
BRDA:256,26,3,0
BRDA:264,27,0,0
BRDA:264,27,1,0
BRDA:264,28,0,0
BRDA:264,28,1,0
BRDA:264,28,2,0
BRDA:264,28,3,0
BRDA:264,28,4,0
BRDA:264,28,5,0
BRDA:264,28,6,0
BRDA:315,29,0,0
BRDA:315,29,1,0
BRDA:315,30,0,0
BRDA:315,30,1,0
BRDA:319,31,0,0
BRDA:319,31,1,0
BRDA:322,32,0,0
BRDA:322,32,1,0
BRDA:323,33,0,0
BRDA:323,33,1,0
BRDA:332,34,0,0
BRDA:332,34,1,0
BRDA:333,35,0,0
BRDA:333,35,1,0
BRDA:346,36,0,0
BRDA:346,36,1,0
BRDA:349,37,0,0
BRDA:349,37,1,0
BRDA:350,38,0,0
BRDA:350,38,1,0
BRDA:356,39,0,0
BRDA:356,39,1,0
BRDA:357,40,0,0
BRDA:357,40,1,0
BRDA:367,41,0,0
BRDA:367,41,1,0
BRDA:368,42,0,0
BRDA:368,42,1,0
BRDA:371,43,0,0
BRDA:371,43,1,0
BRDA:380,44,0,0
BRDA:380,44,1,0
BRDA:386,45,0,0
BRDA:386,45,1,0
BRDA:392,46,0,0
BRDA:392,46,1,0
BRDA:405,47,0,0
BRDA:405,47,1,0
BRDA:408,48,0,0
BRDA:408,48,1,0
BRDA:408,48,2,0
BRDA:408,48,3,0
BRDA:424,49,0,0
BRDA:424,49,1,0
BRDA:425,50,0,0
BRDA:425,50,1,0
BRDA:428,51,0,0
BRDA:428,51,1,0
BRDA:429,52,0,0
BRDA:429,52,1,0
BRDA:432,53,0,0
BRDA:432,53,1,0
BRDA:433,54,0,0
BRDA:433,54,1,0
BRDA:436,55,0,0
BRDA:436,55,1,0
BRDA:437,56,0,0
BRDA:437,56,1,0
BRDA:440,57,0,0
BRDA:440,57,1,0
BRDA:441,58,0,0
BRDA:441,58,1,0
BRDA:444,59,0,0
BRDA:444,59,1,0
BRDA:445,60,0,0
BRDA:445,60,1,0
BRDA:463,61,0,0
BRDA:463,61,1,0
BRDA:476,62,0,0
BRDA:476,62,1,0
BRDA:476,63,0,0
BRDA:476,63,1,0
BRDA:493,64,0,0
BRDA:493,64,1,0
BRDA:493,65,0,0
BRDA:493,65,1,0
BRDA:511,66,0,0
BRDA:511,66,1,0
BRDA:512,67,0,0
BRDA:512,67,1,0
BRDA:512,68,0,0
BRDA:512,68,1,0
BRDA:529,69,0,0
BRDA:529,69,1,0
BRDA:530,70,0,0
BRDA:530,70,1,0
BRDA:530,71,0,0
BRDA:530,71,1,0
BRDA:545,72,0,0
BRDA:545,72,1,0
BRDA:547,73,0,0
BRDA:547,73,1,0
BRDA:547,74,0,0
BRDA:547,74,1,0
BRDA:560,75,0,0
BRDA:560,75,1,0
BRDA:562,76,0,0
BRDA:562,76,1,0
BRDA:565,77,0,0
BRDA:565,77,1,0
BRDA:574,78,0,0
BRDA:574,78,1,0
BRDA:576,79,0,0
BRDA:576,79,1,0
BRDA:576,80,0,0
BRDA:576,80,1,0
BRDA:589,81,0,0
BRDA:589,81,1,0
BRDA:591,82,0,0
BRDA:591,82,1,0
BRDA:616,83,0,0
BRDA:616,83,1,0
BRDA:616,83,2,0
BRDA:626,84,0,0
BRDA:626,84,1,0
BRDA:627,85,0,0
BRDA:627,85,1,0
BRDA:629,86,0,0
BRDA:629,86,1,0
BRF:191
BRH:0
end_of_record
TN:
SF:src\components\CompactAuth.jsx
FN:6,(anonymous_0)
FN:10,(anonymous_1)
FN:15,(anonymous_2)
FN:20,(anonymous_3)
FN:60,(anonymous_4)
FN:64,(anonymous_5)
FN:69,(anonymous_6)
FN:73,(anonymous_7)
FNF:8
FNH:0
FNDA:0,(anonymous_0)
FNDA:0,(anonymous_1)
FNDA:0,(anonymous_2)
FNDA:0,(anonymous_3)
FNDA:0,(anonymous_4)
FNDA:0,(anonymous_5)
FNDA:0,(anonymous_6)
FNDA:0,(anonymous_7)
DA:6,0
DA:7,0
DA:8,0
DA:10,0
DA:11,0
DA:12,0
DA:15,0
DA:16,0
DA:17,0
DA:20,0
DA:21,0
DA:22,0
DA:25,0
DA:26,0
DA:48,0
DA:61,0
DA:62,0
DA:65,0
DA:67,0
DA:70,0
DA:71,0
DA:74,0
DA:75,0
DA:76,0
LF:24
LH:0
BRDA:22,0,0,0
BRDA:22,0,1,0
BRDA:25,1,0,0
BRDA:25,1,1,0
BRDA:74,2,0,0
BRDA:74,2,1,0
BRF:6
BRH:0
end_of_record
TN:
SF:src\components\GoogleOAuthCallback.jsx
FN:7,(anonymous_0)
FN:18,(anonymous_1)
FN:19,(anonymous_2)
FN:60,(anonymous_3)
FN:130,(anonymous_4)
FN:135,(anonymous_5)
FN:167,(anonymous_6)
FN:180,(anonymous_7)
FN:191,(anonymous_8)
FNF:9
FNH:0
FNDA:0,(anonymous_0)
FNDA:0,(anonymous_1)
FNDA:0,(anonymous_2)
FNDA:0,(anonymous_3)
FNDA:0,(anonymous_4)
FNDA:0,(anonymous_5)
FNDA:0,(anonymous_6)
FNDA:0,(anonymous_7)
FNDA:0,(anonymous_8)
DA:7,0
DA:8,0
DA:9,0
DA:10,0
DA:11,0
DA:12,0
DA:13,0
DA:14,0
DA:15,0
DA:16,0
DA:18,0
DA:19,0
DA:21,0
DA:22,0
DA:23,0
DA:26,0
DA:27,0
DA:28,0
DA:31,0
DA:32,0
DA:33,0
DA:34,0
DA:36,0
DA:37,0
DA:40,0
DA:41,0
DA:45,0
DA:46,0
DA:47,0
DA:48,0
DA:50,0
DA:51,0
DA:52,0
DA:53,0
DA:56,0
DA:57,0
DA:60,0
DA:62,0
DA:63,0
DA:67,0
DA:70,0
DA:71,0
DA:74,0
DA:75,0
DA:77,0
DA:81,0
DA:87,0
DA:88,0
DA:91,0
DA:96,0
DA:102,0
DA:103,0
DA:106,0
DA:109,0
DA:110,0
DA:111,0
DA:112,0
DA:114,0
DA:118,0
DA:119,0
DA:121,0
DA:122,0
DA:126,0
DA:127,0
DA:130,0
DA:131,0
DA:135,0
DA:136,0
DA:140,0
DA:147,0
DA:148,0
DA:149,0
DA:154,0
DA:159,0
DA:160,0
DA:161,0
DA:162,0
DA:165,0
DA:167,0
DA:168,0
DA:170,0
DA:174,0
DA:175,0
DA:176,0
DA:177,0
DA:180,0
DA:181,0
DA:184,0
DA:185,0
DA:191,0
DA:192,0
DA:193,0
DA:197,0
DA:199,0
DA:202,0
DA:203,0
DA:237,0
DA:238,0
DA:260,0
LF:99
LH:0
BRDA:19,0,0,0
BRDA:21,1,0,0
BRDA:21,1,1,0
BRDA:36,2,0,0
BRDA:36,2,1,0
BRDA:40,3,0,0
BRDA:40,3,1,0
BRDA:46,4,0,0
BRDA:46,4,1,0
BRDA:50,5,0,0
BRDA:50,5,1,0
BRDA:62,6,0,0
BRDA:62,6,1,0
BRDA:109,7,0,0
BRDA:109,7,1,0
BRDA:118,8,0,0
BRDA:118,8,1,0
BRDA:126,9,0,0
BRDA:126,9,1,0
BRDA:147,10,0,0
BRDA:147,10,1,0
BRDA:154,11,0,0
BRDA:154,11,1,0
BRDA:154,11,2,0
BRDA:154,11,3,0
BRDA:159,12,0,0
BRDA:159,12,1,0
BRDA:159,13,0,0
BRDA:159,13,1,0
BRDA:175,14,0,0
BRDA:175,14,1,0
BRDA:176,15,0,0
BRDA:176,15,1,0
BRDA:184,16,0,0
BRDA:184,16,1,0
BRDA:184,17,0,0
BRDA:184,17,1,0
BRDA:184,17,2,0
BRDA:192,18,0,0
BRDA:192,18,1,0
BRDA:202,19,0,0
BRDA:202,19,1,0
BRDA:224,20,0,0
BRDA:224,20,1,0
BRDA:237,21,0,0
BRDA:237,21,1,0
BRF:46
BRH:0
end_of_record
TN:
SF:src\components\PasswordResetConfirm.jsx
FN:11,(anonymous_0)
FN:27,(anonymous_1)
FN:35,(anonymous_2)
FN:57,(anonymous_3)
FN:59,(anonymous_4)
FN:66,(anonymous_5)
FN:73,(anonymous_6)
FN:112,(anonymous_7)
FNF:8
FNH:0
FNDA:0,(anonymous_0)
FNDA:0,(anonymous_1)
FNDA:0,(anonymous_2)
FNDA:0,(anonymous_3)
FNDA:0,(anonymous_4)
FNDA:0,(anonymous_5)
FNDA:0,(anonymous_6)
FNDA:0,(anonymous_7)
DA:11,0
DA:12,0
DA:13,0
DA:14,0
DA:16,0
DA:20,0
DA:21,0
DA:22,0
DA:24,0
DA:25,0
DA:27,0
DA:29,0
DA:30,0
DA:31,0
DA:35,0
DA:36,0
DA:38,0
DA:39,0
DA:42,0
DA:43,0
DA:46,0
DA:47,0
DA:50,0
DA:51,0
DA:54,0
DA:57,0
DA:58,0
DA:59,0
DA:65,0
DA:66,0
DA:73,0
DA:74,0
DA:76,0
DA:79,0
DA:80,0
DA:81,0
DA:85,0
DA:86,0
DA:89,0
DA:90,0
DA:91,0
DA:94,0
DA:96,0
DA:97,0
DA:98,0
DA:99,0
DA:101,0
DA:102,0
DA:106,0
DA:108,0
DA:112,0
DA:113,0
DA:116,0
DA:117,0
DA:142,0
LF:55
LH:0
BRDA:29,0,0,0
BRDA:29,0,1,0
BRDA:29,1,0,0
BRDA:29,1,1,0
BRDA:38,2,0,0
BRDA:38,2,1,0
BRDA:42,3,0,0
BRDA:42,3,1,0
BRDA:46,4,0,0
BRDA:46,4,1,0
BRDA:50,5,0,0
BRDA:50,5,1,0
BRDA:65,6,0,0
BRDA:65,6,1,0
BRDA:80,7,0,0
BRDA:80,7,1,0
BRDA:85,8,0,0
BRDA:85,8,1,0
BRDA:89,9,0,0
BRDA:89,9,1,0
BRDA:102,10,0,0
BRDA:102,10,1,0
BRDA:102,10,2,0
BRDA:102,10,3,0
BRDA:116,11,0,0
BRDA:116,11,1,0
BRDA:164,12,0,0
BRDA:164,12,1,0
BRDA:166,13,0,0
BRDA:166,13,1,0
BRDA:182,14,0,0
BRDA:182,14,1,0
BRDA:184,15,0,0
BRDA:184,15,1,0
BRDA:194,16,0,0
BRDA:194,16,1,0
BRF:36
BRH:0
end_of_record
TN:
SF:src\components\ProductFormEnhanced.jsx
FN:7,(anonymous_0)
FN:15,(anonymous_1)
FN:20,(anonymous_2)
FN:23,(anonymous_3)
FN:37,(anonymous_4)
FN:38,(anonymous_5)
FN:50,(anonymous_6)
FN:52,(anonymous_7)
FN:55,(anonymous_8)
FN:71,(anonymous_9)
FN:71,(anonymous_10)
FN:86,(anonymous_11)
FN:103,(anonymous_12)
FN:125,(anonymous_13)
FN:131,(anonymous_14)
FN:144,(anonymous_15)
FN:145,(anonymous_16)
FN:165,(anonymous_17)
FN:177,(anonymous_18)
FN:190,(anonymous_19)
FN:200,(anonymous_20)
FN:204,(anonymous_21)
FN:217,(anonymous_22)
FN:228,(anonymous_23)
FN:239,(anonymous_24)
FN:290,(anonymous_25)
FNF:26
FNH:0
FNDA:0,(anonymous_0)
FNDA:0,(anonymous_1)
FNDA:0,(anonymous_2)
FNDA:0,(anonymous_3)
FNDA:0,(anonymous_4)
FNDA:0,(anonymous_5)
FNDA:0,(anonymous_6)
FNDA:0,(anonymous_7)
FNDA:0,(anonymous_8)
FNDA:0,(anonymous_9)
FNDA:0,(anonymous_10)
FNDA:0,(anonymous_11)
FNDA:0,(anonymous_12)
FNDA:0,(anonymous_13)
FNDA:0,(anonymous_14)
FNDA:0,(anonymous_15)
FNDA:0,(anonymous_16)
FNDA:0,(anonymous_17)
FNDA:0,(anonymous_18)
FNDA:0,(anonymous_19)
FNDA:0,(anonymous_20)
FNDA:0,(anonymous_21)
FNDA:0,(anonymous_22)
FNDA:0,(anonymous_23)
FNDA:0,(anonymous_24)
FNDA:0,(anonymous_25)
DA:7,0
DA:8,0
DA:16,0
DA:17,0
DA:20,0
DA:23,0
DA:33,0
DA:34,0
DA:35,0
DA:37,0
DA:38,0
DA:39,0
DA:40,0
DA:41,0
DA:47,0
DA:50,0
DA:51,0
DA:52,0
DA:55,0
DA:56,0
DA:57,0
DA:59,0
DA:60,0
DA:64,0
DA:71,0
DA:81,0
DA:82,0
DA:85,0
DA:86,0
DA:90,0
DA:91,0
DA:93,0
DA:96,0
DA:97,0
DA:103,0
DA:104,0
DA:107,0
DA:110,0
DA:112,0
DA:113,0
DA:114,0
DA:115,0
DA:116,0
DA:119,0
DA:121,0
DA:125,0
DA:126,0
DA:127,0
DA:128,0
DA:131,0
DA:132,0
DA:144,0
DA:145,0
DA:146,0
DA:149,0
DA:165,0
DA:177,0
DA:190,0
DA:200,0
DA:205,0
DA:217,0
DA:228,0
DA:239,0
DA:290,0
LF:64
LH:0
BRDA:9,0,0,0
BRDA:9,0,1,0
BRDA:10,1,0,0
BRDA:10,1,1,0
BRDA:11,2,0,0
BRDA:11,2,1,0
BRDA:12,3,0,0
BRDA:12,3,1,0
BRDA:13,4,0,0
BRDA:13,4,1,0
BRDA:14,5,0,0
BRDA:14,5,1,0
BRDA:16,6,0,0
BRDA:16,6,1,0
BRDA:16,6,2,0
BRDA:17,7,0,0
BRDA:17,7,1,0
BRDA:19,8,0,0
BRDA:19,8,1,0
BRDA:20,9,0,0
BRDA:20,9,1,0
BRDA:22,10,0,0
BRDA:22,10,1,0
BRDA:23,11,0,0
BRDA:23,11,1,0
BRDA:25,12,0,0
BRDA:25,12,1,0
BRDA:25,12,2,0
BRDA:26,13,0,0
BRDA:26,13,1,0
BRDA:26,13,2,0
BRDA:27,14,0,0
BRDA:27,14,1,0
BRDA:28,15,0,0
BRDA:28,15,1,0
BRDA:29,16,0,0
BRDA:29,16,1,0
BRDA:60,17,0,0
BRDA:60,17,1,0
BRDA:70,18,0,0
BRDA:70,18,1,0
BRDA:72,19,0,0
BRDA:72,19,1,0
BRDA:74,20,0,0
BRDA:74,20,1,0
BRDA:75,21,0,0
BRDA:75,21,1,0
BRDA:81,22,0,0
BRDA:81,22,1,0
BRDA:81,23,0,0
BRDA:81,23,1,0
BRDA:85,24,0,0
BRDA:85,24,1,0
BRDA:85,25,0,0
BRDA:85,25,1,0
BRDA:86,26,0,0
BRDA:86,26,1,0
BRDA:90,27,0,0
BRDA:90,27,1,0
BRDA:96,28,0,0
BRDA:96,28,1,0
BRDA:96,29,0,0
BRDA:96,29,1,0
BRDA:100,30,0,0
BRDA:100,30,1,0
BRDA:110,31,0,0
BRDA:110,31,1,0
BRDA:113,32,0,0
BRDA:113,32,1,0
BRDA:115,33,0,0
BRDA:115,33,1,0
BRDA:154,34,0,0
BRDA:154,34,1,0
BRDA:199,35,0,0
BRDA:199,35,1,0
BRDA:200,36,0,0
BRDA:200,36,1,0
BRDA:269,37,0,0
BRDA:269,37,1,0
BRDA:275,38,0,0
BRDA:275,38,1,0
BRDA:284,39,0,0
BRDA:284,39,1,0
BRF:83
BRH:0
end_of_record
TN:
SF:src\components\QRCodeVerification.jsx
FN:9,(anonymous_0)
FN:21,(anonymous_1)
FN:23,(anonymous_2)
FN:35,(anonymous_3)
FN:37,(anonymous_4)
FN:62,(anonymous_5)
FN:70,(anonymous_6)
FN:73,(anonymous_7)
FN:88,(anonymous_8)
FN:117,(anonymous_9)
FN:126,(anonymous_10)
FN:157,(anonymous_11)
FN:266,(anonymous_12)
FNF:13
FNH:0
FNDA:0,(anonymous_0)
FNDA:0,(anonymous_1)
FNDA:0,(anonymous_2)
FNDA:0,(anonymous_3)
FNDA:0,(anonymous_4)
FNDA:0,(anonymous_5)
FNDA:0,(anonymous_6)
FNDA:0,(anonymous_7)
FNDA:0,(anonymous_8)
FNDA:0,(anonymous_9)
FNDA:0,(anonymous_10)
FNDA:0,(anonymous_11)
FNDA:0,(anonymous_12)
DA:9,0
DA:10,0
DA:11,0
DA:12,0
DA:13,0
DA:14,0
DA:15,0
DA:16,0
DA:17,0
DA:18,0
DA:21,0
DA:22,0
DA:23,0
DA:25,0
DA:26,0
DA:28,0
DA:29,0
DA:35,0
DA:36,0
DA:37,0
DA:38,0
DA:39,0
DA:40,0
DA:43,0
DA:44,0
DA:45,0
DA:46,0
DA:47,0
DA:48,0
DA:49,0
DA:50,0
DA:51,0
DA:52,0
DA:53,0
DA:54,0
DA:57,0
DA:62,0
DA:63,0
DA:64,0
DA:70,0
DA:71,0
DA:73,0
DA:74,0
DA:75,0
DA:77,0
DA:78,0
DA:79,0
DA:80,0
DA:82,0
DA:83,0
DA:88,0
DA:89,0
DA:90,0
DA:92,0
DA:93,0
DA:99,0
DA:101,0
DA:107,0
DA:108,0
DA:110,0
DA:111,0
DA:113,0
DA:117,0
DA:118,0
DA:120,0
DA:121,0
DA:122,0
DA:126,0
DA:127,0
DA:129,0
DA:130,0
DA:131,0
DA:134,0
DA:136,0
DA:137,0
DA:138,0
DA:139,0
DA:140,0
DA:142,0
DA:144,0
DA:145,0
DA:149,0
DA:150,0
DA:151,0
DA:153,0
DA:157,0
DA:159,0
DA:160,0
DA:162,0
DA:163,0
DA:167,0
DA:170,0
DA:267,0
DA:268,0
LF:94
LH:0
BRDA:25,0,0,0
BRDA:25,0,1,0
BRDA:28,1,0,0
BRDA:28,1,1,0
BRDA:36,2,0,0
BRDA:36,2,1,0
BRDA:36,3,0,0
BRDA:36,3,1,0
BRDA:43,4,0,0
BRDA:43,4,1,0
BRDA:48,5,0,0
BRDA:48,5,1,0
BRDA:53,6,0,0
BRDA:53,6,1,0
BRDA:63,7,0,0
BRDA:63,7,1,0
BRDA:77,8,0,0
BRDA:77,8,1,0
BRDA:118,9,0,0
BRDA:118,9,1,0
BRDA:129,10,0,0
BRDA:129,10,1,0
BRDA:129,11,0,0
BRDA:129,11,1,0
BRDA:138,12,0,0
BRDA:138,12,1,0
BRDA:139,13,0,0
BRDA:139,13,1,0
BRDA:145,14,0,0
BRDA:145,14,1,0
BRDA:150,15,0,0
BRDA:150,15,1,0
BRDA:159,16,0,0
BRDA:159,16,1,0
BRDA:162,17,0,0
BRDA:162,17,1,0
BRDA:188,18,0,0
BRDA:188,18,1,0
BRDA:199,19,0,0
BRDA:199,19,1,0
BRDA:199,19,2,0
BRDA:226,20,0,0
BRDA:226,20,1,0
BRDA:246,21,0,0
BRDA:246,21,1,0
BRDA:252,22,0,0
BRDA:252,22,1,0
BRDA:254,23,0,0
BRDA:254,23,1,0
BRDA:280,24,0,0
BRDA:280,24,1,0
BRDA:282,25,0,0
BRDA:282,25,1,0
BRF:53
BRH:0
end_of_record
TN:
SF:src\components\SecurityIndicator.jsx
FN:9,(anonymous_0)
FN:67,(anonymous_1)
FN:93,(anonymous_2)
FNF:3
FNH:0
FNDA:0,(anonymous_0)
FNDA:0,(anonymous_1)
FNDA:0,(anonymous_2)
DA:9,0
DA:10,0
DA:11,0
DA:21,0
DA:67,0
DA:68,0
DA:70,0
DA:93,0
DA:94,0
DA:96,0
LF:10
LH:0
BRDA:9,0,0,0
BRDA:9,1,0,0
BRDA:10,2,0,0
BRDA:10,2,1,0
BRDA:13,3,0,0
BRDA:13,3,1,0
BRDA:15,4,0,0
BRDA:15,4,1,0
BRDA:22,5,0,0
BRDA:22,5,1,0
BRDA:55,6,0,0
BRDA:55,6,1,0
BRDA:57,7,0,0
BRDA:57,7,1,0
BRDA:67,8,0,0
BRDA:68,9,0,0
BRDA:68,9,1,0
BRDA:93,10,0,0
BRDA:94,11,0,0
BRDA:94,11,1,0
BRF:20
BRH:0
end_of_record
TN:
SF:src\components\SizesSection.jsx
FN:4,(anonymous_0)
FN:36,(anonymous_1)
FN:44,(anonymous_2)
FN:57,(anonymous_3)
FN:70,(anonymous_4)
FN:83,(anonymous_5)
FN:97,(anonymous_6)
FN:110,(anonymous_7)
FNF:8
FNH:0
FNDA:0,(anonymous_0)
FNDA:0,(anonymous_1)
FNDA:0,(anonymous_2)
FNDA:0,(anonymous_3)
FNDA:0,(anonymous_4)
FNDA:0,(anonymous_5)
FNDA:0,(anonymous_6)
FNDA:0,(anonymous_7)
DA:4,0
DA:11,0
DA:37,0
DA:44,0
DA:57,0
DA:70,0
DA:83,0
DA:97,0
DA:110,0
LF:9
LH:0
BRDA:57,0,0,0
BRDA:57,0,1,0
BRDA:69,1,0,0
BRDA:69,1,1,0
BRDA:70,2,0,0
BRDA:70,2,1,0
BRF:6
BRH:0
end_of_record
TN:
SF:src\components\SizesSectionSafe.jsx
FN:4,(anonymous_0)
FN:47,(anonymous_1)
FN:55,(anonymous_2)
FN:68,(anonymous_3)
FN:81,(anonymous_4)
FN:94,(anonymous_5)
FN:108,(anonymous_6)
FN:121,(anonymous_7)
FNF:8
FNH:0
FNDA:0,(anonymous_0)
FNDA:0,(anonymous_1)
FNDA:0,(anonymous_2)
FNDA:0,(anonymous_3)
FNDA:0,(anonymous_4)
FNDA:0,(anonymous_5)
FNDA:0,(anonymous_6)
FNDA:0,(anonymous_7)
DA:4,0
DA:12,0
DA:13,0
DA:14,0
DA:17,0
DA:18,0
DA:19,0
DA:22,0
DA:48,0
DA:55,0
DA:68,0
DA:81,0
DA:94,0
DA:108,0
DA:121,0
LF:15
LH:0
BRDA:12,0,0,0
BRDA:12,0,1,0
BRDA:12,1,0,0
BRDA:12,1,1,0
BRDA:12,1,2,0
BRDA:17,2,0,0
BRDA:17,2,1,0
BRDA:54,3,0,0
BRDA:54,3,1,0
BRDA:67,4,0,0
BRDA:67,4,1,0
BRDA:68,5,0,0
BRDA:68,5,1,0
BRDA:80,6,0,0
BRDA:80,6,1,0
BRDA:81,7,0,0
BRDA:81,7,1,0
BRDA:93,8,0,0
BRDA:93,8,1,0
BRF:19
BRH:0
end_of_record
TN:
SF:src\components\TelegramLoginModal.jsx
FN:7,(anonymous_0)
FN:13,(anonymous_1)
FN:18,(anonymous_2)
FN:27,(anonymous_3)
FN:52,(anonymous_4)
FN:63,(anonymous_5)
FNF:6
FNH:0
FNDA:0,(anonymous_0)
FNDA:0,(anonymous_1)
FNDA:0,(anonymous_2)
FNDA:0,(anonymous_3)
FNDA:0,(anonymous_4)
FNDA:0,(anonymous_5)
DA:7,0
DA:8,0
DA:9,0
DA:10,0
DA:13,0
DA:14,0
DA:15,0
DA:18,0
DA:19,0
DA:22,0
DA:23,0
DA:27,0
DA:28,0
DA:30,0
DA:31,0
DA:32,0
DA:35,0
DA:36,0
DA:37,0
DA:40,0
DA:41,0
DA:43,0
DA:44,0
DA:46,0
DA:48,0
DA:52,0
DA:53,0
DA:54,0
DA:55,0
DA:56,0
DA:59,0
DA:61,0
DA:63,0
LF:33
LH:0
BRDA:14,0,0,0
BRDA:14,0,1,0
BRDA:22,1,0,0
BRDA:22,1,1,0
BRDA:30,2,0,0
BRDA:30,2,1,0
BRDA:35,3,0,0
BRDA:35,3,1,0
BRDA:46,4,0,0
BRDA:46,4,1,0
BRDA:59,5,0,0
BRDA:59,5,1,0
BRDA:72,6,0,0
BRDA:72,6,1,0
BRDA:92,7,0,0
BRDA:92,7,1,0
BRDA:96,8,0,0
BRDA:96,8,1,0
BRDA:99,9,0,0
BRDA:99,9,1,0
BRDA:105,10,0,0
BRDA:105,10,1,0
BRDA:105,10,2,0
BRDA:107,11,0,0
BRDA:107,11,1,0
BRDA:107,12,0,0
BRDA:107,12,1,0
BRF:27
BRH:0
end_of_record
TN:
SF:src\components\TelegramPasswordReset.jsx
FN:11,(anonymous_0)
FN:26,(anonymous_1)
FN:34,(anonymous_2)
FN:56,(anonymous_3)
FN:58,(anonymous_4)
FN:65,(anonymous_5)
FN:72,(anonymous_6)
FN:111,(anonymous_7)
FNF:8
FNH:0
FNDA:0,(anonymous_0)
FNDA:0,(anonymous_1)
FNDA:0,(anonymous_2)
FNDA:0,(anonymous_3)
FNDA:0,(anonymous_4)
FNDA:0,(anonymous_5)
FNDA:0,(anonymous_6)
FNDA:0,(anonymous_7)
DA:11,0
DA:12,0
DA:13,0
DA:14,0
DA:16,0
DA:20,0
DA:21,0
DA:22,0
DA:24,0
DA:26,0
DA:28,0
DA:29,0
DA:30,0
DA:34,0
DA:35,0
DA:37,0
DA:38,0
DA:41,0
DA:42,0
DA:45,0
DA:46,0
DA:49,0
DA:50,0
DA:53,0
DA:56,0
DA:57,0
DA:58,0
DA:64,0
DA:65,0
DA:72,0
DA:73,0
DA:75,0
DA:78,0
DA:79,0
DA:80,0
DA:84,0
DA:85,0
DA:88,0
DA:89,0
DA:90,0
DA:93,0
DA:95,0
DA:96,0
DA:97,0
DA:98,0
DA:100,0
DA:101,0
DA:105,0
DA:107,0
DA:111,0
DA:112,0
DA:115,0
DA:116,0
DA:137,0
LF:54
LH:0
BRDA:28,0,0,0
BRDA:28,0,1,0
BRDA:37,1,0,0
BRDA:37,1,1,0
BRDA:41,2,0,0
BRDA:41,2,1,0
BRDA:45,3,0,0
BRDA:45,3,1,0
BRDA:49,4,0,0
BRDA:49,4,1,0
BRDA:64,5,0,0
BRDA:64,5,1,0
BRDA:79,6,0,0
BRDA:79,6,1,0
BRDA:84,7,0,0
BRDA:84,7,1,0
BRDA:88,8,0,0
BRDA:88,8,1,0
BRDA:101,9,0,0
BRDA:101,9,1,0
BRDA:101,9,2,0
BRDA:101,9,3,0
BRDA:115,10,0,0
BRDA:115,10,1,0
BRDA:154,11,0,0
BRDA:154,11,1,0
BRDA:158,12,0,0
BRDA:158,12,1,0
BRDA:171,13,0,0
BRDA:171,13,1,0
BRDA:175,14,0,0
BRDA:175,14,1,0
BRDA:195,15,0,0
BRDA:195,15,1,0
BRF:34
BRH:0
end_of_record
TN:
SF:src\components\TelegramVerification.jsx
FN:9,(anonymous_0)
FN:22,(anonymous_1)
FN:30,(anonymous_2)
FN:56,(anonymous_3)
FN:66,(anonymous_4)
FN:68,(anonymous_5)
FN:83,(anonymous_6)
FN:87,(anonymous_7)
FN:98,(anonymous_8)
FN:104,(anonymous_9)
FN:118,(anonymous_10)
FN:237,(anonymous_11)
FNF:12
FNH:0
FNDA:0,(anonymous_0)
FNDA:0,(anonymous_1)
FNDA:0,(anonymous_2)
FNDA:0,(anonymous_3)
FNDA:0,(anonymous_4)
FNDA:0,(anonymous_5)
FNDA:0,(anonymous_6)
FNDA:0,(anonymous_7)
FNDA:0,(anonymous_8)
FNDA:0,(anonymous_9)
FNDA:0,(anonymous_10)
FNDA:0,(anonymous_11)
DA:9,0
DA:10,0
DA:11,0
DA:12,0
DA:13,0
DA:14,0
DA:15,0
DA:16,0
DA:17,0
DA:18,0
DA:19,0
DA:22,0
DA:24,0
DA:25,0
DA:26,0
DA:29,0
DA:30,0
DA:31,0
DA:33,0
DA:35,0
DA:36,0
DA:37,0
DA:39,0
DA:40,0
DA:41,0
DA:43,0
DA:44,0
DA:45,0
DA:46,0
DA:49,0
DA:51,0
DA:56,0
DA:57,0
DA:58,0
DA:59,0
DA:61,0
DA:66,0
DA:67,0
DA:68,0
DA:69,0
DA:70,0
DA:71,0
DA:73,0
DA:74,0
DA:75,0
DA:76,0
DA:78,0
DA:79,0
DA:83,0
DA:87,0
DA:89,0
DA:90,0
DA:91,0
DA:94,0
DA:95,0
DA:98,0
DA:100,0
DA:101,0
DA:104,0
DA:105,0
DA:106,0
DA:107,0
DA:108,0
DA:109,0
DA:110,0
DA:113,0
DA:118,0
DA:119,0
DA:121,0
DA:122,0
DA:123,0
DA:126,0
DA:128,0
DA:129,0
DA:131,0
DA:134,0
DA:135,0
DA:137,0
DA:138,0
DA:140,0
DA:141,0
DA:142,0
DA:144,0
DA:147,0
DA:150,0
DA:151,0
DA:152,0
DA:154,0
DA:158,0
DA:238,0
DA:239,0
LF:91
LH:0
BRDA:24,0,0,0
BRDA:24,0,1,0
BRDA:29,1,0,0
BRDA:29,1,1,0
BRDA:31,2,0,0
BRDA:31,2,1,0
BRDA:37,3,0,0
BRDA:37,3,1,0
BRDA:39,4,0,0
BRDA:39,4,1,0
BRDA:57,5,0,0
BRDA:57,5,1,0
BRDA:67,6,0,0
BRDA:67,6,1,0
BRDA:73,7,0,0
BRDA:73,7,1,0
BRDA:89,8,0,0
BRDA:89,8,1,0
BRDA:107,9,0,0
BRDA:107,9,1,0
BRDA:121,10,0,0
BRDA:121,10,1,0
BRDA:121,11,0,0
BRDA:121,11,1,0
BRDA:134,12,0,0
BRDA:134,12,1,0
BRDA:137,13,0,0
BRDA:137,13,1,0
BRDA:140,14,0,0
BRDA:140,14,1,0
BRDA:140,15,0,0
BRDA:140,15,1,0
BRDA:140,15,2,0
BRDA:142,16,0,0
BRDA:142,16,1,0
BRDA:144,17,0,0
BRDA:144,17,1,0
BRDA:151,18,0,0
BRDA:151,18,1,0
BRDA:169,19,0,0
BRDA:169,19,1,0
BRDA:177,20,0,0
BRDA:177,20,1,0
BRDA:197,21,0,0
BRDA:197,21,1,0
BRDA:217,22,0,0
BRDA:217,22,1,0
BRDA:223,23,0,0
BRDA:223,23,1,0
BRDA:225,24,0,0
BRDA:225,24,1,0
BRDA:251,25,0,0
BRDA:251,25,1,0
BRDA:253,26,0,0
BRDA:253,26,1,0
BRF:55
BRH:0
end_of_record
TN:
SF:src\components\BackgroundContent\BackgroundContent.jsx
FN:7,(anonymous_0)
FN:20,(anonymous_1)
FN:24,(anonymous_2)
FN:64,(anonymous_3)
FN:69,(anonymous_4)
FN:106,(anonymous_5)
FN:107,(anonymous_6)
FN:122,(anonymous_7)
FN:129,(anonymous_8)
FN:135,(anonymous_9)
FN:141,(anonymous_10)
FN:143,(anonymous_11)
FN:150,(anonymous_12)
FN:152,(anonymous_13)
FN:156,(anonymous_14)
FN:160,(anonymous_15)
FN:171,(anonymous_16)
FN:175,(anonymous_17)
FN:190,(anonymous_18)
FN:194,(anonymous_19)
FN:197,(anonymous_20)
FN:215,(anonymous_21)
FN:233,(anonymous_22)
FNF:23
FNH:0
FNDA:0,(anonymous_0)
FNDA:0,(anonymous_1)
FNDA:0,(anonymous_2)
FNDA:0,(anonymous_3)
FNDA:0,(anonymous_4)
FNDA:0,(anonymous_5)
FNDA:0,(anonymous_6)
FNDA:0,(anonymous_7)
FNDA:0,(anonymous_8)
FNDA:0,(anonymous_9)
FNDA:0,(anonymous_10)
FNDA:0,(anonymous_11)
FNDA:0,(anonymous_12)
FNDA:0,(anonymous_13)
FNDA:0,(anonymous_14)
FNDA:0,(anonymous_15)
FNDA:0,(anonymous_16)
FNDA:0,(anonymous_17)
FNDA:0,(anonymous_18)
FNDA:0,(anonymous_19)
FNDA:0,(anonymous_20)
FNDA:0,(anonymous_21)
FNDA:0,(anonymous_22)
DA:7,0
DA:8,0
DA:9,0
DA:10,0
DA:11,0
DA:12,0
DA:13,0
DA:14,0
DA:15,0
DA:17,0
DA:18,0
DA:20,0
DA:21,0
DA:24,0
DA:25,0
DA:26,0
DA:27,0
DA:28,0
DA:29,0
DA:31,0
DA:34,0
DA:35,0
DA:38,0
DA:39,0
DA:42,0
DA:43,0
DA:46,0
DA:48,0
DA:49,0
DA:53,0
DA:55,0
DA:56,0
DA:58,0
DA:60,0
DA:61,0
DA:64,0
DA:65,0
DA:66,0
DA:69,0
DA:70,0
DA:71,0
DA:72,0
DA:74,0
DA:76,0
DA:77,0
DA:79,0
DA:81,0
DA:84,0
DA:85,0
DA:86,0
DA:87,0
DA:88,0
DA:91,0
DA:93,0
DA:94,0
DA:96,0
DA:97,0
DA:98,0
DA:101,0
DA:104,0
DA:105,0
DA:106,0
DA:107,0
DA:108,0
DA:110,0
DA:113,0
DA:116,0
DA:117,0
DA:122,0
DA:123,0
DA:125,0
DA:129,0
DA:130,0
DA:131,0
DA:135,0
DA:136,0
DA:138,0
DA:141,0
DA:142,0
DA:143,0
DA:145,0
DA:150,0
DA:151,0
DA:152,0
DA:153,0
DA:156,0
DA:160,0
DA:161,0
DA:163,0
DA:165,0
DA:172,0
DA:173,0
DA:175,0
DA:181,0
DA:183,0
DA:184,0
DA:191,0
DA:193,0
DA:194,0
DA:197,0
DA:205,0
DA:206,0
DA:207,0
DA:216,0
DA:217,0
DA:224,0
DA:225,0
DA:234,0
DA:235,0
DA:243,0
DA:247,0
DA:248,0
DA:251,0
DA:252,0
DA:278,0
LF:115
LH:0
BRDA:24,0,0,0
BRDA:26,1,0,0
BRDA:26,1,1,0
BRDA:38,2,0,0
BRDA:38,2,1,0
BRDA:42,3,0,0
BRDA:42,3,1,0
BRDA:42,4,0,0
BRDA:42,4,1,0
BRDA:48,5,0,0
BRDA:48,5,1,0
BRDA:53,6,0,0
BRDA:53,6,1,0
BRDA:53,6,2,0
BRDA:53,6,3,0
BRDA:55,7,0,0
BRDA:55,7,1,0
BRDA:60,8,0,0
BRDA:60,8,1,0
BRDA:65,9,0,0
BRDA:65,9,1,0
BRDA:70,10,0,0
BRDA:70,10,1,0
BRDA:70,11,0,0
BRDA:70,11,1,0
BRDA:71,12,0,0
BRDA:71,12,1,0
BRDA:71,13,0,0
BRDA:71,13,1,0
BRDA:72,14,0,0
BRDA:72,14,1,0
BRDA:72,15,0,0
BRDA:72,15,1,0
BRDA:76,16,0,0
BRDA:76,16,1,0
BRDA:76,17,0,0
BRDA:76,17,1,0
BRDA:93,18,0,0
BRDA:93,18,1,0
BRDA:93,18,2,0
BRDA:97,19,0,0
BRDA:97,19,1,0
BRDA:104,20,0,0
BRDA:104,20,1,0
BRDA:104,21,0,0
BRDA:104,21,1,0
BRDA:125,22,0,0
BRDA:125,22,1,0
BRDA:125,22,2,0
BRDA:125,22,3,0
BRDA:136,23,0,0
BRDA:136,23,1,0
BRDA:151,24,0,0
BRDA:151,24,1,0
BRDA:151,25,0,0
BRDA:151,25,1,0
BRDA:154,26,0,0
BRDA:154,26,1,0
BRDA:161,27,0,0
BRDA:161,27,1,0
BRDA:163,28,0,0
BRDA:163,28,1,0
BRDA:163,28,2,0
BRDA:163,28,3,0
BRDA:181,29,0,0
BRDA:181,29,1,0
BRDA:188,30,0,0
BRDA:188,30,1,0
BRDA:189,31,0,0
BRDA:189,31,1,0
BRDA:189,32,0,0
BRDA:189,32,1,0
BRDA:193,33,0,0
BRDA:193,33,1,0
BRDA:205,34,0,0
BRDA:205,34,1,0
BRDA:205,35,0,0
BRDA:205,35,1,0
BRDA:205,35,2,0
BRDA:228,36,0,0
BRDA:228,36,1,0
BRDA:247,37,0,0
BRDA:247,37,1,0
BRDA:251,38,0,0
BRDA:251,38,1,0
BRDA:258,39,0,0
BRDA:258,39,1,0
BRDA:266,40,0,0
BRDA:266,40,1,0
BRDA:281,41,0,0
BRDA:281,41,1,0
BRDA:285,42,0,0
BRDA:285,42,1,0
BRF:93
BRH:0
end_of_record
TN:
SF:src\components\BackgroundContent\index.js
FNF:0
FNH:0
LF:0
LH:0
BRF:0
BRH:0
end_of_record
TN:
SF:src\components\BoxOfficeSection\BoxOfficeSection.jsx
FN:5,(anonymous_0)
FNF:1
FNH:0
FNDA:0,(anonymous_0)
DA:5,0
DA:6,0
DA:8,0
LF:3
LH:0
BRF:0
BRH:0
end_of_record
TN:
SF:src\components\BoxOfficeSection\index.js
FNF:0
FNH:0
LF:0
LH:0
BRF:0
BRH:0
end_of_record
TN:
SF:src\components\Logo\Logo.jsx
FN:4,(anonymous_0)
FNF:1
FNH:0
FNDA:0,(anonymous_0)
DA:4,0
DA:5,0
LF:2
LH:0
BRDA:4,0,0,0
BRDA:4,1,0,0
BRDA:19,2,0,0
BRDA:19,2,1,0
BRDA:19,3,0,0
BRDA:19,3,1,0
BRF:6
BRH:0
end_of_record
TN:
SF:src\components\Logo\index.js
FNF:0
FNH:0
LF:0
LH:0
BRF:0
BRH:0
end_of_record
TN:
SF:src\components\MenuButton\MenuButton.jsx
FN:4,(anonymous_0)
FN:11,(anonymous_1)
FN:11,(anonymous_2)
FNF:3
FNH:0
FNDA:0,(anonymous_0)
FNDA:0,(anonymous_1)
FNDA:0,(anonymous_2)
DA:4,0
DA:5,0
DA:7,0
DA:11,0
LF:4
LH:0
BRDA:10,0,0,0
BRDA:10,0,1,0
BRDA:13,1,0,0
BRDA:13,1,1,0
BRF:4
BRH:0
end_of_record
TN:
SF:src\components\MenuButton\index.js
FNF:0
FNH:0
LF:0
LH:0
BRF:0
BRH:0
end_of_record
TN:
SF:src\components\VariableProximity\VariableProximity.jsx
FN:5,useAnimationFrame
FN:6,(anonymous_1)
FN:8,(anonymous_2)
FN:13,(anonymous_3)
FN:17,useMousePositionRef
FN:20,(anonymous_5)
FN:21,(anonymous_6)
FN:30,(anonymous_7)
FN:31,(anonymous_8)
FN:38,(anonymous_9)
FN:47,(anonymous_10)
FN:66,(anonymous_11)
FN:67,(anonymous_12)
FN:70,(anonymous_13)
FN:71,(anonymous_14)
FN:80,(anonymous_15)
FN:87,(anonymous_16)
FN:90,(anonymous_17)
FN:100,(anonymous_18)
FN:109,(anonymous_19)
FN:130,(anonymous_20)
FN:152,(anonymous_21)
FN:157,(anonymous_22)
FN:162,(anonymous_23)
FNF:24
FNH:0
FNDA:0,useAnimationFrame
FNDA:0,(anonymous_1)
FNDA:0,(anonymous_2)
FNDA:0,(anonymous_3)
FNDA:0,useMousePositionRef
FNDA:0,(anonymous_5)
FNDA:0,(anonymous_6)
FNDA:0,(anonymous_7)
FNDA:0,(anonymous_8)
FNDA:0,(anonymous_9)
FNDA:0,(anonymous_10)
FNDA:0,(anonymous_11)
FNDA:0,(anonymous_12)
FNDA:0,(anonymous_13)
FNDA:0,(anonymous_14)
FNDA:0,(anonymous_15)
FNDA:0,(anonymous_16)
FNDA:0,(anonymous_17)
FNDA:0,(anonymous_18)
FNDA:0,(anonymous_19)
FNDA:0,(anonymous_20)
FNDA:0,(anonymous_21)
FNDA:0,(anonymous_22)
FNDA:0,(anonymous_23)
DA:6,0
DA:8,0
DA:9,0
DA:10,0
DA:12,0
DA:13,0
DA:18,0
DA:20,0
DA:21,0
DA:22,0
DA:23,0
DA:24,0
DA:26,0
DA:30,0
DA:31,0
DA:32,0
DA:33,0
DA:36,0
DA:37,0
DA:38,0
DA:39,0
DA:40,0
DA:44,0
DA:47,0
DA:59,0
DA:61,0
DA:62,0
DA:63,0
DA:64,0
DA:66,0
DA:67,0
DA:68,0
DA:70,0
DA:72,0
DA:73,0
DA:77,0
DA:78,0
DA:80,0
DA:87,0
DA:88,0
DA:90,0
DA:91,0
DA:92,0
DA:93,0
DA:94,0
DA:96,0
DA:100,0
DA:101,0
DA:102,0
DA:103,0
DA:104,0
DA:105,0
DA:107,0
DA:109,0
DA:110,0
DA:112,0
DA:113,0
DA:114,0
DA:116,0
DA:123,0
DA:124,0
DA:125,0
DA:128,0
DA:129,0
DA:131,0
DA:132,0
DA:136,0
DA:137,0
DA:141,0
DA:142,0
DA:144,0
DA:153,0
DA:158,0
DA:159,0
DA:162,0
DA:184,0
LF:76
LH:0
BRDA:22,0,0,0
BRDA:22,0,1,0
BRDA:53,1,0,0
BRDA:54,2,0,0
BRDA:55,3,0,0
BRDA:83,4,0,0
BRDA:83,4,1,0
BRDA:92,5,0,0
BRDA:92,5,1,0
BRDA:92,5,2,0
BRDA:92,5,3,0
BRDA:101,6,0,0
BRDA:101,6,1,0
BRDA:104,7,0,0
BRDA:104,7,1,0
BRDA:104,8,0,0
BRDA:104,8,1,0
BRDA:110,9,0,0
BRDA:110,9,1,0
BRDA:123,10,0,0
BRDA:123,10,1,0
BRDA:174,11,0,0
BRDA:174,11,1,0
BRF:23
BRH:0
end_of_record
TN:
SF:src\components\VariableProximity\index.js
FNF:0
FNH:0
LF:0
LH:0
BRF:0
BRH:0
end_of_record
TN:
SF:src\components\VideoPlayer\VideoPlayer.jsx
FN:5,(anonymous_0)
FN:61,(anonymous_1)
FN:64,(anonymous_2)
FNF:3
FNH:0
FNDA:0,(anonymous_0)
FNDA:0,(anonymous_1)
FNDA:0,(anonymous_2)
DA:5,0
DA:14,0
DA:50,0
DA:62,0
DA:65,0
LF:5
LH:0
BRDA:7,0,0,0
BRDA:8,1,0,0
BRDA:9,2,0,0
BRDA:10,3,0,0
BRDA:11,4,0,0
BRDA:25,5,0,0
BRDA:25,5,1,0
BRDA:26,6,0,0
BRDA:26,6,1,0
BRDA:27,7,0,0
BRDA:27,7,1,0
BRF:11
BRH:0
end_of_record
TN:
SF:src\components\VideoPlayer\index.js
FNF:0
FNH:0
LF:0
LH:0
BRF:0
BRH:0
end_of_record
TN:
SF:src\components\VideoPlaylist\VideoPlaylist.jsx
FN:5,(anonymous_0)
FN:20,(anonymous_1)
FN:25,(anonymous_2)
FN:39,(anonymous_3)
FN:46,(anonymous_4)
FN:81,(anonymous_5)
FN:86,(anonymous_6)
FNF:7
FNH:0
FNDA:0,(anonymous_0)
FNDA:0,(anonymous_1)
FNDA:0,(anonymous_2)
FNDA:0,(anonymous_3)
FNDA:0,(anonymous_4)
FNDA:0,(anonymous_5)
FNDA:0,(anonymous_6)
DA:5,0
DA:13,0
DA:14,0
DA:17,0
DA:20,0
DA:21,0
DA:23,0
DA:25,0
DA:26,0
DA:27,0
DA:29,0
DA:30,0
DA:33,0
DA:34,0
DA:39,0
DA:40,0
DA:41,0
DA:46,0
DA:47,0
DA:48,0
DA:49,0
DA:53,0
DA:54,0
DA:63,0
DA:64,0
DA:73,0
DA:82,0
DA:84,0
DA:87,0
DA:88,0
LF:30
LH:0
BRDA:6,0,0,0
BRDA:7,1,0,0
BRDA:8,2,0,0
BRDA:9,3,0,0
BRDA:10,4,0,0
BRDA:23,5,0,0
BRDA:23,5,1,0
BRDA:27,6,0,0
BRDA:27,6,1,0
BRDA:40,7,0,0
BRDA:40,7,1,0
BRDA:40,8,0,0
BRDA:40,8,1,0
BRDA:47,9,0,0
BRDA:47,9,1,0
BRDA:53,10,0,0
BRDA:53,10,1,0
BRDA:53,11,0,0
BRDA:53,11,1,0
BRDA:63,12,0,0
BRDA:63,12,1,0
BRDA:76,13,0,0
BRDA:76,13,1,0
BRDA:94,14,0,0
BRDA:94,14,1,0
BRF:25
BRH:0
end_of_record
TN:
SF:src\components\VideoPlaylist\index.js
FNF:0
FNH:0
LF:0
LH:0
BRF:0
BRH:0
end_of_record
TN:
SF:src\components\account\AccountAddresses.jsx
FN:9,(anonymous_0)
FN:20,(anonymous_1)
FN:21,(anonymous_2)
FN:27,(anonymous_3)
FN:33,(anonymous_4)
FN:63,(anonymous_5)
FN:71,(anonymous_6)
FN:72,(anonymous_7)
FN:77,(anonymous_8)
FN:83,(anonymous_9)
FN:89,(anonymous_10)
FN:107,(anonymous_11)
FN:113,(anonymous_12)
FN:125,(anonymous_13)
FN:125,(anonymous_14)
FN:146,(anonymous_15)
FN:180,(anonymous_16)
FN:186,(anonymous_17)
FN:213,(anonymous_18)
FNF:19
FNH:0
FNDA:0,(anonymous_0)
FNDA:0,(anonymous_1)
FNDA:0,(anonymous_2)
FNDA:0,(anonymous_3)
FNDA:0,(anonymous_4)
FNDA:0,(anonymous_5)
FNDA:0,(anonymous_6)
FNDA:0,(anonymous_7)
FNDA:0,(anonymous_8)
FNDA:0,(anonymous_9)
FNDA:0,(anonymous_10)
FNDA:0,(anonymous_11)
FNDA:0,(anonymous_12)
FNDA:0,(anonymous_13)
FNDA:0,(anonymous_14)
FNDA:0,(anonymous_15)
FNDA:0,(anonymous_16)
FNDA:0,(anonymous_17)
FNDA:0,(anonymous_18)
DA:9,0
DA:10,0
DA:11,0
DA:12,0
DA:13,0
DA:14,0
DA:20,0
DA:21,0
DA:22,0
DA:27,0
DA:28,0
DA:29,0
DA:33,0
DA:34,0
DA:35,0
DA:36,0
DA:39,0
DA:40,0
DA:41,0
DA:42,0
DA:44,0
DA:45,0
DA:46,0
DA:49,0
DA:51,0
DA:52,0
DA:53,0
DA:54,0
DA:55,0
DA:57,0
DA:59,0
DA:63,0
DA:64,0
DA:65,0
DA:66,0
DA:69,0
DA:71,0
DA:72,0
DA:74,0
DA:77,0
DA:78,0
DA:80,0
DA:83,0
DA:84,0
DA:85,0
DA:86,0
DA:89,0
DA:90,0
DA:91,0
DA:102,0
DA:103,0
DA:104,0
DA:107,0
DA:108,0
DA:109,0
DA:110,0
DA:113,0
DA:115,0
DA:116,0
DA:117,0
DA:118,0
DA:121,0
DA:122,0
DA:123,0
DA:124,0
DA:125,0
DA:126,0
DA:128,0
DA:129,0
DA:134,0
DA:148,0
DA:149,0
DA:151,0
DA:180,0
DA:187,0
DA:188,0
DA:189,0
DA:213,0
LF:78
LH:0
BRDA:28,0,0,0
BRDA:28,0,1,0
BRDA:40,1,0,0
BRDA:40,1,1,0
BRDA:42,2,0,0
BRDA:42,2,1,0
BRDA:42,3,0,0
BRDA:42,3,1,0
BRDA:45,4,0,0
BRDA:45,4,1,0
BRDA:45,5,0,0
BRDA:45,5,1,0
BRDA:64,6,0,0
BRDA:64,6,1,0
BRDA:69,7,0,0
BRDA:69,7,1,0
BRDA:72,8,0,0
BRDA:72,8,1,0
BRDA:115,9,0,0
BRDA:115,9,1,0
BRDA:115,10,0,0
BRDA:115,10,1,0
BRDA:121,11,0,0
BRDA:121,11,1,0
BRDA:143,12,0,0
BRDA:143,12,1,0
BRDA:145,13,0,0
BRDA:145,13,1,0
BRDA:152,14,0,0
BRDA:152,14,1,0
BRDA:154,15,0,0
BRDA:154,15,1,0
BRDA:156,16,0,0
BRDA:156,16,1,0
BRDA:159,17,0,0
BRDA:159,17,1,0
BRDA:160,18,0,0
BRDA:160,18,1,0
BRDA:161,19,0,0
BRDA:161,19,1,0
BRDA:164,20,0,0
BRDA:164,20,1,0
BRDA:170,21,0,0
BRDA:170,21,1,0
BRDA:212,22,0,0
BRDA:212,22,1,0
BRDA:213,23,0,0
BRDA:213,23,1,0
BRDA:216,24,0,0
BRDA:216,24,1,0
BRF:50
BRH:0
end_of_record
TN:
SF:src\components\account\AccountDetails.jsx
FN:9,(anonymous_0)
FN:19,(anonymous_1)
FN:20,(anonymous_2)
FN:26,(anonymous_3)
FN:36,(anonymous_4)
FN:41,(anonymous_5)
FN:83,(anonymous_6)
FN:95,(anonymous_7)
FN:109,(anonymous_8)
FN:110,(anonymous_9)
FN:125,(anonymous_10)
FN:126,(anonymous_11)
FN:141,(anonymous_12)
FN:142,(anonymous_13)
FNF:14
FNH:0
FNDA:0,(anonymous_0)
FNDA:0,(anonymous_1)
FNDA:0,(anonymous_2)
FNDA:0,(anonymous_3)
FNDA:0,(anonymous_4)
FNDA:0,(anonymous_5)
FNDA:0,(anonymous_6)
FNDA:0,(anonymous_7)
FNDA:0,(anonymous_8)
FNDA:0,(anonymous_9)
FNDA:0,(anonymous_10)
FNDA:0,(anonymous_11)
FNDA:0,(anonymous_12)
FNDA:0,(anonymous_13)
DA:9,0
DA:10,0
DA:11,0
DA:12,0
DA:19,0
DA:20,0
DA:21,0
DA:26,0
DA:27,0
DA:28,0
DA:36,0
DA:37,0
DA:38,0
DA:41,0
DA:42,0
DA:44,0
DA:45,0
DA:47,0
DA:51,0
DA:52,0
DA:54,0
DA:55,0
DA:62,0
DA:84,0
DA:85,0
DA:95,0
DA:110,0
DA:126,0
DA:142,0
LF:29
LH:0
BRDA:27,0,0,0
BRDA:27,0,1,0
BRDA:29,1,0,0
BRDA:29,1,1,0
BRDA:30,2,0,0
BRDA:30,2,1,0
BRDA:31,3,0,0
BRDA:31,3,1,0
BRDA:57,4,0,0
BRDA:57,4,1,0
BRDA:74,5,0,0
BRDA:74,5,1,0
BRDA:94,6,0,0
BRDA:94,6,1,0
BRDA:95,7,0,0
BRDA:95,7,1,0
BRF:16
BRH:0
end_of_record
TN:
SF:src\components\account\AccountOrders.jsx
FN:8,(anonymous_0)
FN:14,(anonymous_1)
FN:20,(anonymous_2)
FN:33,(anonymous_3)
FN:44,(anonymous_4)
FN:55,(anonymous_5)
FN:92,(anonymous_6)
FN:111,(anonymous_7)
FNF:8
FNH:0
FNDA:0,(anonymous_0)
FNDA:0,(anonymous_1)
FNDA:0,(anonymous_2)
FNDA:0,(anonymous_3)
FNDA:0,(anonymous_4)
FNDA:0,(anonymous_5)
FNDA:0,(anonymous_6)
FNDA:0,(anonymous_7)
DA:8,0
DA:9,0
DA:10,0
DA:11,0
DA:14,0
DA:15,0
DA:16,0
DA:20,0
DA:21,0
DA:22,0
DA:23,0
DA:24,0
DA:26,0
DA:27,0
DA:29,0
DA:33,0
DA:34,0
DA:35,0
DA:44,0
DA:45,0
DA:52,0
DA:55,0
DA:56,0
DA:63,0
DA:66,0
DA:67,0
DA:82,0
DA:93,0
DA:112,0
LF:29
LH:0
BRDA:15,0,0,0
BRDA:15,0,1,0
BRDA:52,1,0,0
BRDA:52,1,1,0
BRDA:63,2,0,0
BRDA:63,2,1,0
BRDA:66,3,0,0
BRDA:66,3,1,0
BRDA:90,4,0,0
BRDA:90,4,1,0
BRDA:108,5,0,0
BRDA:108,5,1,0
BRDA:108,5,2,0
BRDA:125,6,0,0
BRDA:125,6,1,0
BRDA:130,7,0,0
BRDA:130,7,1,0
BRF:17
BRH:0
end_of_record
TN:
SF:src\components\account\PasswordReset.jsx
FN:9,(anonymous_0)
FN:15,(anonymous_1)
FN:47,(anonymous_2)
FN:92,(anonymous_3)
FNF:4
FNH:0
FNDA:0,(anonymous_0)
FNDA:0,(anonymous_1)
FNDA:0,(anonymous_2)
FNDA:0,(anonymous_3)
DA:9,0
DA:10,0
DA:11,0
DA:12,0
DA:13,0
DA:15,0
DA:16,0
DA:18,0
DA:19,0
DA:20,0
DA:24,0
DA:25,0
DA:26,0
DA:27,0
DA:30,0
DA:32,0
DA:33,0
DA:34,0
DA:35,0
DA:37,0
DA:38,0
DA:41,0
DA:43,0
DA:47,0
DA:48,0
DA:49,0
DA:52,0
DA:53,0
DA:77,0
DA:92,0
LF:30
LH:0
BRDA:18,0,0,0
BRDA:18,0,1,0
BRDA:25,1,0,0
BRDA:25,1,1,0
BRDA:38,2,0,0
BRDA:38,2,1,0
BRDA:38,2,2,0
BRDA:52,3,0,0
BRDA:52,3,1,0
BRDA:104,4,0,0
BRDA:104,4,1,0
BRF:11
BRH:0
end_of_record
TN:
SF:src\components\account\PhoneChange.jsx
FN:11,(anonymous_0)
FN:24,(anonymous_1)
FN:28,(anonymous_2)
FN:48,(anonymous_3)
FN:54,(anonymous_4)
FN:92,(anonymous_5)
FN:131,(anonymous_6)
FN:169,(anonymous_7)
FN:207,(anonymous_8)
FN:263,(anonymous_9)
FNF:10
FNH:0
FNDA:0,(anonymous_0)
FNDA:0,(anonymous_1)
FNDA:0,(anonymous_2)
FNDA:0,(anonymous_3)
FNDA:0,(anonymous_4)
FNDA:0,(anonymous_5)
FNDA:0,(anonymous_6)
FNDA:0,(anonymous_7)
FNDA:0,(anonymous_8)
FNDA:0,(anonymous_9)
DA:11,0
DA:12,0
DA:13,0
DA:14,0
DA:15,0
DA:16,0
DA:17,0
DA:18,0
DA:19,0
DA:21,0
DA:24,0
DA:25,0
DA:27,0
DA:28,0
DA:29,0
DA:30,0
DA:31,0
DA:33,0
DA:34,0
DA:35,0
DA:36,0
DA:37,0
DA:38,0
DA:41,0
DA:42,0
DA:43,0
DA:48,0
DA:49,0
DA:54,0
DA:55,0
DA:56,0
DA:57,0
DA:60,0
DA:61,0
DA:62,0
DA:74,0
DA:76,0
DA:77,0
DA:78,0
DA:79,0
DA:81,0
DA:84,0
DA:85,0
DA:87,0
DA:92,0
DA:93,0
DA:94,0
DA:95,0
DA:98,0
DA:99,0
DA:100,0
DA:112,0
DA:114,0
DA:115,0
DA:116,0
DA:117,0
DA:118,0
DA:120,0
DA:123,0
DA:124,0
DA:126,0
DA:131,0
DA:132,0
DA:133,0
DA:134,0
DA:137,0
DA:138,0
DA:139,0
DA:151,0
DA:153,0
DA:154,0
DA:155,0
DA:156,0
DA:158,0
DA:161,0
DA:162,0
DA:164,0
DA:169,0
DA:170,0
DA:171,0
DA:172,0
DA:180,0
DA:182,0
DA:183,0
DA:185,0
DA:189,0
DA:190,0
DA:191,0
DA:192,0
DA:194,0
DA:197,0
DA:200,0
DA:201,0
DA:203,0
DA:207,0
DA:208,0
DA:209,0
DA:210,0
DA:211,0
DA:212,0
DA:213,0
DA:216,0
DA:263,0
LF:103
LH:0
BRDA:27,0,0,0
BRDA:27,0,1,0
BRDA:33,1,0,0
BRDA:33,1,1,0
BRDA:36,2,0,0
BRDA:36,2,1,0
BRDA:36,3,0,0
BRDA:36,3,1,0
BRDA:49,4,0,0
BRDA:49,4,1,0
BRDA:55,5,0,0
BRDA:55,5,1,0
BRDA:76,6,0,0
BRDA:76,6,1,0
BRDA:81,7,0,0
BRDA:81,7,1,0
BRDA:93,8,0,0
BRDA:93,8,1,0
BRDA:93,9,0,0
BRDA:93,9,1,0
BRDA:114,10,0,0
BRDA:114,10,1,0
BRDA:120,11,0,0
BRDA:120,11,1,0
BRDA:132,12,0,0
BRDA:132,12,1,0
BRDA:132,13,0,0
BRDA:132,13,1,0
BRDA:153,14,0,0
BRDA:153,14,1,0
BRDA:158,15,0,0
BRDA:158,15,1,0
BRDA:182,16,0,0
BRDA:182,16,1,0
BRDA:183,17,0,0
BRDA:183,17,1,0
BRDA:197,18,0,0
BRDA:197,18,1,0
BRDA:223,19,0,0
BRDA:223,19,1,0
BRDA:228,20,0,0
BRDA:228,20,1,0
BRDA:230,21,0,0
BRDA:230,21,1,0
BRDA:237,22,0,0
BRDA:237,22,1,0
BRDA:243,23,0,0
BRDA:243,23,1,0
BRDA:253,24,0,0
BRDA:253,24,1,0
BRDA:268,25,0,0
BRDA:268,25,1,0
BRDA:285,26,0,0
BRDA:285,26,1,0
BRDA:287,27,0,0
BRDA:287,27,1,0
BRDA:293,28,0,0
BRDA:293,28,1,0
BRDA:320,29,0,0
BRDA:320,29,1,0
BRDA:320,29,2,0
BRDA:322,30,0,0
BRDA:322,30,1,0
BRDA:328,31,0,0
BRDA:328,31,1,0
BRDA:367,32,0,0
BRDA:367,32,1,0
BRF:67
BRH:0
end_of_record
TN:
SF:src\components\account\TelegramPasswordResetRequest.jsx
FN:10,(anonymous_0)
FN:16,(anonymous_1)
FN:58,(anonymous_2)
FNF:3
FNH:0
FNDA:0,(anonymous_0)
FNDA:0,(anonymous_1)
FNDA:0,(anonymous_2)
DA:10,0
DA:11,0
DA:12,0
DA:13,0
DA:14,0
DA:16,0
DA:17,0
DA:18,0
DA:19,0
DA:22,0
DA:24,0
DA:25,0
DA:26,0
DA:27,0
DA:28,0
DA:32,0
DA:34,0
DA:42,0
DA:43,0
DA:44,0
DA:46,0
DA:47,0
DA:48,0
DA:51,0
DA:52,0
DA:54,0
DA:58,0
DA:59,0
DA:62,0
DA:63,0
DA:87,0
LF:31
LH:0
BRDA:17,0,0,0
BRDA:17,0,1,0
BRDA:26,1,0,0
BRDA:26,1,1,0
BRDA:32,2,0,0
BRDA:32,2,1,0
BRDA:42,3,0,0
BRDA:42,3,1,0
BRDA:47,4,0,0
BRDA:47,4,1,0
BRDA:47,4,2,0
BRDA:62,5,0,0
BRDA:62,5,1,0
BRDA:93,6,0,0
BRDA:93,6,1,0
BRDA:104,7,0,0
BRDA:104,7,1,0
BRDA:106,8,0,0
BRDA:106,8,1,0
BRDA:114,9,0,0
BRDA:114,9,1,0
BRF:21
BRH:0
end_of_record
TN:
SF:src\components\features\addresses\AddressForm.jsx
FN:5,(anonymous_0)
FN:20,(anonymous_1)
FN:21,(anonymous_2)
FN:43,(anonymous_3)
FN:59,(anonymous_4)
FN:88,(anonymous_5)
FN:114,(anonymous_6)
FN:116,(anonymous_7)
FN:121,(anonymous_8)
FN:125,(anonymous_9)
FN:138,(anonymous_10)
FN:173,(anonymous_11)
FNF:12
FNH:0
FNDA:0,(anonymous_0)
FNDA:0,(anonymous_1)
FNDA:0,(anonymous_2)
FNDA:0,(anonymous_3)
FNDA:0,(anonymous_4)
FNDA:0,(anonymous_5)
FNDA:0,(anonymous_6)
FNDA:0,(anonymous_7)
FNDA:0,(anonymous_8)
FNDA:0,(anonymous_9)
FNDA:0,(anonymous_10)
FNDA:0,(anonymous_11)
DA:5,0
DA:6,0
DA:16,0
DA:17,0
DA:20,0
DA:21,0
DA:23,0
DA:24,0
DA:25,0
DA:28,0
DA:29,0
DA:30,0
DA:31,0
DA:32,0
DA:40,0
DA:41,0
DA:42,0
DA:43,0
DA:52,0
DA:56,0
DA:59,0
DA:60,0
DA:61,0
DA:63,0
DA:65,0
DA:66,0
DA:67,0
DA:78,0
DA:80,0
DA:81,0
DA:84,0
DA:88,0
DA:89,0
DA:90,0
DA:91,0
DA:92,0
DA:93,0
DA:95,0
DA:96,0
DA:108,0
DA:110,0
DA:114,0
DA:115,0
DA:116,0
DA:120,0
DA:121,0
DA:125,0
DA:126,0
DA:128,0
DA:129,0
DA:130,0
DA:131,0
DA:132,0
DA:134,0
DA:135,0
DA:138,0
DA:139,0
DA:141,0
DA:142,0
DA:145,0
DA:146,0
DA:148,0
DA:155,0
DA:156,0
DA:157,0
DA:159,0
DA:160,0
DA:162,0
DA:164,0
DA:165,0
DA:166,0
DA:169,0
DA:173,0
DA:174,0
DA:205,0
LF:75
LH:0
BRDA:7,0,0,0
BRDA:7,0,1,0
BRDA:23,1,0,0
BRDA:23,1,1,0
BRDA:31,2,0,0
BRDA:31,2,1,0
BRDA:40,3,0,0
BRDA:40,3,1,0
BRDA:45,4,0,0
BRDA:45,4,1,0
BRDA:46,5,0,0
BRDA:46,5,1,0
BRDA:47,6,0,0
BRDA:47,6,1,0
BRDA:61,7,0,0
BRDA:61,7,1,0
BRDA:63,8,0,0
BRDA:63,8,1,0
BRDA:63,8,2,0
BRDA:65,9,0,0
BRDA:65,9,1,0
BRDA:68,10,0,0
BRDA:68,10,1,0
BRDA:68,10,2,0
BRDA:69,11,0,0
BRDA:69,11,1,0
BRDA:70,12,0,0
BRDA:70,12,1,0
BRDA:71,13,0,0
BRDA:71,13,1,0
BRDA:72,14,0,0
BRDA:72,14,1,0
BRDA:73,15,0,0
BRDA:73,15,1,0
BRDA:74,16,0,0
BRDA:74,16,1,0
BRDA:75,17,0,0
BRDA:75,17,1,0
BRDA:76,18,0,0
BRDA:76,18,1,0
BRDA:78,19,0,0
BRDA:78,19,1,0
BRDA:97,20,0,0
BRDA:97,20,1,0
BRDA:97,20,2,0
BRDA:98,21,0,0
BRDA:98,21,1,0
BRDA:99,22,0,0
BRDA:99,22,1,0
BRDA:100,23,0,0
BRDA:100,23,1,0
BRDA:101,24,0,0
BRDA:101,24,1,0
BRDA:102,25,0,0
BRDA:102,25,1,0
BRDA:103,26,0,0
BRDA:103,26,1,0
BRDA:104,27,0,0
BRDA:104,27,1,0
BRDA:105,28,0,0
BRDA:105,28,1,0
BRDA:118,29,0,0
BRDA:118,29,1,0
BRDA:120,30,0,0
BRDA:120,30,1,0
BRDA:128,31,0,0
BRDA:128,31,1,0
BRDA:130,32,0,0
BRDA:130,32,1,0
BRDA:131,33,0,0
BRDA:131,33,1,0
BRDA:141,34,0,0
BRDA:141,34,1,0
BRDA:150,35,0,0
BRDA:150,35,1,0
BRDA:151,36,0,0
BRDA:151,36,1,0
BRDA:155,37,0,0
BRDA:155,37,1,0
BRDA:165,38,0,0
BRDA:165,38,1,0
BRDA:173,39,0,0
BRDA:173,40,0,0
BRDA:177,41,0,0
BRDA:177,41,1,0
BRDA:179,42,0,0
BRDA:179,42,1,0
BRDA:197,43,0,0
BRDA:197,43,1,0
BRDA:201,44,0,0
BRDA:201,44,1,0
BRDA:232,45,0,0
BRDA:232,45,1,0
BRDA:232,46,0,0
BRDA:232,46,1,0
BRF:95
BRH:0
end_of_record
TN:
SF:src\components\features\addresses\AddressList.jsx
FN:5,(anonymous_0)
FN:10,(anonymous_1)
FN:14,(anonymous_2)
FN:34,(anonymous_3)
FN:46,(anonymous_4)
FN:58,(anonymous_5)
FN:66,(anonymous_6)
FN:76,(anonymous_7)
FN:100,(anonymous_8)
FN:126,(anonymous_9)
FN:133,(anonymous_10)
FN:140,(anonymous_11)
FNF:12
FNH:0
FNDA:0,(anonymous_0)
FNDA:0,(anonymous_1)
FNDA:0,(anonymous_2)
FNDA:0,(anonymous_3)
FNDA:0,(anonymous_4)
FNDA:0,(anonymous_5)
FNDA:0,(anonymous_6)
FNDA:0,(anonymous_7)
FNDA:0,(anonymous_8)
FNDA:0,(anonymous_9)
FNDA:0,(anonymous_10)
FNDA:0,(anonymous_11)
DA:5,0
DA:6,0
DA:7,0
DA:8,0
DA:10,0
DA:11,0
DA:14,0
DA:15,0
DA:16,0
DA:17,0
DA:20,0
DA:21,0
DA:22,0
DA:23,0
DA:25,0
DA:26,0
DA:27,0
DA:29,0
DA:33,0
DA:34,0
DA:37,0
DA:39,0
DA:40,0
DA:42,0
DA:46,0
DA:48,0
DA:49,0
DA:50,0
DA:51,0
DA:54,0
DA:55,0
DA:56,0
DA:57,0
DA:58,0
DA:60,0
DA:61,0
DA:66,0
DA:67,0
DA:68,0
DA:69,0
DA:71,0
DA:72,0
DA:76,0
DA:77,0
DA:78,0
DA:82,0
DA:83,0
DA:86,0
DA:87,0
DA:90,0
DA:91,0
DA:98,0
DA:102,0
DA:103,0
DA:105,0
DA:126,0
DA:133,0
DA:141,0
DA:142,0
DA:143,0
LF:60
LH:0
BRDA:21,0,0,0
BRDA:21,0,1,0
BRDA:23,1,0,0
BRDA:23,1,1,0
BRDA:23,2,0,0
BRDA:23,2,1,0
BRDA:26,3,0,0
BRDA:26,3,1,0
BRDA:26,4,0,0
BRDA:26,4,1,0
BRDA:34,5,0,0
BRDA:34,5,1,0
BRDA:34,6,0,0
BRDA:34,6,1,0
BRDA:48,7,0,0
BRDA:48,7,1,0
BRDA:48,8,0,0
BRDA:48,8,1,0
BRDA:54,9,0,0
BRDA:54,9,1,0
BRDA:77,10,0,0
BRDA:77,10,1,0
BRDA:82,11,0,0
BRDA:82,11,1,0
BRDA:86,12,0,0
BRDA:86,12,1,0
BRDA:90,13,0,0
BRDA:90,13,1,0
BRDA:106,14,0,0
BRDA:106,14,1,0
BRDA:113,15,0,0
BRDA:113,15,1,0
BRDA:119,16,0,0
BRDA:119,16,1,0
BRDA:130,17,0,0
BRDA:130,17,1,0
BRF:36
BRH:0
end_of_record
TN:
SF:src\components\features\addresses\GoogleAddressAutocomplete.jsx
FN:4,(anonymous_0)
FN:16,(anonymous_1)
FN:26,(anonymous_2)
FN:38,(anonymous_3)
FN:51,(anonymous_4)
FN:66,(anonymous_5)
FN:80,(anonymous_6)
FN:91,(anonymous_7)
FN:100,(anonymous_8)
FN:131,(anonymous_9)
FN:133,(anonymous_10)
FN:156,(anonymous_11)
FN:160,(anonymous_12)
FN:172,(anonymous_13)
FN:175,(anonymous_14)
FN:179,(anonymous_15)
FN:197,(anonymous_16)
FNF:17
FNH:0
FNDA:0,(anonymous_0)
FNDA:0,(anonymous_1)
FNDA:0,(anonymous_2)
FNDA:0,(anonymous_3)
FNDA:0,(anonymous_4)
FNDA:0,(anonymous_5)
FNDA:0,(anonymous_6)
FNDA:0,(anonymous_7)
FNDA:0,(anonymous_8)
FNDA:0,(anonymous_9)
FNDA:0,(anonymous_10)
FNDA:0,(anonymous_11)
FNDA:0,(anonymous_12)
FNDA:0,(anonymous_13)
FNDA:0,(anonymous_14)
FNDA:0,(anonymous_15)
FNDA:0,(anonymous_16)
DA:4,0
DA:8,0
DA:9,0
DA:10,0
DA:11,0
DA:12,0
DA:13,0
DA:14,0
DA:16,0
DA:18,0
DA:19,0
DA:21,0
DA:26,0
DA:27,0
DA:28,0
DA:30,0
DA:31,0
DA:33,0
DA:34,0
DA:38,0
DA:39,0
DA:41,0
DA:42,0
DA:49,0
DA:52,0
DA:53,0
DA:57,0
DA:58,0
DA:60,0
DA:66,0
DA:67,0
DA:68,0
DA:71,0
DA:75,0
DA:80,0
DA:81,0
DA:85,0
DA:86,0
DA:91,0
DA:92,0
DA:100,0
DA:101,0
DA:103,0
DA:104,0
DA:107,0
DA:108,0
DA:111,0
DA:115,0
DA:117,0
DA:118,0
DA:120,0
DA:121,0
DA:123,0
DA:124,0
DA:128,0
DA:131,0
DA:133,0
DA:136,0
DA:157,0
DA:160,0
DA:172,0
DA:173,0
DA:175,0
DA:176,0
DA:179,0
DA:181,0
DA:184,0
DA:197,0
DA:198,0
DA:199,0
DA:201,0
LF:71
LH:0
BRDA:6,0,0,0
BRDA:18,1,0,0
BRDA:18,1,1,0
BRDA:18,2,0,0
BRDA:18,2,1,0
BRDA:30,3,0,0
BRDA:30,3,1,0
BRDA:39,4,0,0
BRDA:39,4,1,0
BRDA:53,5,0,0
BRDA:53,5,1,0
BRDA:54,6,0,0
BRDA:54,6,1,0
BRDA:81,7,0,0
BRDA:81,7,1,0
BRDA:82,8,0,0
BRDA:82,8,1,0
BRDA:103,9,0,0
BRDA:103,9,1,0
BRDA:107,10,0,0
BRDA:107,10,1,0
BRDA:111,11,0,0
BRDA:111,11,1,0
BRDA:112,12,0,0
BRDA:112,12,1,0
BRDA:117,13,0,0
BRDA:117,13,1,0
BRDA:120,14,0,0
BRDA:120,14,1,0
BRDA:123,15,0,0
BRDA:123,15,1,0
BRDA:148,16,0,0
BRDA:148,16,1,0
BRDA:154,17,0,0
BRDA:154,17,1,0
BRDA:154,17,2,0
BRDA:198,18,0,0
BRDA:198,18,1,0
BRDA:198,19,0,0
BRDA:198,19,1,0
BRDA:198,19,2,0
BRF:41
BRH:0
end_of_record
TN:
SF:src\components\features\addresses\index.js
FNF:0
FNH:0
LF:0
LH:0
BRF:0
BRH:0
end_of_record
TN:
SF:src\components\features\addresses\useAddresses.js
FN:4,(anonymous_0)
FN:10,(anonymous_1)
FN:18,(anonymous_2)
FN:22,(anonymous_3)
FN:36,(anonymous_4)
FN:46,(anonymous_5)
FN:62,(anonymous_6)
FN:78,(anonymous_7)
FN:93,(anonymous_8)
FN:103,(anonymous_9)
FNF:10
FNH:0
FNDA:0,(anonymous_0)
FNDA:0,(anonymous_1)
FNDA:0,(anonymous_2)
FNDA:0,(anonymous_3)
FNDA:0,(anonymous_4)
FNDA:0,(anonymous_5)
FNDA:0,(anonymous_6)
FNDA:0,(anonymous_7)
FNDA:0,(anonymous_8)
FNDA:0,(anonymous_9)
DA:4,0
DA:5,0
DA:6,0
DA:7,0
DA:8,0
DA:10,0
DA:11,0
DA:12,0
DA:14,0
DA:16,0
DA:17,0
DA:18,0
DA:19,0
DA:22,0
DA:23,0
DA:25,0
DA:26,0
DA:29,0
DA:30,0
DA:32,0
DA:36,0
DA:37,0
DA:38,0
DA:39,0
DA:41,0
DA:42,0
DA:46,0
DA:47,0
DA:48,0
DA:50,0
DA:51,0
DA:52,0
DA:53,0
DA:55,0
DA:56,0
DA:58,0
DA:62,0
DA:63,0
DA:64,0
DA:66,0
DA:67,0
DA:68,0
DA:69,0
DA:71,0
DA:72,0
DA:74,0
DA:78,0
DA:79,0
DA:80,0
DA:82,0
DA:83,0
DA:84,0
DA:86,0
DA:87,0
DA:89,0
DA:93,0
DA:94,0
DA:95,0
DA:96,0
DA:98,0
DA:99,0
DA:103,0
DA:104,0
DA:107,0
LF:64
LH:0
BRDA:4,0,0,0
BRDA:16,1,0,0
BRDA:16,1,1,0
BRDA:29,2,0,0
BRDA:29,2,1,0
BRDA:55,3,0,0
BRDA:55,3,1,0
BRDA:71,4,0,0
BRDA:71,4,1,0
BRDA:86,5,0,0
BRDA:86,5,1,0
BRDA:98,6,0,0
BRDA:98,6,1,0
BRF:13
BRH:0
end_of_record
TN:
SF:src\components\features\auth\AuthForm.jsx
FN:5,(anonymous_0)
FN:6,(anonymous_1)
FN:8,(anonymous_2)
FN:12,(anonymous_3)
FN:13,(anonymous_4)
FN:16,(anonymous_5)
FN:23,(anonymous_6)
FNF:7
FNH:0
FNDA:0,(anonymous_0)
FNDA:0,(anonymous_1)
FNDA:0,(anonymous_2)
FNDA:0,(anonymous_3)
FNDA:0,(anonymous_4)
FNDA:0,(anonymous_5)
FNDA:0,(anonymous_6)
DA:5,0
DA:6,0
DA:7,0
DA:8,0
DA:9,0
DA:12,0
DA:13,0
DA:16,0
DA:17,0
DA:18,0
DA:21,0
DA:24,0
LF:12
LH:0
BRDA:5,0,0,0
BRDA:8,1,0,0
BRDA:8,1,1,0
BRDA:28,2,0,0
BRDA:28,2,1,0
BRDA:35,3,0,0
BRDA:35,3,1,0
BRDA:37,4,0,0
BRDA:37,4,1,0
BRF:9
BRH:0
end_of_record
TN:
SF:src\components\features\cart\Cart.jsx
FN:10,(anonymous_0)
FN:11,(anonymous_1)
FN:12,(anonymous_2)
FN:25,(anonymous_3)
FN:26,(anonymous_4)
FN:27,(anonymous_5)
FN:28,(anonymous_6)
FN:29,(anonymous_7)
FN:30,(anonymous_8)
FN:31,(anonymous_9)
FN:35,(anonymous_10)
FN:49,(anonymous_11)
FN:65,(anonymous_12)
FN:82,(anonymous_13)
FN:83,(anonymous_14)
FN:87,(anonymous_15)
FN:113,(anonymous_16)
FN:114,(anonymous_17)
FN:118,(anonymous_18)
FN:144,(anonymous_19)
FN:145,(anonymous_20)
FN:148,(anonymous_21)
FNF:22
FNH:0
FNDA:0,(anonymous_0)
FNDA:0,(anonymous_1)
FNDA:0,(anonymous_2)
FNDA:0,(anonymous_3)
FNDA:0,(anonymous_4)
FNDA:0,(anonymous_5)
FNDA:0,(anonymous_6)
FNDA:0,(anonymous_7)
FNDA:0,(anonymous_8)
FNDA:0,(anonymous_9)
FNDA:0,(anonymous_10)
FNDA:0,(anonymous_11)
FNDA:0,(anonymous_12)
FNDA:0,(anonymous_13)
FNDA:0,(anonymous_14)
FNDA:0,(anonymous_15)
FNDA:0,(anonymous_16)
FNDA:0,(anonymous_17)
FNDA:0,(anonymous_18)
FNDA:0,(anonymous_19)
FNDA:0,(anonymous_20)
FNDA:0,(anonymous_21)
DA:10,0
DA:11,0
DA:12,0
DA:14,0
DA:16,0
DA:25,0
DA:26,0
DA:27,0
DA:28,0
DA:29,0
DA:30,0
DA:31,0
DA:33,0
DA:35,0
DA:50,0
DA:66,0
DA:67,0
DA:82,0
DA:83,0
DA:84,0
DA:85,0
DA:87,0
DA:88,0
DA:90,0
DA:91,0
DA:92,0
DA:93,0
DA:94,0
DA:96,0
DA:99,0
DA:101,0
DA:105,0
DA:113,0
DA:114,0
DA:115,0
DA:116,0
DA:118,0
DA:119,0
DA:121,0
DA:122,0
DA:123,0
DA:124,0
DA:125,0
DA:127,0
DA:130,0
DA:132,0
DA:136,0
DA:144,0
DA:145,0
DA:146,0
DA:148,0
DA:149,0
DA:150,0
DA:152,0
DA:153,0
DA:156,0
LF:56
LH:0
BRDA:19,0,0,0
BRDA:19,0,1,0
BRDA:34,1,0,0
BRDA:34,1,1,0
BRDA:35,2,0,0
BRDA:35,2,1,0
BRDA:42,3,0,0
BRDA:42,3,1,0
BRDA:61,4,0,0
BRDA:61,4,1,0
BRDA:61,5,0,0
BRDA:61,5,1,0
BRDA:82,6,0,0
BRDA:82,7,0,0
BRDA:82,8,0,0
BRDA:82,9,0,0
BRDA:82,10,0,0
BRDA:88,11,0,0
BRDA:88,11,1,0
BRDA:93,12,0,0
BRDA:93,12,1,0
BRDA:99,13,0,0
BRDA:99,13,1,0
BRDA:106,14,0,0
BRDA:106,14,1,0
BRDA:107,15,0,0
BRDA:107,15,1,0
BRDA:113,16,0,0
BRDA:113,17,0,0
BRDA:113,18,0,0
BRDA:113,19,0,0
BRDA:113,20,0,0
BRDA:119,21,0,0
BRDA:119,21,1,0
BRDA:124,22,0,0
BRDA:124,22,1,0
BRDA:130,23,0,0
BRDA:130,23,1,0
BRDA:137,24,0,0
BRDA:137,24,1,0
BRDA:138,25,0,0
BRDA:138,25,1,0
BRDA:160,26,0,0
BRDA:160,26,1,0
BRF:44
BRH:0
end_of_record
TN:
SF:src\components\features\cart\CartItem.jsx
FN:5,(anonymous_0)
FN:6,(anonymous_1)
FN:13,(anonymous_2)
FN:106,(anonymous_3)
FN:109,(anonymous_4)
FN:116,(anonymous_5)
FNF:6
FNH:0
FNDA:0,(anonymous_0)
FNDA:0,(anonymous_1)
FNDA:0,(anonymous_2)
FNDA:0,(anonymous_3)
FNDA:0,(anonymous_4)
FNDA:0,(anonymous_5)
DA:5,0
DA:6,0
DA:7,0
DA:8,0
DA:13,0
DA:15,0
DA:25,0
DA:27,0
DA:28,0
DA:29,0
DA:30,0
DA:35,0
DA:36,0
DA:37,0
DA:38,0
DA:42,0
DA:46,0
DA:47,0
DA:50,0
DA:51,0
DA:55,0
DA:56,0
DA:57,0
DA:58,0
DA:62,0
DA:66,0
DA:67,0
DA:68,0
DA:72,0
DA:73,0
DA:77,0
DA:78,0
DA:81,0
DA:89,0
DA:106,0
DA:109,0
DA:116,0
LF:37
LH:0
BRDA:7,0,0,0
BRDA:7,0,1,0
BRDA:25,1,0,0
BRDA:25,1,1,0
BRDA:27,2,0,0
BRDA:27,2,1,0
BRDA:28,3,0,0
BRDA:28,3,1,0
BRDA:35,4,0,0
BRDA:35,4,1,0
BRDA:35,5,0,0
BRDA:35,5,1,0
BRDA:36,6,0,0
BRDA:36,6,1,0
BRDA:46,7,0,0
BRDA:46,7,1,0
BRDA:50,8,0,0
BRDA:50,8,1,0
BRDA:55,9,0,0
BRDA:55,9,1,0
BRDA:55,10,0,0
BRDA:55,10,1,0
BRDA:56,11,0,0
BRDA:56,11,1,0
BRDA:66,12,0,0
BRDA:66,12,1,0
BRDA:92,13,0,0
BRDA:92,13,1,0
BRDA:103,14,0,0
BRDA:103,14,1,0
BRDA:111,15,0,0
BRDA:111,15,1,0
BRDA:123,16,0,0
BRDA:123,16,1,0
BRDA:123,17,0,0
BRDA:123,17,1,0
BRF:36
BRH:0
end_of_record
TN:
SF:src\components\features\cart\index.js
FNF:0
FNH:0
LF:0
LH:0
BRF:0
BRH:0
end_of_record
TN:
SF:src\components\features\checkout\AddressSelector.jsx
FN:6,(anonymous_0)
FN:13,(anonymous_1)
FN:20,(anonymous_2)
FN:25,(anonymous_3)
FN:30,(anonymous_4)
FN:35,(anonymous_5)
FN:41,(anonymous_6)
FN:77,(anonymous_7)
FN:83,(anonymous_8)
FN:90,(anonymous_9)
FN:108,(anonymous_10)
FNF:11
FNH:0
FNDA:0,(anonymous_0)
FNDA:0,(anonymous_1)
FNDA:0,(anonymous_2)
FNDA:0,(anonymous_3)
FNDA:0,(anonymous_4)
FNDA:0,(anonymous_5)
FNDA:0,(anonymous_6)
FNDA:0,(anonymous_7)
FNDA:0,(anonymous_8)
FNDA:0,(anonymous_9)
FNDA:0,(anonymous_10)
DA:6,0
DA:8,0
DA:9,0
DA:10,0
DA:11,0
DA:13,0
DA:14,0
DA:15,0
DA:16,0
DA:20,0
DA:21,0
DA:22,0
DA:25,0
DA:26,0
DA:27,0
DA:30,0
DA:31,0
DA:32,0
DA:35,0
DA:36,0
DA:37,0
DA:38,0
DA:41,0
DA:42,0
DA:43,0
DA:46,0
DA:47,0
DA:50,0
DA:78,0
DA:83,0
DA:90,0
DA:109,0
DA:110,0
LF:33
LH:0
BRDA:6,0,0,0
BRDA:14,1,0,0
BRDA:14,1,1,0
BRDA:46,2,0,0
BRDA:46,2,1,0
BRDA:52,3,0,0
BRDA:52,3,1,0
BRDA:54,4,0,0
BRDA:54,4,1,0
BRDA:65,5,0,0
BRDA:65,5,1,0
BRDA:69,6,0,0
BRDA:69,6,1,0
BRDA:81,7,0,0
BRDA:81,7,1,0
BRDA:96,8,0,0
BRDA:96,8,1,0
BRDA:101,9,0,0
BRDA:101,9,1,0
BRF:19
BRH:0
end_of_record
TN:
SF:src\components\features\products\ProductCard.jsx
FN:4,(anonymous_0)
FN:13,(anonymous_1)
FNF:2
FNH:0
FNDA:0,(anonymous_0)
FNDA:0,(anonymous_1)
DA:4,0
DA:5,0
DA:13,0
LF:3
LH:0
BRDA:4,0,0,0
BRDA:7,1,0,0
BRDA:7,1,1,0
BRDA:12,2,0,0
BRDA:12,2,1,0
BRF:5
BRH:0
end_of_record
TN:
SF:src\components\features\products\ProductGrid.jsx
FN:6,ProductGrid
FN:10,(anonymous_1)
FN:13,(anonymous_2)
FN:18,(anonymous_3)
FN:23,(anonymous_4)
FN:50,(anonymous_5)
FN:59,(anonymous_6)
FN:60,(anonymous_7)
FNF:8
FNH:0
FNDA:0,ProductGrid
FNDA:0,(anonymous_1)
FNDA:0,(anonymous_2)
FNDA:0,(anonymous_3)
FNDA:0,(anonymous_4)
FNDA:0,(anonymous_5)
FNDA:0,(anonymous_6)
FNDA:0,(anonymous_7)
DA:7,0
DA:8,0
DA:10,0
DA:11,0
DA:12,0
DA:14,0
DA:15,0
DA:16,0
DA:17,0
DA:18,0
DA:19,0
DA:20,0
DA:21,0
DA:23,0
DA:26,0
DA:27,0
DA:35,0
DA:36,0
DA:46,0
DA:51,0
DA:59,0
DA:60,0
LF:22
LH:0
BRDA:16,0,0,0
BRDA:16,0,1,0
BRDA:16,1,0,0
BRDA:16,1,1,0
BRDA:16,1,2,0
BRDA:26,2,0,0
BRDA:26,2,1,0
BRDA:35,3,0,0
BRDA:35,3,1,0
BRDA:55,4,0,0
BRDA:55,4,1,0
BRF:11
BRH:0
end_of_record
TN:
SF:src\components\features\products\ProductShowcase.jsx
FN:6,ProductShowcase
FN:15,(anonymous_1)
FN:18,(anonymous_2)
FN:28,(anonymous_3)
FN:34,(anonymous_4)
FN:35,(anonymous_5)
FN:37,(anonymous_6)
FN:41,(anonymous_7)
FN:43,(anonymous_8)
FN:47,(anonymous_9)
FN:48,(anonymous_10)
FN:63,(anonymous_11)
FN:70,(anonymous_12)
FN:158,(anonymous_13)
FNF:14
FNH:0
FNDA:0,ProductShowcase
FNDA:0,(anonymous_1)
FNDA:0,(anonymous_2)
FNDA:0,(anonymous_3)
FNDA:0,(anonymous_4)
FNDA:0,(anonymous_5)
FNDA:0,(anonymous_6)
FNDA:0,(anonymous_7)
FNDA:0,(anonymous_8)
FNDA:0,(anonymous_9)
FNDA:0,(anonymous_10)
FNDA:0,(anonymous_11)
FNDA:0,(anonymous_12)
FNDA:0,(anonymous_13)
DA:7,0
DA:8,0
DA:9,0
DA:10,0
DA:11,0
DA:12,0
DA:13,0
DA:15,0
DA:16,0
DA:17,0
DA:20,0
DA:21,0
DA:22,0
DA:23,0
DA:25,0
DA:29,0
DA:30,0
DA:34,0
DA:35,0
DA:36,0
DA:37,0
DA:41,0
DA:42,0
DA:43,0
DA:44,0
DA:45,0
DA:46,0
DA:47,0
DA:48,0
DA:54,0
DA:55,0
DA:56,0
DA:57,0
DA:58,0
DA:63,0
DA:64,0
DA:66,0
DA:67,0
DA:68,0
DA:70,0
DA:71,0
DA:72,0
DA:73,0
DA:77,0
DA:78,0
DA:81,0
DA:82,0
DA:85,0
DA:86,0
DA:89,0
DA:90,0
DA:92,0
DA:158,0
LF:53
LH:0
BRDA:20,0,0,0
BRDA:20,0,1,0
BRDA:21,1,0,0
BRDA:21,1,1,0
BRDA:42,2,0,0
BRDA:42,2,1,0
BRDA:44,3,0,0
BRDA:44,3,1,0
BRDA:44,4,0,0
BRDA:44,4,1,0
BRDA:56,5,0,0
BRDA:56,5,1,0
BRDA:57,6,0,0
BRDA:57,6,1,0
BRDA:58,7,0,0
BRDA:58,7,1,0
BRDA:64,8,0,0
BRDA:64,8,1,0
BRDA:64,9,0,0
BRDA:64,9,1,0
BRDA:77,10,0,0
BRDA:77,10,1,0
BRDA:81,11,0,0
BRDA:81,11,1,0
BRDA:85,12,0,0
BRDA:85,12,1,0
BRDA:90,13,0,0
BRDA:90,13,1,0
BRDA:96,14,0,0
BRDA:96,14,1,0
BRDA:96,14,2,0
BRDA:98,15,0,0
BRDA:98,15,1,0
BRDA:100,16,0,0
BRDA:100,16,1,0
BRDA:100,17,0,0
BRDA:100,17,1,0
BRDA:101,18,0,0
BRDA:101,18,1,0
BRDA:108,19,0,0
BRDA:108,19,1,0
BRDA:108,20,0,0
BRDA:108,20,1,0
BRDA:109,21,0,0
BRDA:109,21,1,0
BRDA:116,22,0,0
BRDA:116,22,1,0
BRDA:116,22,2,0
BRDA:120,23,0,0
BRDA:120,23,1,0
BRDA:122,24,0,0
BRDA:122,24,1,0
BRDA:122,25,0,0
BRDA:122,25,1,0
BRDA:123,26,0,0
BRDA:123,26,1,0
BRDA:130,27,0,0
BRDA:130,27,1,0
BRDA:130,28,0,0
BRDA:130,28,1,0
BRDA:131,29,0,0
BRDA:131,29,1,0
BRDA:138,30,0,0
BRDA:138,30,1,0
BRDA:140,31,0,0
BRDA:140,31,1,0
BRDA:140,32,0,0
BRDA:140,32,1,0
BRDA:141,33,0,0
BRDA:141,33,1,0
BRDA:148,34,0,0
BRDA:148,34,1,0
BRDA:148,35,0,0
BRDA:148,35,1,0
BRDA:149,36,0,0
BRDA:149,36,1,0
BRDA:166,37,0,0
BRDA:166,37,1,0
BRF:78
BRH:0
end_of_record
TN:
SF:src\components\features\products\index.js
FNF:0
FNH:0
LF:0
LH:0
BRF:0
BRH:0
end_of_record
TN:
SF:src\components\layout\Footer.jsx
FN:17,Footer
FN:23,(anonymous_1)
FN:29,(anonymous_2)
FN:35,(anonymous_3)
FNF:4
FNH:0
FNDA:0,Footer
FNDA:0,(anonymous_1)
FNDA:0,(anonymous_2)
FNDA:0,(anonymous_3)
DA:4,0
DA:7,0
DA:10,0
DA:18,0
DA:24,0
DA:30,0
DA:36,0
LF:7
LH:0
BRF:0
BRH:0
end_of_record
TN:
SF:src\components\layout\index.js
FNF:0
FNH:0
LF:0
LH:0
BRF:0
BRH:0
end_of_record
TN:
SF:src\components\layout\Header\Header.jsx
FN:10,(anonymous_0)
FN:15,(anonymous_1)
FNF:2
FNH:0
FNDA:0,(anonymous_0)
FNDA:0,(anonymous_1)
DA:10,0
DA:12,0
DA:15,0
DA:17,0
DA:19,0
DA:21,0
DA:26,0
DA:28,0
DA:29,0
DA:30,0
DA:32,0
DA:63,0
DA:65,0
LF:13
LH:0
BRDA:19,0,0,0
BRDA:19,0,1,0
BRDA:21,1,0,0
BRDA:21,1,1,0
BRDA:21,1,2,0
BRDA:26,2,0,0
BRDA:26,2,1,0
BRDA:28,3,0,0
BRDA:28,3,1,0
BRDA:28,3,2,0
BRDA:28,3,3,0
BRDA:34,4,0,0
BRDA:34,4,1,0
BRDA:39,5,0,0
BRDA:39,5,1,0
BRDA:39,6,0,0
BRDA:39,6,1,0
BRDA:39,6,2,0
BRDA:39,6,3,0
BRF:19
BRH:0
end_of_record
TN:
SF:src\components\layout\Header\HeaderCartIcon.jsx
FN:6,(anonymous_0)
FN:10,(anonymous_1)
FN:11,(anonymous_2)
FN:12,(anonymous_3)
FN:15,(anonymous_4)
FN:38,(anonymous_5)
FN:48,(anonymous_6)
FN:50,(anonymous_7)
FN:65,(anonymous_8)
FNF:9
FNH:0
FNDA:0,(anonymous_0)
FNDA:0,(anonymous_1)
FNDA:0,(anonymous_2)
FNDA:0,(anonymous_3)
FNDA:0,(anonymous_4)
FNDA:0,(anonymous_5)
FNDA:0,(anonymous_6)
FNDA:0,(anonymous_7)
FNDA:0,(anonymous_8)
DA:6,0
DA:7,0
DA:8,0
DA:10,0
DA:11,0
DA:12,0
DA:15,0
DA:16,0
DA:18,0
DA:20,0
DA:23,0
DA:24,0
DA:25,0
DA:26,0
DA:27,0
DA:28,0
DA:29,0
DA:30,0
DA:32,0
DA:33,0
DA:38,0
DA:39,0
DA:40,0
DA:41,0
DA:43,0
DA:44,0
DA:45,0
DA:47,0
DA:48,0
DA:50,0
DA:51,0
DA:52,0
DA:56,0
DA:58,0
DA:59,0
DA:62,0
DA:65,0
DA:66,0
DA:67,0
DA:68,0
DA:69,0
DA:75,0
DA:104,0
LF:43
LH:0
BRDA:6,0,0,0
BRDA:18,1,0,0
BRDA:18,1,1,0
BRDA:18,2,0,0
BRDA:18,2,1,0
BRDA:18,2,2,0
BRDA:24,3,0,0
BRDA:24,3,1,0
BRDA:47,4,0,0
BRDA:47,4,1,0
BRDA:47,5,0,0
BRDA:47,5,1,0
BRDA:52,6,0,0
BRDA:52,6,1,0
BRDA:56,7,0,0
BRDA:56,7,1,0
BRDA:68,8,0,0
BRDA:68,8,1,0
BRDA:69,9,0,0
BRDA:69,9,1,0
BRDA:77,10,0,0
BRDA:77,10,1,0
BRDA:87,11,0,0
BRDA:87,11,1,0
BRDA:88,12,0,0
BRDA:88,12,1,0
BRDA:96,13,0,0
BRDA:96,13,1,0
BRDA:98,14,0,0
BRDA:98,14,1,0
BRDA:112,15,0,0
BRDA:112,15,1,0
BRDA:113,16,0,0
BRDA:113,16,1,0
BRDA:117,17,0,0
BRDA:117,17,1,0
BRDA:117,18,0,0
BRDA:117,18,1,0
BRF:38
BRH:0
[...]
BRDA:12,2,0,0
BRDA:12,2,1,0
BRDA:15,3,0,0
BRDA:15,3,1,0
BRDA:26,4,0,0
BRDA:26,4,1,0
BRDA:26,5,0,0
BRDA:26,5,1,0
BRDA:27,6,0,0
BRDA:27,6,1,0
BRDA:28,7,0,0
BRDA:28,7,1,0
BRDA:30,8,0,0
BRDA:30,8,1,0
BRDA:30,9,0,0
BRDA:30,9,1,0
BRDA:30,10,0,0
BRDA:30,10,1,0
BRDA:47,11,0,0
BRDA:47,11,1,0
BRDA:48,12,0,0
BRDA:48,12,1,0
BRDA:51,13,0,0
BRDA:51,13,1,0
BRDA:52,14,0,0
BRDA:52,14,1,0
BRDA:62,15,0,0
BRDA:62,15,1,0
BRDA:65,16,0,0
BRDA:65,16,1,0
BRDA:67,17,0,0
BRDA:67,17,1,0
BRDA:72,18,0,0
BRDA:72,18,1,0
BRDA:72,19,0,0
BRDA:72,19,1,0
BRDA:75,20,0,0
BRDA:75,20,1,0
BRDA:90,21,0,0
BRDA:90,21,1,0
BRDA:90,21,2,0
BRDA:92,22,0,0
BRDA:92,22,1,0
BRDA:102,23,0,0
BRDA:102,23,1,0
BRDA:103,24,0,0
BRDA:103,24,1,0
BRF:50
BRH:0
end_of_record
TN:
SF:src\hooks\useScrollPosition.js
FN:3,(anonymous_0)
FN:6,(anonymous_1)
FN:7,(anonymous_2)
FN:12,(anonymous_3)
FNF:4
FNH:0
FNDA:0,(anonymous_0)
FNDA:0,(anonymous_1)
FNDA:0,(anonymous_2)
FNDA:0,(anonymous_3)
DA:3,0
DA:4,0
DA:6,0
DA:7,0
DA:8,0
DA:10,0
DA:11,0
DA:12,0
DA:15,0
LF:9
LH:0
BRF:0
BRH:0
end_of_record
TN:
SF:src\hooks\useToast.js
FN:3,(anonymous_0)
FN:6,(anonymous_1)
FN:13,(anonymous_2)
FN:19,(anonymous_3)
FN:24,(anonymous_4)
FN:25,(anonymous_5)
FN:26,(anonymous_6)
FN:29,(anonymous_7)
FN:34,(anonymous_8)
FN:38,(anonymous_9)
FN:39,(anonymous_10)
FN:40,(anonymous_11)
FN:41,(anonymous_12)
FN:47,(anonymous_13)
FN:47,(anonymous_14)
FNF:15
FNH:1
FNDA:1,(anonymous_0)
FNDA:0,(anonymous_1)
FNDA:0,(anonymous_2)
FNDA:0,(anonymous_3)
FNDA:0,(anonymous_4)
FNDA:0,(anonymous_5)
FNDA:0,(anonymous_6)
FNDA:0,(anonymous_7)
FNDA:0,(anonymous_8)
FNDA:0,(anonymous_9)
FNDA:0,(anonymous_10)
FNDA:0,(anonymous_11)
FNDA:0,(anonymous_12)
FNDA:0,(anonymous_13)
FNDA:0,(anonymous_14)
DA:3,1
DA:7,0
DA:8,0
DA:9,0
DA:11,0
DA:13,0
DA:19,0
DA:20,0
DA:21,0
DA:25,0
DA:26,0
DA:30,0
DA:34,1
DA:35,0
DA:37,0
DA:38,0
DA:39,0
DA:40,0
DA:41,0
DA:47,1
LF:20
LH:3
BRDA:6,0,0,0
BRDA:6,1,0,0
BRF:2
BRH:0
end_of_record
TN:
SF:src\pages\AddressesPage.jsx
FN:7,(anonymous_0)
FN:13,(anonymous_1)
FN:18,(anonymous_2)
FN:23,(anonymous_3)
FN:26,(anonymous_4)
FN:29,(anonymous_5)
FN:52,(anonymous_6)
FN:58,(anonymous_7)
FNF:8
FNH:0
FNDA:0,(anonymous_0)
FNDA:0,(anonymous_1)
FNDA:0,(anonymous_2)
FNDA:0,(anonymous_3)
FNDA:0,(anonymous_4)
FNDA:0,(anonymous_5)
FNDA:0,(anonymous_6)
FNDA:0,(anonymous_7)
DA:7,0
DA:8,0
DA:9,0
DA:10,0
DA:11,0
DA:13,0
DA:14,0
DA:15,0
DA:18,0
DA:19,0
DA:20,0
DA:23,0
DA:24,0
DA:25,0
DA:26,0
DA:29,0
DA:30,0
DA:31,0
DA:34,0
DA:52,0
DA:58,0
LF:21
LH:0
BRDA:51,0,0,0
BRDA:51,0,1,0
BRDA:57,1,0,0
BRDA:57,1,1,0
BRDA:65,2,0,0
BRDA:65,2,1,0
BRDA:74,3,0,0
BRDA:74,3,1,0
BRDA:81,4,0,0
BRDA:81,4,1,0
BRF:10
BRH:0
end_of_record
TN:
SF:src\pages\CheckoutPage.jsx
FN:12,(anonymous_0)
FN:15,(anonymous_1)
FN:16,(anonymous_2)
FN:17,(anonymous_3)
FN:42,(anonymous_4)
FN:75,(anonymous_5)
FN:79,(anonymous_6)
FN:96,(anonymous_7)
FN:109,(anonymous_8)
FN:110,(anonymous_9)
FN:128,(anonymous_10)
FN:145,(anonymous_11)
FN:166,(anonymous_12)
FN:167,(anonymous_13)
FN:201,(anonymous_14)
FN:255,(anonymous_15)
FN:311,(anonymous_16)
FN:315,(anonymous_17)
FN:559,(anonymous_18)
FNF:19
FNH:0
FNDA:0,(anonymous_0)
FNDA:0,(anonymous_1)
FNDA:0,(anonymous_2)
FNDA:0,(anonymous_3)
FNDA:0,(anonymous_4)
FNDA:0,(anonymous_5)
FNDA:0,(anonymous_6)
FNDA:0,(anonymous_7)
FNDA:0,(anonymous_8)
FNDA:0,(anonymous_9)
FNDA:0,(anonymous_10)
FNDA:0,(anonymous_11)
FNDA:0,(anonymous_12)
FNDA:0,(anonymous_13)
FNDA:0,(anonymous_14)
FNDA:0,(anonymous_15)
FNDA:0,(anonymous_16)
FNDA:0,(anonymous_17)
FNDA:0,(anonymous_18)
DA:12,1
DA:13,0
DA:14,0
DA:15,0
DA:16,0
DA:17,0
DA:19,0
DA:20,0
DA:21,0
DA:23,0
DA:42,0
DA:43,0
DA:44,0
DA:45,0
DA:46,0
DA:48,0
DA:49,0
DA:50,0
DA:53,0
DA:54,0
DA:55,0
DA:57,0
DA:59,0
DA:60,0
DA:61,0
DA:63,0
DA:66,0
DA:67,0
DA:68,0
DA:71,0
DA:75,0
DA:76,0
DA:77,0
DA:78,0
DA:79,0
DA:91,0
DA:96,0
DA:97,0
DA:98,0
DA:99,0
DA:100,0
DA:102,0
DA:103,0
DA:104,0
DA:105,0
DA:109,0
DA:110,0
DA:112,0
DA:113,0
DA:114,0
DA:115,0
DA:116,0
DA:119,0
DA:122,0
DA:123,0
DA:128,0
DA:129,0
DA:130,0
DA:131,0
DA:132,0
DA:133,0
DA:135,0
DA:137,0
DA:138,0
DA:139,0
DA:140,0
DA:141,0
DA:145,0
DA:146,0
DA:148,0
DA:149,0
DA:150,0
DA:158,0
DA:166,0
DA:167,0
DA:168,0
DA:170,0
DA:171,0
DA:172,0
DA:180,0
DA:181,0
DA:182,0
DA:183,0
DA:186,0
DA:197,0
DA:198,0
DA:201,0
DA:202,0
DA:206,0
DA:208,0
DA:210,0
DA:212,0
DA:214,0
DA:216,0
DA:218,0
DA:220,0
DA:222,0
DA:224,0
DA:227,0
DA:230,0
DA:231,0
DA:242,0
DA:255,0
DA:256,0
DA:257,0
DA:259,0
DA:261,0
DA:274,0
DA:275,0
DA:278,0
DA:280,0
DA:283,0
DA:285,0
DA:288,0
DA:290,0
DA:291,0
DA:293,0
DA:297,0
DA:311,0
DA:316,0
DA:560,0
DA:561,0
DA:563,0
LF:123
LH:1
BRDA:46,0,0,0
BRDA:46,0,1,0
BRDA:48,1,0,0
BRDA:48,1,1,0
BRDA:57,2,0,0
BRDA:57,2,1,0
BRDA:59,3,0,0
BRDA:59,3,1,0
BRDA:59,4,0,0
BRDA:59,4,1,0
BRDA:78,5,0,0
BRDA:78,5,1,0
BRDA:83,6,0,0
BRDA:83,6,1,0
BRDA:84,7,0,0
BRDA:84,7,1,0
BRDA:85,8,0,0
BRDA:85,8,1,0
BRDA:86,9,0,0
BRDA:86,9,1,0
BRDA:102,10,0,0
BRDA:102,10,1,0
BRDA:102,11,0,0
BRDA:102,11,1,0
BRDA:109,12,0,0
BRDA:109,12,1,0
BRDA:110,13,0,0
BRDA:110,13,1,0
BRDA:112,14,0,0
BRDA:112,14,1,0
BRDA:115,15,0,0
BRDA:115,15,1,0
BRDA:130,16,0,0
BRDA:130,16,1,0
BRDA:148,17,0,0
BRDA:148,17,1,0
BRDA:168,18,0,0
BRDA:168,18,1,0
BRDA:180,19,0,0
BRDA:180,19,1,0
BRDA:180,20,0,0
BRDA:180,20,1,0
BRDA:180,21,0,0
BRDA:180,21,1,0
BRDA:182,22,0,0
BRDA:182,22,1,0
BRDA:183,23,0,0
BRDA:183,23,1,0
BRDA:189,24,0,0
BRDA:189,24,1,0
BRDA:190,25,0,0
BRDA:190,25,1,0
BRDA:191,26,0,0
BRDA:191,26,1,0
BRDA:192,27,0,0
BRDA:192,27,1,0
BRDA:193,28,0,0
BRDA:193,28,1,0
BRDA:197,29,0,0
BRDA:197,29,1,0
BRDA:206,30,0,0
BRDA:206,30,1,0
BRDA:210,31,0,0
BRDA:210,31,1,0
BRDA:214,32,0,0
BRDA:214,32,1,0
BRDA:218,33,0,0
BRDA:218,33,1,0
BRDA:222,34,0,0
BRDA:222,34,1,0
BRDA:238,35,0,0
BRDA:238,35,1,0
BRDA:248,36,0,0
BRDA:248,36,1,0
BRDA:274,37,0,0
BRDA:274,37,1,0
BRDA:291,38,0,0
BRDA:291,38,1,0
BRDA:291,38,2,0
BRDA:317,39,0,0
BRDA:317,39,1,0
BRDA:317,40,0,0
BRDA:317,40,1,0
BRDA:317,41,0,0
BRDA:317,41,1,0
BRDA:318,42,0,0
BRDA:318,42,1,0
BRDA:319,43,0,0
BRDA:319,43,1,0
BRDA:319,44,0,0
BRDA:319,44,1,0
BRDA:319,45,0,0
BRDA:319,45,1,0
BRDA:319,46,0,0
BRDA:319,46,1,0
BRDA:552,47,0,0
BRDA:552,47,1,0
BRDA:565,48,0,0
BRDA:565,48,1,0
BRDA:572,49,0,0
BRDA:572,49,1,0
BRDA:575,50,0,0
BRDA:575,50,1,0
BRDA:575,51,0,0
BRDA:575,51,1,0
BRDA:584,52,0,0
BRDA:584,52,1,0
BRDA:588,53,0,0
BRDA:588,53,1,0
BRDA:593,54,0,0
BRDA:593,54,1,0
BRDA:593,55,0,0
BRDA:593,55,1,0
BRF:113
BRH:0
end_of_record
TN:
SF:src\pages\CollectionDetailPage.jsx
FN:5,(anonymous_0)
FN:12,(anonymous_1)
FN:13,(anonymous_2)
FN:136,(anonymous_3)
FN:140,(anonymous_4)
FN:157,(anonymous_5)
FN:163,(anonymous_6)
FNF:7
FNH:0
FNDA:0,(anonymous_0)
FNDA:0,(anonymous_1)
FNDA:0,(anonymous_2)
FNDA:0,(anonymous_3)
FNDA:0,(anonymous_4)
FNDA:0,(anonymous_5)
FNDA:0,(anonymous_6)
DA:5,0
DA:6,0
DA:7,0
DA:8,0
DA:9,0
DA:10,0
DA:12,0
DA:13,0
DA:14,0
DA:15,0
DA:16,0
DA:17,0
DA:18,0
DA:20,0
DA:21,0
DA:23,0
DA:24,0
DA:27,0
DA:29,0
DA:33,0
DA:36,0
DA:37,0
DA:49,0
DA:50,0
DA:65,0
DA:66,0
DA:80,0
DA:137,0
DA:140,0
DA:158,0
DA:163,0
LF:31
LH:0
BRDA:17,0,0,0
BRDA:17,0,1,0
BRDA:23,1,0,0
BRDA:23,1,1,0
BRDA:23,2,0,0
BRDA:23,2,1,0
BRDA:36,3,0,0
BRDA:36,3,1,0
BRDA:49,4,0,0
BRDA:49,4,1,0
BRDA:65,5,0,0
BRDA:65,5,1,0
BRDA:95,6,0,0
BRDA:95,6,1,0
BRDA:99,7,0,0
BRDA:99,7,1,0
BRDA:108,8,0,0
BRDA:108,8,1,0
BRDA:119,9,0,0
BRDA:119,9,1,0
BRDA:119,10,0,0
BRDA:119,10,1,0
BRDA:123,11,0,0
BRDA:123,11,1,0
BRDA:126,12,0,0
BRDA:126,12,1,0
BRDA:133,13,0,0
BRDA:133,13,1,0
BRDA:139,14,0,0
BRDA:139,14,1,0
BRDA:143,15,0,0
BRDA:143,15,1,0
BRDA:144,16,0,0
BRDA:144,16,1,0
BRDA:153,17,0,0
BRDA:153,17,1,0
BRDA:161,18,0,0
BRDA:161,18,1,0
BRDA:181,19,0,0
BRDA:181,19,1,0
BRDA:183,20,0,0
BRDA:183,20,1,0
BRF:42
BRH:0
end_of_record
TN:
SF:src\pages\CollectionsPage.jsx
FN:5,(anonymous_0)
FN:11,(anonymous_1)
FN:12,(anonymous_2)
FN:67,(anonymous_3)
FN:89,(anonymous_4)
FN:95,(anonymous_5)
FN:130,(anonymous_6)
FNF:7
FNH:0
FNDA:0,(anonymous_0)
FNDA:0,(anonymous_1)
FNDA:0,(anonymous_2)
FNDA:0,(anonymous_3)
FNDA:0,(anonymous_4)
FNDA:0,(anonymous_5)
FNDA:0,(anonymous_6)
DA:5,0
DA:6,0
DA:7,0
DA:8,0
DA:9,0
DA:11,0
DA:12,0
DA:13,0
DA:14,0
DA:15,0
DA:16,0
DA:17,0
DA:19,0
DA:20,0
DA:21,0
DA:23,0
DA:24,0
DA:27,0
DA:29,0
DA:33,0
DA:36,0
DA:37,0
DA:54,0
DA:55,0
DA:67,0
DA:79,0
DA:90,0
DA:95,0
DA:131,0
LF:29
LH:0
BRDA:16,0,0,0
BRDA:16,0,1,0
BRDA:20,1,0,0
BRDA:20,1,1,0
BRDA:20,1,2,0
BRDA:23,2,0,0
BRDA:23,2,1,0
BRDA:36,3,0,0
BRDA:36,3,1,0
BRDA:54,4,0,0
BRDA:54,4,1,0
BRDA:85,5,0,0
BRDA:85,5,1,0
BRDA:93,6,0,0
BRDA:93,6,1,0
BRDA:106,7,0,0
BRDA:106,7,1,0
BRDA:110,8,0,0
BRDA:110,8,1,0
BRDA:116,9,0,0
BRDA:116,9,1,0
BRDA:127,10,0,0
BRDA:127,10,1,0
BRDA:127,11,0,0
BRDA:127,11,1,0
BRDA:134,12,0,0
BRDA:134,12,1,0
BRDA:136,13,0,0
BRDA:136,13,1,0
BRDA:143,14,0,0
BRDA:143,14,1,0
BRDA:147,15,0,0
BRDA:147,15,1,0
BRF:33
BRH:0
end_of_record
TN:
SF:src\pages\DetailPage.jsx
FN:7,(anonymous_0)
FN:11,(anonymous_1)
FN:13,(anonymous_2)
FN:18,(anonymous_3)
FN:52,(anonymous_4)
FN:56,(anonymous_5)
FN:68,(anonymous_6)
FN:68,(anonymous_7)
FN:72,(anonymous_8)
FN:92,(anonymous_9)
FNF:10
FNH:0
FNDA:0,(anonymous_0)
FNDA:0,(anonymous_1)
FNDA:0,(anonymous_2)
FNDA:0,(anonymous_3)
FNDA:0,(anonymous_4)
FNDA:0,(anonymous_5)
FNDA:0,(anonymous_6)
FNDA:0,(anonymous_7)
FNDA:0,(anonymous_8)
FNDA:0,(anonymous_9)
DA:5,0
DA:7,0
DA:8,0
DA:9,0
DA:11,0
DA:12,0
DA:13,0
DA:14,0
DA:18,0
DA:19,0
DA:20,0
DA:23,0
DA:26,0
DA:28,0
DA:29,0
DA:33,0
DA:53,0
DA:56,0
DA:68,0
DA:69,0
DA:72,0
DA:93,0
LF:22
LH:0
BRDA:12,0,0,0
BRDA:12,0,1,0
BRDA:12,1,0,0
BRDA:12,1,1,0
BRDA:12,1,2,0
BRDA:13,2,0,0
BRDA:13,2,1,0
BRDA:13,3,0,0
BRDA:13,3,1,0
BRDA:23,4,0,0
BRDA:23,4,1,0
BRDA:26,5,0,0
BRDA:26,5,1,0
BRDA:28,6,0,0
BRDA:28,6,1,0
BRDA:29,7,0,0
BRDA:29,7,1,0
BRDA:40,8,0,0
BRDA:40,8,1,0
BRDA:48,9,0,0
BRDA:48,9,1,0
BRDA:48,9,2,0
BRDA:55,10,0,0
BRDA:55,10,1,0
BRDA:55,11,0,0
BRDA:55,11,1,0
BRDA:55,12,0,0
BRDA:55,12,1,0
BRDA:57,13,0,0
BRDA:57,13,1,0
BRDA:71,14,0,0
BRDA:71,14,1,0
BRDA:73,15,0,0
BRDA:73,15,1,0
BRDA:73,15,2,0
BRDA:84,16,0,0
BRDA:84,16,1,0
BRDA:84,16,2,0
BRDA:86,17,0,0
BRDA:86,17,1,0
BRDA:86,18,0,0
BRDA:86,18,1,0
BRDA:86,18,2,0
BRDA:86,19,0,0
BRDA:86,19,1,0
BRDA:93,20,0,0
BRDA:93,20,1,0
BRF:47
BRH:0
end_of_record
TN:
SF:src\pages\HomePage.jsx
FN:6,HomePage
FNF:1
FNH:0
FNDA:0,HomePage
DA:7,0
LF:1
LH:0
BRF:0
BRH:0
end_of_record
TN:
SF:src\pages\OrderConfirmationPage.jsx
FN:6,(anonymous_0)
FN:12,(anonymous_1)
FN:13,(anonymous_2)
FN:106,(anonymous_3)
FN:153,getStatusText
FN:164,getPaymentStatusText
FN:174,getPaymentMethodText
FN:182,getShippingMethodText
FNF:8
FNH:0
FNDA:0,(anonymous_0)
FNDA:0,(anonymous_1)
FNDA:0,(anonymous_2)
FNDA:0,(anonymous_3)
FNDA:0,getStatusText
FNDA:0,getPaymentStatusText
FNDA:0,getPaymentMethodText
FNDA:0,getShippingMethodText
DA:6,0
DA:7,0
DA:8,0
DA:9,0
DA:10,0
DA:12,0
DA:13,0
DA:14,0
DA:15,0
DA:16,0
DA:18,0
DA:19,0
DA:21,0
DA:25,0
DA:28,0
DA:29,0
DA:37,0
DA:38,0
DA:47,0
DA:107,0
DA:154,0
DA:161,0
DA:165,0
DA:171,0
DA:175,0
DA:179,0
DA:183,0
DA:187,0
LF:28
LH:0
BRDA:28,0,0,0
BRDA:28,0,1,0
BRDA:37,1,0,0
BRDA:37,1,1,0
BRDA:58,2,0,0
BRDA:58,2,1,0
BRDA:64,3,0,0
BRDA:64,3,1,0
BRDA:110,4,0,0
BRDA:110,4,1,0
BRDA:113,5,0,0
BRDA:113,5,1,0
BRDA:113,6,0,0
BRDA:113,6,1,0
BRDA:121,7,0,0
BRDA:121,7,1,0
BRDA:125,8,0,0
BRDA:125,8,1,0
BRDA:127,9,0,0
BRDA:127,9,1,0
BRDA:130,10,0,0
BRDA:130,10,1,0
BRDA:135,11,0,0
BRDA:135,11,1,0
BRDA:161,12,0,0
BRDA:161,12,1,0
BRDA:171,13,0,0
BRDA:171,13,1,0
BRDA:179,14,0,0
BRDA:179,14,1,0
BRDA:187,15,0,0
BRDA:187,15,1,0
BRF:32
BRH:0
end_of_record
TN:
SF:src\pages\PreorderDetailPage.jsx
FN:5,(anonymous_0)
FN:10,(anonymous_1)
FN:11,(anonymous_2)
FNF:3
FNH:0
FNDA:0,(anonymous_0)
FNDA:0,(anonymous_1)
FNDA:0,(anonymous_2)
DA:5,0
DA:6,0
DA:7,0
DA:8,0
DA:10,0
DA:11,0
DA:12,0
DA:13,0
DA:14,0
DA:15,0
DA:16,0
DA:17,0
DA:18,0
DA:20,0
DA:23,0
DA:26,0
DA:27,0
DA:29,0
LF:18
LH:0
BRDA:15,0,0,0
BRDA:15,0,1,0
BRDA:26,1,0,0
BRDA:26,1,1,0
BRDA:27,2,0,0
BRDA:27,2,1,0
BRF:6
BRH:0
end_of_record
TN:
SF:src\pages\ProductDetailPage.jsx
FN:5,(anonymous_0)
FN:10,(anonymous_1)
FN:11,(anonymous_2)
FNF:3
FNH:0
FNDA:0,(anonymous_0)
FNDA:0,(anonymous_1)
FNDA:0,(anonymous_2)
DA:5,0
DA:6,0
DA:7,0
DA:8,0
DA:10,0
DA:11,0
DA:12,0
DA:13,0
DA:14,0
DA:21,0
DA:22,0
DA:23,0
DA:24,0
DA:26,0
DA:29,0
DA:32,0
DA:33,0
DA:35,0
LF:18
LH:0
BRDA:21,0,0,0
BRDA:21,0,1,0
BRDA:23,1,0,0
BRDA:23,1,1,0
BRDA:32,2,0,0
BRDA:32,2,1,0
BRDA:33,3,0,0
BRDA:33,3,1,0
BRF:8
BRH:0
end_of_record
TN:
SF:src\pages\index.js
FNF:0
FNH:0
LF:0
LH:0
BRF:0
BRH:0
end_of_record
TN:
SF:src\store\cartStore.js
FN:27,(anonymous_0)
FN:36,(anonymous_1)
FN:38,(anonymous_2)
FN:46,(anonymous_3)
FN:51,(anonymous_4)
FN:54,(anonymous_5)
FN:59,(anonymous_6)
FN:65,(anonymous_7)
FN:75,(anonymous_8)
FN:77,(anonymous_9)
FN:85,(anonymous_10)
FN:94,(anonymous_11)
FN:96,(anonymous_12)
FN:104,(anonymous_13)
FN:113,(anonymous_14)
FN:115,(anonymous_15)
FN:122,(anonymous_16)
FN:135,(anonymous_17)
FN:137,(anonymous_18)
FN:144,(anonymous_19)
FN:157,(anonymous_20)
FN:159,(anonymous_21)
FN:163,(anonymous_22)
FN:171,(anonymous_23)
FN:179,(anonymous_24)
FN:179,(anonymous_25)
FN:182,(anonymous_26)
FN:182,(anonymous_27)
FNF:28
FNH:28
FNDA:2,(anonymous_0)
FNDA:12,(anonymous_1)
FNDA:12,(anonymous_2)
FNDA:10,(anonymous_3)
FNDA:2,(anonymous_4)
FNDA:2,(anonymous_5)
FNDA:2,(anonymous_6)
FNDA:1,(anonymous_7)
FNDA:4,(anonymous_8)
FNDA:4,(anonymous_9)
FNDA:2,(anonymous_10)
FNDA:2,(anonymous_11)
FNDA:2,(anonymous_12)
FNDA:1,(anonymous_13)
FNDA:3,(anonymous_14)
FNDA:3,(anonymous_15)
FNDA:2,(anonymous_16)
FNDA:3,(anonymous_17)
FNDA:3,(anonymous_18)
FNDA:2,(anonymous_19)
FNDA:2,(anonymous_20)
FNDA:2,(anonymous_21)
FNDA:1,(anonymous_22)
FNDA:1,(anonymous_23)
FNDA:2,(anonymous_24)
FNDA:2,(anonymous_25)
FNDA:1,(anonymous_26)
FNDA:1,(anonymous_27)
DA:7,2
DA:24,2
DA:27,2
DA:37,12
DA:38,12
DA:39,12
DA:40,12
DA:43,12
DA:44,12
DA:45,10
DA:46,10
DA:47,10
DA:48,10
DA:49,10
DA:51,2
DA:52,10
DA:54,2
DA:55,10
DA:58,2
DA:59,2
DA:60,2
DA:61,2
DA:64,2
DA:65,1
DA:66,1
DA:67,1
DA:68,1
DA:76,4
DA:77,4
DA:79,4
DA:80,4
DA:81,2
DA:82,2
DA:84,2
DA:85,2
DA:86,2
DA:87,2
DA:89,2
DA:95,2
DA:96,2
DA:98,2
DA:99,2
DA:100,1
DA:101,1
DA:103,1
DA:104,1
DA:105,1
DA:106,1
DA:108,1
DA:114,3
DA:115,3
DA:117,3
DA:118,3
DA:119,1
DA:121,2
DA:122,2
DA:123,2
DA:124,2
DA:127,2
DA:128,1
DA:129,1
DA:136,3
DA:137,3
DA:139,3
DA:140,3
DA:141,1
DA:143,2
DA:144,2
DA:145,2
DA:146,2
DA:149,2
DA:150,1
DA:151,1
DA:158,2
DA:159,2
DA:161,2
DA:162,2
DA:163,1
DA:164,1
DA:165,1
DA:166,1
DA:167,1
DA:170,1
DA:171,1
DA:172,1
DA:173,1
DA:179,2
DA:182,1
LF:88
LH:88
BRDA:47,0,0,9
BRDA:47,0,1,1
BRDA:47,1,0,10
BRDA:47,1,1,9
BRDA:49,2,0,8
BRDA:49,2,1,2
BRDA:49,3,0,10
BRDA:49,3,1,9
BRDA:51,4,0,2
BRDA:51,4,1,0
BRDA:52,5,0,8
BRDA:52,5,1,2
BRDA:52,6,0,10
BRDA:52,6,1,9
BRDA:54,7,0,2
BRDA:54,7,1,0
BRDA:54,8,0,2
BRDA:54,8,1,0
BRDA:61,9,0,2
BRDA:61,9,1,0
BRDA:64,10,0,1
BRDA:64,10,1,1
BRDA:75,11,0,0
BRDA:75,12,0,0
BRDA:87,13,0,2
BRDA:87,13,1,1
BRDA:94,14,0,0
BRDA:94,15,0,0
BRDA:106,16,0,1
BRDA:106,16,1,0
BRDA:124,17,0,2
BRDA:124,17,1,0
BRDA:127,18,0,1
BRDA:127,18,1,1
BRDA:146,19,0,2
BRDA:146,19,1,0
BRDA:149,20,0,1
BRDA:149,20,1,1
BRDA:173,21,0,1
BRDA:173,21,1,0
BRF:40
BRH:28
end_of_record
TN:
SF:src\store\productsStore.js
FN:5,(anonymous_0)
FN:12,(anonymous_1)
FNF:2
FNH:0
FNDA:0,(anonymous_0)
FNDA:0,(anonymous_1)
DA:5,0
DA:13,0
DA:14,0
DA:15,0
DA:16,0
DA:18,0
LF:6
LH:0
BRDA:12,0,0,0
BRDA:12,1,0,0
BRDA:16,2,0,0
BRDA:16,2,1,0
BRF:4
BRH:0
end_of_record
TN:
SF:src\store\userStore.js
FN:5,(anonymous_0)
FN:12,(anonymous_1)
FN:22,(anonymous_2)
FN:32,(anonymous_3)
FN:43,(anonymous_4)
FN:49,(anonymous_5)
FN:54,(anonymous_6)
FN:64,(anonymous_7)
FNF:8
FNH:0
FNDA:0,(anonymous_0)
FNDA:0,(anonymous_1)
FNDA:0,(anonymous_2)
FNDA:0,(anonymous_3)
FNDA:0,(anonymous_4)
FNDA:0,(anonymous_5)
FNDA:0,(anonymous_6)
FNDA:0,(anonymous_7)
DA:5,0
DA:13,0
DA:14,0
DA:15,0
DA:16,0
DA:18,0
DA:23,0
DA:24,0
DA:25,0
DA:26,0
DA:28,0
DA:33,0
DA:34,0
DA:35,0
DA:36,0
DA:37,0
DA:39,0
DA:44,0
DA:45,0
DA:46,0
DA:50,0
DA:51,0
DA:55,0
DA:56,0
DA:57,0
DA:58,0
DA:60,0
DA:65,0
DA:66,0
DA:67,0
LF:30
LH:0
BRF:0
BRH:0
end_of_record
TN:
SF:src\styles\AccountPage.js
FNF:0
FNH:0
LF:0
LH:0
BRF:0
BRH:0
end_of_record
TN:
SF:src\utils\cartSession.js
FN:2,(anonymous_0)
FN:11,(anonymous_1)
FN:16,(anonymous_2)
FN:17,(anonymous_3)
FNF:4
FNH:0
FNDA:0,(anonymous_0)
FNDA:0,(anonymous_1)
FNDA:0,(anonymous_2)
FNDA:0,(anonymous_3)
DA:2,11
DA:3,0
DA:4,0
DA:5,0
DA:6,0
DA:8,0
DA:11,11
DA:12,0
DA:16,11
DA:17,0
DA:18,0
DA:19,0
DA:20,0
LF:13
LH:3
BRDA:4,0,0,0
BRDA:4,0,1,0
BRDA:19,1,0,0
BRDA:19,1,1,0
BRF:4
BRH:0
end_of_record
TN:
SF:src\utils\imageUtils.js
FN:6,(anonymous_0)
FN:32,(anonymous_1)
FN:62,(anonymous_2)
FN:85,(anonymous_3)
FNF:4
FNH:4
FNDA:12,(anonymous_0)
FNDA:12,(anonymous_1)
FNDA:7,(anonymous_2)
FNDA:14,(anonymous_3)
DA:6,2
DA:7,12
DA:10,10
DA:11,4
DA:17,6
DA:18,5
DA:24,1
DA:32,2
DA:33,12
DA:35,10
DA:37,10
DA:38,5
DA:42,5
DA:43,5
DA:50,10
DA:51,1
DA:54,9
DA:62,2
DA:63,7
DA:65,5
DA:66,2
DA:70,3
DA:71,2
DA:77,1
DA:85,2
DA:86,14
DA:88,12
LF:27
LH:27
BRDA:7,0,0,2
BRDA:7,0,1,10
BRDA:10,1,0,4
BRDA:10,1,1,6
BRDA:11,2,0,4
BRDA:11,2,1,2
BRDA:11,2,2,1
BRDA:17,3,0,5
BRDA:17,3,1,1
BRDA:18,4,0,5
BRDA:18,4,1,3
BRDA:18,4,2,2
BRDA:18,4,3,1
BRDA:33,5,0,2
BRDA:33,5,1,10
BRDA:37,6,0,5
BRDA:37,6,1,5
BRDA:38,7,0,5
BRDA:38,7,1,3
BRDA:38,7,2,2
BRDA:38,7,3,1
BRDA:42,8,0,5
BRDA:42,8,1,0
BRDA:43,9,0,5
BRDA:43,9,1,2
BRDA:43,9,2,1
BRDA:43,9,3,1
BRDA:50,10,0,1
BRDA:50,10,1,9
BRDA:63,11,0,2
BRDA:63,11,1,5
BRDA:65,12,0,2
BRDA:65,12,1,3
BRDA:66,13,0,2
BRDA:66,13,1,0
BRDA:66,13,2,0
BRDA:66,13,3,0
BRDA:70,14,0,2
BRDA:70,14,1,1
BRDA:71,15,0,2
BRDA:71,15,1,0
BRDA:71,15,2,0
BRDA:71,15,3,0
BRDA:86,16,0,2
BRDA:86,16,1,12
BRDA:88,17,0,12
BRDA:88,17,1,2
BRF:47
BRH:40
end_of_record
TN:
SF:src\utils\logger.js
FN:10,(anonymous_0)
FN:30,(anonymous_1)
FN:41,(anonymous_2)
FN:51,(anonymous_3)
FN:62,(anonymous_4)
FN:73,(anonymous_5)
FN:84,(anonymous_6)
FNF:7
FNH:3
FNDA:3,(anonymous_0)
FNDA:1,(anonymous_1)
FNDA:0,(anonymous_2)
FNDA:0,(anonymous_3)
FNDA:1,(anonymous_4)
FNDA:0,(anonymous_5)
FNDA:0,(anonymous_6)
DA:11,3
DA:18,3
DA:31,1
DA:42,0
DA:43,0
DA:52,0
DA:53,0
DA:63,1
DA:64,0
DA:74,0
DA:75,0
DA:85,0
DA:86,0
DA:91,3
LF:14
LH:5
BRDA:19,0,0,3
BRDA:19,0,1,3
BRDA:31,1,0,1
BRDA:31,1,1,0
BRDA:52,2,0,0
BRDA:52,2,1,0
BRDA:53,3,0,0
BRDA:53,3,1,0
BRDA:63,4,0,0
BRDA:63,4,1,1
BRDA:64,5,0,0
BRDA:64,5,1,0
BRDA:74,6,0,0
BRDA:74,6,1,0
BRDA:75,7,0,0
BRDA:75,7,1,0
BRDA:85,8,0,0
BRDA:85,8,1,0
BRDA:86,9,0,0
BRDA:86,9,1,0
BRF:20
BRH:4
end_of_record
TN:
SF:src\utils\scrollBackgroundToggle.js
FN:8,(anonymous_0)
FN:17,(anonymous_1)
FN:20,(anonymous_2)
FN:26,(anonymous_3)
FN:47,(anonymous_4)
FN:51,(anonymous_5)
FN:53,(anonymous_6)
FN:67,(anonymous_7)
FN:72,(anonymous_8)
FN:86,(anonymous_9)
FN:93,(anonymous_10)
FN:106,(anonymous_11)
FN:119,(anonymous_12)
FN:127,(anonymous_13)
FN:132,(anonymous_14)
FNF:15
FNH:4
FNDA:3,(anonymous_0)
FNDA:3,(anonymous_1)
FNDA:0,(anonymous_2)
FNDA:3,(anonymous_3)
FNDA:3,(anonymous_4)
FNDA:0,(anonymous_5)
FNDA:0,(anonymous_6)
FNDA:0,(anonymous_7)
FNDA:0,(anonymous_8)
FNDA:0,(anonymous_9)
FNDA:0,(anonymous_10)
FNDA:0,(anonymous_11)
FNDA:0,(anonymous_12)
FNDA:0,(anonymous_13)
FNDA:0,(anonymous_14)
DA:9,3
DA:10,3
DA:11,3
DA:12,3
DA:14,3
DA:19,3
DA:20,0
DA:22,3
DA:28,3
DA:30,3
DA:31,0
DA:32,0
DA:36,3
DA:37,3
DA:44,3
DA:49,3
DA:51,3
DA:52,0
DA:53,0
DA:54,0
DA:55,0
DA:57,0
DA:62,3
DA:63,3
DA:66,3
DA:67,3
DA:68,0
DA:73,0
DA:76,0
DA:77,0
DA:81,0
DA:82,0
DA:86,0
DA:87,0
DA:88,0
DA:94,0
DA:96,0
DA:99,0
DA:100,0
DA:103,0
DA:107,0
DA:109,0
DA:112,0
DA:113,0
DA:116,0
DA:119,0
DA:120,0
DA:121,0
DA:128,0
DA:133,0
DA:134,0
DA:138,0
DA:139,0
DA:140,0
DA:141,0
DA:147,3
DA:153,3
DA:154,3
DA:155,3
LF:59
LH:22
BRDA:19,0,0,0
BRDA:19,0,1,3
BRDA:30,1,0,0
BRDA:30,1,1,3
BRDA:52,2,0,0
BRDA:52,2,1,0
BRDA:73,3,0,0
BRDA:73,3,1,0
BRDA:76,4,0,0
BRDA:76,4,1,0
BRDA:76,5,0,0
BRDA:76,5,1,0
BRDA:81,6,0,0
BRDA:81,6,1,0
BRDA:87,7,0,0
BRDA:87,7,1,0
BRDA:94,8,0,0
BRDA:94,8,1,0
BRDA:94,9,0,0
BRDA:94,9,1,0
BRDA:107,10,0,0
BRDA:107,10,1,0
BRDA:107,11,0,0
BRDA:107,11,1,0
BRDA:120,12,0,0
BRDA:120,12,1,0
BRDA:133,13,0,0
BRDA:133,13,1,0
BRDA:138,14,0,0
BRDA:138,14,1,0
BRDA:138,15,0,0
BRDA:138,15,1,0
BRDA:153,16,0,3
BRDA:153,16,1,0
BRF:34
BRH:3
end_of_record
